<?xml version="1.0" encoding="UTF-8"?>
<testsuites name="TestSuite" time="1136" tests="1" failures="1" errors="0">
   <testsuite name="TestSuite" tests="1" failures="1" errors="0" time="1136" timestamp="2020-03-16 08:15:34" hostname="i331477 - localhost" id="Test Suites/TestSuite">
      <properties>
         <property name="deviceName" value=""/>
         <property name="devicePlatform" value=""/>
         <property name="logFolder" value="/Users/i331477/git/S4MicroServiceKatalon/Reports/TestSuite/20200316_081532"/>
         <property name="logFiles" value="/Users/i331477/git/S4MicroServiceKatalon/Reports/TestSuite/20200316_081532/execution0.log"/>
         <property name="attachments" value="/Users/i331477/git/S4MicroServiceKatalon/Reports/TestSuite/20200316_081532/1584326983809.png, /Users/i331477/git/S4MicroServiceKatalon/Reports/TestSuite/20200316_081532/1584326986257.png, /Users/i331477/git/S4MicroServiceKatalon/Reports/TestSuite/20200316_081532/1584327058221.png, /Users/i331477/git/S4MicroServiceKatalon/Reports/TestSuite/20200316_081532/1584327105223.png, /Users/i331477/git/S4MicroServiceKatalon/Reports/TestSuite/20200316_081532/1584327107123.png, /Users/i331477/git/S4MicroServiceKatalon/Reports/TestSuite/20200316_081532/1584327726205.png, /Users/i331477/git/S4MicroServiceKatalon/Reports/TestSuite/20200316_081532/1584327731250.png"/>
         <property name="hostName" value="i331477 - localhost"/>
         <property name="os" value="Mac OS X 64bit"/>
         <property name="katalonVersion" value="6.1.0.1"/>
         <property name="browser" value="Chrome 63.0.3239.132"/>
         <property name="hostAddress" value="127.0.0.1"/>
         <property name="sessionId" value="705f23d7de84a0a864d15a0e43326b5d"/>
         <property name="seleniumVersion" value="3.7.1"/>
         <property name="proxyInformation" value="ProxyInformation{proxyOption=NO_PROXY, proxyServerType=HTTP, password=, proxyServerAddress=, proxyServerPort=0}"/>
         <property name="platform" value="Mac OS X"/>
      </properties>
      <testcase name="Test Cases/DMS/Test_POC/DMSTC-2920_CreateContractFromEventContentWithAPCLot" classname="Test Cases/DMS/Test_POC/DMSTC-2920_CreateContractFromEventContentWithAPCLot" status="FAILED">
         <failure type="FAILED" message="Test Cases/DMS/Test_POC/DMSTC-2920_CreateContractFromEventContentWithAPCLot FAILED.
Reason:
com.kms.katalon.core.exception.StepFailedException: Unable to verify object '//a[@awname='0.3_RITASHORTSTRINGIFZ000003Computed Term::RITASHORTSTRINGIFZ000003:pricingInfoDisplay']' is present
	at com.kms.katalon.core.webui.keyword.internal.WebUIKeywordMain.stepFailed(WebUIKeywordMain.groovy:64)
	at com.kms.katalon.core.webui.keyword.internal.WebUIKeywordMain.runKeyword(WebUIKeywordMain.groovy:26)
	at com.kms.katalon.core.webui.keyword.builtin.VerifyElementPresentKeyword.verifyElementPresent(VerifyElementPresentKeyword.groovy:92)
	at com.kms.katalon.core.webui.keyword.builtin.VerifyElementPresentKeyword.execute(VerifyElementPresentKeyword.groovy:68)
	at com.kms.katalon.core.keyword.internal.KeywordExecutor.executeKeywordForPlatform(KeywordExecutor.groovy:56)
	at com.kms.katalon.core.webui.keyword.WebUiBuiltInKeywords.verifyElementPresent(WebUiBuiltInKeywords.groovy:1418)
	at com.kms.katalon.core.webui.keyword.WebUiBuiltInKeywords$verifyElementPresent$13.call(Unknown Source)
	at DMSTC-2920_CreateContractFromEventContentWithAPCLot.run(DMSTC-2920_CreateContractFromEventContentWithAPCLot:249)
	at com.kms.katalon.core.main.ScriptEngine.run(ScriptEngine.java:194)
	at com.kms.katalon.core.main.ScriptEngine.runScriptAsRawText(ScriptEngine.java:119)
	at com.kms.katalon.core.main.TestCaseExecutor.runScript(TestCaseExecutor.java:331)
	at com.kms.katalon.core.main.TestCaseExecutor.doExecute(TestCaseExecutor.java:322)
	at com.kms.katalon.core.main.TestCaseExecutor.processExecutionPhase(TestCaseExecutor.java:301)
	at com.kms.katalon.core.main.TestCaseExecutor.accessMainPhase(TestCaseExecutor.java:293)
	at com.kms.katalon.core.main.TestCaseExecutor.execute(TestCaseExecutor.java:227)
	at com.kms.katalon.core.main.TestSuiteExecutor.accessTestCaseMainPhase(TestSuiteExecutor.java:129)
	at com.kms.katalon.core.main.TestSuiteExecutor.accessTestSuiteMainPhase(TestSuiteExecutor.java:112)
	at com.kms.katalon.core.main.TestSuiteExecutor.execute(TestSuiteExecutor.java:81)
	at com.kms.katalon.core.main.TestCaseMain.startTestSuite(TestCaseMain.java:157)
	at com.kms.katalon.core.main.TestCaseMain$startTestSuite$0.call(Unknown Source)
	at TempTestSuite1584326733091.run(TempTestSuite1584326733091.groovy:35)
Caused by: com.kms.katalon.core.exception.StepFailedException: com.kms.katalon.core.webui.exception.WebElementNotFoundException: Web element with id: '//a[@awname='0.3_RITASHORTSTRINGIFZ000003Computed Term::RITASHORTSTRINGIFZ000003:pricingInfoDisplay']' located by 'By.xpath: //a[@awname='0.3_RITASHORTSTRINGIFZ000003Computed Term::RITASHORTSTRINGIFZ000003:pricingInfoDisplay']' not found
	at com.kms.katalon.core.webui.keyword.internal.WebUIKeywordMain.stepFailed(WebUIKeywordMain.groovy:64)
	at com.kms.katalon.core.webui.keyword.builtin.VerifyElementPresentKeyword$_verifyElementPresent_closure1.doCall(VerifyElementPresentKeyword.groovy:85)
	at com.kms.katalon.core.webui.keyword.builtin.VerifyElementPresentKeyword$_verifyElementPresent_closure1.call(VerifyElementPresentKeyword.groovy)
	at com.kms.katalon.core.webui.keyword.internal.WebUIKeywordMain.runKeyword(WebUIKeywordMain.groovy:20)
	... 19 more
"/>
         <system-out><![CDATA[2020-03-16 08:15:35 - [TEST_CASE][FAILED] - Test Cases/DMS/Test_POC/DMSTC-2920_CreateContractFromEventContentWithAPCLot: Test Cases/DMS/Test_POC/DMSTC-2920_CreateContractFromEventContentWithAPCLot FAILED.
Reason:
com.kms.katalon.core.exception.StepFailedException: Unable to verify object '//a[@awname='0.3_RITASHORTSTRINGIFZ000003Computed Term::RITASHORTSTRINGIFZ000003:pricingInfoDisplay']' is present
	at com.kms.katalon.core.webui.keyword.internal.WebUIKeywordMain.stepFailed(WebUIKeywordMain.groovy:64)
	at com.kms.katalon.core.webui.keyword.internal.WebUIKeywordMain.runKeyword(WebUIKeywordMain.groovy:26)
	at com.kms.katalon.core.webui.keyword.builtin.VerifyElementPresentKeyword.verifyElementPresent(VerifyElementPresentKeyword.groovy:92)
	at com.kms.katalon.core.webui.keyword.builtin.VerifyElementPresentKeyword.execute(VerifyElementPresentKeyword.groovy:68)
	at com.kms.katalon.core.keyword.internal.KeywordExecutor.executeKeywordForPlatform(KeywordExecutor.groovy:56)
	at com.kms.katalon.core.webui.keyword.WebUiBuiltInKeywords.verifyElementPresent(WebUiBuiltInKeywords.groovy:1418)
	at com.kms.katalon.core.webui.keyword.WebUiBuiltInKeywords$verifyElementPresent$13.call(Unknown Source)
	at DMSTC-2920_CreateContractFromEventContentWithAPCLot.run(DMSTC-2920_CreateContractFromEventContentWithAPCLot:249)
	at com.kms.katalon.core.main.ScriptEngine.run(ScriptEngine.java:194)
	at com.kms.katalon.core.main.ScriptEngine.runScriptAsRawText(ScriptEngine.java:119)
	at com.kms.katalon.core.main.TestCaseExecutor.runScript(TestCaseExecutor.java:331)
	at com.kms.katalon.core.main.TestCaseExecutor.doExecute(TestCaseExecutor.java:322)
	at com.kms.katalon.core.main.TestCaseExecutor.processExecutionPhase(TestCaseExecutor.java:301)
	at com.kms.katalon.core.main.TestCaseExecutor.accessMainPhase(TestCaseExecutor.java:293)
	at com.kms.katalon.core.main.TestCaseExecutor.execute(TestCaseExecutor.java:227)
	at com.kms.katalon.core.main.TestSuiteExecutor.accessTestCaseMainPhase(TestSuiteExecutor.java:129)
	at com.kms.katalon.core.main.TestSuiteExecutor.accessTestSuiteMainPhase(TestSuiteExecutor.java:112)
	at com.kms.katalon.core.main.TestSuiteExecutor.execute(TestSuiteExecutor.java:81)
	at com.kms.katalon.core.main.TestCaseMain.startTestSuite(TestCaseMain.java:157)
	at com.kms.katalon.core.main.TestCaseMain$startTestSuite$0.call(Unknown Source)
	at TempTestSuite1584326733091.run(TempTestSuite1584326733091.groovy:35)
Caused by: com.kms.katalon.core.exception.StepFailedException: com.kms.katalon.core.webui.exception.WebElementNotFoundException: Web element with id: '//a[@awname='0.3_RITASHORTSTRINGIFZ000003Computed Term::RITASHORTSTRINGIFZ000003:pricingInfoDisplay']' located by 'By.xpath: //a[@awname='0.3_RITASHORTSTRINGIFZ000003Computed Term::RITASHORTSTRINGIFZ000003:pricingInfoDisplay']' not found
	at com.kms.katalon.core.webui.keyword.internal.WebUIKeywordMain.stepFailed(WebUIKeywordMain.groovy:64)
	at com.kms.katalon.core.webui.keyword.builtin.VerifyElementPresentKeyword$_verifyElementPresent_closure1.doCall(VerifyElementPresentKeyword.groovy:85)
	at com.kms.katalon.core.webui.keyword.builtin.VerifyElementPresentKeyword$_verifyElementPresent_closure1.call(VerifyElementPresentKeyword.groovy)
	at com.kms.katalon.core.webui.keyword.internal.WebUIKeywordMain.runKeyword(WebUIKeywordMain.groovy:20)
	... 19 more


2020-03-16 08:15:35 - [TEST_STEP][PASSED] - Start listener action : sampleBeforeTestCase: null

2020-03-16 08:15:35 - [TEST_STEP][PASSED] - println(testCaseContext.getTestCaseId()): null

2020-03-16 08:15:35 - [TEST_STEP][PASSED] - println(testCaseContext.getTestCaseVariables()): null

2020-03-16 08:15:35 - [TEST_STEP][PASSED] - fileName = "TestData.xlsx": null

2020-03-16 08:15:35 - [TEST_STEP][PASSED] - fileRelPath = "/Test Files/dms/ExcelValidations/": null

2020-03-16 08:15:35 - [TEST_STEP][PASSED] - sheetName = "Shashi_pricingConditions": null

2020-03-16 08:15:35 - [TEST_STEP][PASSED] - dataTableName = "DataSet7": null

2020-03-16 08:15:35 - [TEST_STEP][PASSED] - columnHeader = "toggles": null

2020-03-16 08:15:35 - [TEST_STEP][PASSED] - APCLOT_LOT = "//tr[@awname='0.3::AWRefreshRegion']": null

2020-03-16 08:15:35 - [TEST_STEP][PASSED] - APCLOT_CHILDITEM_LOC = "//tr[@awname='0.3_0.3.1::AWRefreshRegion']": null

2020-03-16 08:15:35 - [TEST_STEP][PASSED] - APCLINK_LOC = "//a[@awname='0.3_RITASHORTSTRINGIFZ000003Computed Term::RITASHORTSTRINGIFZ000003:pricingInfoDisplay']": null

2020-03-16 08:15:35 - [TEST_STEP][PASSED] - LOT_TERM_APC_PRICE_LOC = "//input[@awname='_DerivedStringValue::PCCostTermView_DerivedStringValue:fieldValue']": null

2020-03-16 08:15:35 - [TEST_STEP][PASSED] - EXPANDLOTBTN = "//a[@awname='_Award_8_4_Award::AWTRowAttributeExpandoColumnRenderer:table.pivotState.toggleDetailAttributesExpanded']//div": null

2020-03-16 08:15:35 - [TEST_STEP][PASSED] - service = baseURL: null

2020-03-16 08:15:35 - [TEST_STEP][PASSED] - realm = realm: null

2020-03-16 08:15:35 - [TEST_STEP][PASSED] - appLoginUrl = service + "/Sourcing/Main?realm=" + realm: null

2020-03-16 08:15:35 - [TEST_STEP][PASSED] - userName = "customersupportadmin": null

2020-03-16 08:15:35 - [TEST_STEP][PASSED] - CW = "ACPContractWithLot_" + System.currentTimeMillis(): null

2020-03-16 08:15:35 - [TEST_STEP][PASSED] - sourcingEvent = sourcingEvent + System.currentTimeMillis(): null

2020-03-16 08:15:35 - [TEST_STEP][PASSED] - callTestCase(findTestCase("DMS/UtilTests/LoginIntoApp"), ["appLoginUrl":appLoginUrl, "userName":userName], STOP_ON_FAILURE): Call Test Case 'Test Cases/DMS/UtilTests/LoginIntoApp' successfully

2020-03-16 08:15:35 - [TEST_CASE][PASSED] - Test Cases/DMS/UtilTests/LoginIntoApp: Test Cases/DMS/UtilTests/LoginIntoApp

2020-03-16 08:15:36 - [TEST_STEP][PASSED] - openBrowser(""): Browser is opened with url: ''

2020-03-16 08:15:36 - [MESSAGE][INFO] - Starting 'Remote' driver

2020-03-16 08:15:36 - [MESSAGE][INFO] - User set preference: ['browserName', 'chrome']

2020-03-16 08:15:36 - [MESSAGE][INFO] - Connecting to remote web server 'http://10.173.0.211:4444/wd/hub' with type 'Selenium'

2020-03-16 08:15:36 - [MESSAGE][INFO] - Action delay is set to 0 seconds

2020-03-16 08:15:39 - [MESSAGE][PASSED] - Browser is opened with url: ''

2020-03-16 08:15:39 - [TEST_STEP][PASSED] - navigateToUrl(appLoginUrl): Navigate to 'https://svcdev7ss.ariba.com/Sourcing/Main?realm=s4SVAll' successfully

2020-03-16 08:15:40 - [MESSAGE][PASSED] - Navigate to 'https://svcdev7ss.ariba.com/Sourcing/Main?realm=s4SVAll' successfully

2020-03-16 08:15:40 - [TEST_STEP][PASSED] - common.util.aribakeywords.aribaClick(findTestObject("Object Repository/a_Test Central")): Element has been clicked

2020-03-16 08:15:41 - [MESSAGE][PASSED] - Object 'Object Repository/a_Test Central' is clickable

2020-03-16 08:15:42 - [MESSAGE][PASSED] - Scroll to object 'Object Repository/a_Test Central' successfully

2020-03-16 08:15:43 - [MESSAGE][PASSED] - Object 'Object Repository/a_Test Central' is visible

2020-03-16 08:15:44 - [MESSAGE][INFO] - Clicking element

2020-03-16 08:15:45 - [MESSAGE][PASSED] - Object: 'Object Repository/a_Test Central' is clicked on

2020-03-16 08:15:46 - [MESSAGE][INFO] - ************* JS EXECUTED ************: true

2020-03-16 08:15:47 - [MESSAGE][PASSED] - Delayed 1 second(s)

2020-03-16 08:15:47 - [MESSAGE][PASSED] - Element has been clicked

2020-03-16 08:15:47 - [TEST_STEP][PASSED] - setText(findTestObject("Object Repository/testcentralpageusername"), userName): Text 'customersupportadmin' is set on object 'Object Repository/testcentralpageusername'

2020-03-16 08:15:49 - [MESSAGE][PASSED] - Text 'customersupportadmin' is set on object 'Object Repository/testcentralpageusername'

2020-03-16 08:15:49 - [TEST_STEP][PASSED] - common.util.aribakeywords.aribaClick(findTestObject("Object Repository/testcentralsetuserbutton")): Element has been clicked

2020-03-16 08:15:50 - [MESSAGE][PASSED] - Object 'Object Repository/testcentralsetuserbutton' is clickable

2020-03-16 08:15:51 - [MESSAGE][PASSED] - Scroll to object 'Object Repository/testcentralsetuserbutton' successfully

2020-03-16 08:15:52 - [MESSAGE][PASSED] - Object 'Object Repository/testcentralsetuserbutton' is visible

2020-03-16 08:15:54 - [MESSAGE][INFO] - Clicking element

2020-03-16 08:15:55 - [MESSAGE][PASSED] - Object: 'Object Repository/testcentralsetuserbutton' is clicked on

2020-03-16 08:15:59 - [MESSAGE][INFO] - ************* JS EXECUTED ************: true

2020-03-16 08:16:00 - [MESSAGE][PASSED] - Delayed 1 second(s)

2020-03-16 08:16:00 - [MESSAGE][PASSED] - Element has been clicked

2020-03-16 08:16:00 - [MESSAGE][PASSED] - Call Test Case 'Test Cases/DMS/UtilTests/LoginIntoApp' successfully

2020-03-16 08:16:00 - [TEST_STEP][PASSED] - sheetName = "Shashi_pricingConditions": null

2020-03-16 08:16:00 - [TEST_STEP][PASSED] - dataTableName = "Dataset8": null

2020-03-16 08:16:00 - [TEST_STEP][PASSED] - toggles = "Toggles": null

2020-03-16 08:16:00 - [TEST_STEP][PASSED] - params = "Parameters": null

2020-03-16 08:16:00 - [TEST_STEP][PASSED] - testData = new sourcing.util.ExcelTestDataUtil(sheetName, dataTableName): null

2020-03-16 08:16:01 - [TEST_STEP][PASSED] - register = new sourcing.util.ExcelToggleParamStoreStrategy(): null

2020-03-16 08:16:01 - [TEST_STEP][PASSED] - registeredToggles = register.registerTogglesAndGetActualToEnable(testData.getTestDataForGivenColumn(toggles)):  ariba.sourcing.util.RetailSourcingFeatures.PrePackAndMixedCasesInContract:set 

2020-03-16 08:16:01 - [MESSAGE][INFO] - DATA FETCHED: 

2020-03-16 08:16:01 - [MESSAGE][INFO] -  ariba.sourcing.util.SourcingEventFeatures.PricingConditionsWithScales:set 

2020-03-16 08:16:01 - [MESSAGE][INFO] -  ariba.sourcing.util.SourcingEventFeatures.FromScalesInPricingCondition:set 

2020-03-16 08:16:01 - [MESSAGE][INFO] -  ariba.collaborate.util.CollaborateFeatures.AppendLineItemsInExistingContract:set 

2020-03-16 08:16:01 - [MESSAGE][INFO] -  ariba.sourcing.util.SourcingEventFeatures.PricingConditionForBasketLot:set 

2020-03-16 08:16:01 - [MESSAGE][INFO] -  ariba.sourcing.util.RetailSourcingFeatures.PrePackAndMixedCases:set 

2020-03-16 08:16:01 - [MESSAGE][INFO] -  ariba.sourcing.util.SourcingEventFeatures.SourcingItemHierarchy:set 

2020-03-16 08:16:01 - [MESSAGE][INFO] -  ariba.sourcing.util.RetailSourcingFeatures.PrePackAndMixedCasesInContract:set 

2020-03-16 08:16:02 - [TEST_STEP][PASSED] - registeredParams = register.registerParametersAndGetActualToEnable(testData.getTestDataForGivenColumn(params)):  Application.ACM.HideAppendOrReplaceCLIDPopUpWindow=false 

2020-03-16 08:16:02 - [MESSAGE][INFO] - DATA FETCHED: 

2020-03-16 08:16:02 - [MESSAGE][INFO] -  Application.AQS.ArticleIntegration.MixedCaseIntegration.Enabled 

2020-03-16 08:16:02 - [MESSAGE][INFO] -  Application.AQS.ArticleIntegration.MixedCases.Enabled 

2020-03-16 08:16:02 - [MESSAGE][INFO] -  Application.ACM.DFSCheckEnabled=false 

2020-03-16 08:16:02 - [MESSAGE][INFO] -  Application.ACM.ContractLineItemsDocument.Enabled=true 

2020-03-16 08:16:02 - [MESSAGE][INFO] -  Application.ACM.HideAppendOrReplaceCLIDPopUpWindow=false 

2020-03-16 08:16:02 - [TEST_STEP][PASSED] - for ([i = 0, i < registeredToggles.size(), (i++)]): null

2020-03-16 08:16:02 - [TEST_STEP][PASSED] - for ([i = 0, i < registeredParams.size(), (i++)]): null

2020-03-16 08:16:02 - [TEST_STEP][PASSED] - callTestCase(findTestCase("DMS/UtilTests/CreateSourcingEvent"), ["sourcingEvent":sourcingEvent, "eventType":eventType, "rfpEventTemplate":rfpEventTemplate, "eventContentFileName":eventContentFileName, ... ], STOP_ON_FAILURE): Call Test Case 'Test Cases/DMS/UtilTests/CreateSourcingEvent' successfully

2020-03-16 08:16:02 - [TEST_CASE][PASSED] - Test Cases/DMS/UtilTests/CreateSourcingEvent: Test Cases/DMS/UtilTests/CreateSourcingEvent

2020-03-16 08:16:02 - [TEST_STEP][PASSED] - common.util.aribakeywords.aribaClick(findTestObject("Object Repository/a_TA..")): Element has been clicked

2020-03-16 08:16:03 - [MESSAGE][PASSED] - Object 'Object Repository/a_TA..' is clickable

2020-03-16 08:16:04 - [MESSAGE][PASSED] - Scroll to object 'Object Repository/a_TA..' successfully

2020-03-16 08:16:05 - [MESSAGE][PASSED] - Object 'Object Repository/a_TA..' is visible

2020-03-16 08:16:06 - [MESSAGE][INFO] - Clicking element

2020-03-16 08:16:08 - [MESSAGE][PASSED] - Object: 'Object Repository/a_TA..' is clicked on

2020-03-16 08:16:09 - [MESSAGE][INFO] - ************* JS EXECUTED ************: true

2020-03-16 08:16:10 - [MESSAGE][PASSED] - Delayed 1 second(s)

2020-03-16 08:16:10 - [MESSAGE][PASSED] - Element has been clicked

2020-03-16 08:16:10 - [TEST_STEP][PASSED] - common.util.aribakeywords.aribaClick(findTestObject("Object Repository/testCentral")): Element has been clicked

2020-03-16 08:16:11 - [MESSAGE][PASSED] - Object 'Object Repository/testCentral' is clickable

2020-03-16 08:16:12 - [MESSAGE][PASSED] - Scroll to object 'Object Repository/testCentral' successfully

2020-03-16 08:16:13 - [MESSAGE][PASSED] - Object 'Object Repository/testCentral' is visible

2020-03-16 08:16:14 - [MESSAGE][INFO] - Clicking element

2020-03-16 08:16:16 - [MESSAGE][PASSED] - Object: 'Object Repository/testCentral' is clicked on

2020-03-16 08:16:16 - [MESSAGE][INFO] - ************* JS EXECUTED ************: true

2020-03-16 08:16:17 - [MESSAGE][PASSED] - Delayed 1 second(s)

2020-03-16 08:16:17 - [MESSAGE][PASSED] - Element has been clicked

2020-03-16 08:16:17 - [TEST_STEP][PASSED] - common.util.aribakeywords.aribaClick(findTestObject("Object Repository/a_Create Sourcing Event")): Element has been clicked

2020-03-16 08:16:18 - [MESSAGE][PASSED] - Object 'Object Repository/a_Create Sourcing Event' is clickable

2020-03-16 08:16:19 - [MESSAGE][PASSED] - Scroll to object 'Object Repository/a_Create Sourcing Event' successfully

2020-03-16 08:16:20 - [MESSAGE][PASSED] - Object 'Object Repository/a_Create Sourcing Event' is visible

2020-03-16 08:16:22 - [MESSAGE][INFO] - Clicking element

2020-03-16 08:16:23 - [MESSAGE][PASSED] - Object: 'Object Repository/a_Create Sourcing Event' is clicked on

2020-03-16 08:16:24 - [MESSAGE][INFO] - ************* JS EXECUTED ************: true

2020-03-16 08:16:25 - [MESSAGE][PASSED] - Delayed 1 second(s)

2020-03-16 08:16:25 - [MESSAGE][PASSED] - Element has been clicked

2020-03-16 08:16:25 - [TEST_STEP][PASSED] - common.util.aribakeywords.waitForPageToLoad(3): common.util.aribakeywords.waitForPageToLoad is PASSED

2020-03-16 08:16:26 - [MESSAGE][INFO] - ************* JS EXECUTED ************: true

2020-03-16 08:16:27 - [MESSAGE][PASSED] - Delayed 1 second(s)

2020-03-16 08:16:27 - [MESSAGE][PASSED] - common.util.aribakeywords.waitForPageToLoad is PASSED

2020-03-16 08:16:27 - [TEST_STEP][PASSED] - common.util.aribakeywords.aribaClick(findTestObject("Object Repository/input_Name of event__vusb0b")): Element has been clicked

2020-03-16 08:16:28 - [MESSAGE][PASSED] - Object 'Object Repository/input_Name of event__vusb0b' is clickable

2020-03-16 08:16:29 - [MESSAGE][PASSED] - Scroll to object 'Object Repository/input_Name of event__vusb0b' successfully

2020-03-16 08:16:30 - [MESSAGE][PASSED] - Object 'Object Repository/input_Name of event__vusb0b' is visible

2020-03-16 08:16:31 - [MESSAGE][INFO] - Clicking element

2020-03-16 08:16:32 - [MESSAGE][PASSED] - Object: 'Object Repository/input_Name of event__vusb0b' is clicked on

2020-03-16 08:16:33 - [MESSAGE][INFO] - ************* JS EXECUTED ************: true

2020-03-16 08:16:34 - [MESSAGE][PASSED] - Delayed 1 second(s)

2020-03-16 08:16:34 - [MESSAGE][PASSED] - Element has been clicked

2020-03-16 08:16:34 - [TEST_STEP][PASSED] - setText(findTestObject("Object Repository/input_Name of event__vusb0b"), sourcingEvent): Text 'EventLotWithAPCTerm_1584326735787' is set on object 'Object Repository/input_Name of event__vusb0b'

2020-03-16 08:16:36 - [MESSAGE][PASSED] - Text 'EventLotWithAPCTerm_1584326735787' is set on object 'Object Repository/input_Name of event__vusb0b'

2020-03-16 08:16:36 - [TEST_STEP][PASSED] - eventType = eventType: null

2020-03-16 08:16:36 - [TEST_STEP][PASSED] - selectOptionByValue(findTestObject("Page_TestStagerForm/select_(no selection)RFIRFPRFP"), eventType, true): All options with value '1' are selected in object 'Object Repository/Page_TestStagerForm/select_(no selection)RFIRFPRFP'  using regular expression

2020-03-16 08:16:47 - [MESSAGE][PASSED] - All options with value '1' are selected in object 'Object Repository/Page_TestStagerForm/select_(no selection)RFIRFPRFP'  using regular expression

2020-03-16 08:16:47 - [TEST_STEP][PASSED] - setText(findTestObject("Object Repository/input_Event Template Name__qty"), rfpEventTemplate): Text 'BasketLotTemplateforAPC' is set on object 'Object Repository/input_Event Template Name__qty'

2020-03-16 08:16:49 - [MESSAGE][PASSED] - Text 'BasketLotTemplateforAPC' is set on object 'Object Repository/input_Event Template Name__qty'

2020-03-16 08:16:49 - [TEST_STEP][PASSED] - setText(findTestObject("Object Repository/input_Event excel file to uplo"), eventContentFileName): Text 'BasketLotWithAPCEventContent.xls' is set on object 'Object Repository/input_Event excel file to uplo'

2020-03-16 08:16:51 - [MESSAGE][PASSED] - Text 'BasketLotWithAPCEventContent.xls' is set on object 'Object Repository/input_Event excel file to uplo'

2020-03-16 08:16:51 - [TEST_STEP][PASSED] - eventEndState = eventEndState: null

2020-03-16 08:16:51 - [TEST_STEP][PASSED] - selectOptionByValue(findTestObject("Object Repository/select_(no selection)draftprev"), eventEndState, true): All options with value '6' are selected in object 'Object Repository/select_(no selection)draftprev'  using regular expression

2020-03-16 08:17:04 - [MESSAGE][PASSED] - All options with value '6' are selected in object 'Object Repository/select_(no selection)draftprev'  using regular expression

2020-03-16 08:17:04 - [TEST_STEP][PASSED] - setText(findTestObject("Object Repository/input_Number Of Bids__yf32cb"), numberOfBids): Text '1' is set on object 'Object Repository/input_Number Of Bids__yf32cb'

2020-03-16 08:17:05 - [MESSAGE][PASSED] - Text '1' is set on object 'Object Repository/input_Number Of Bids__yf32cb'

2020-03-16 08:17:05 - [TEST_STEP][PASSED] - common.util.aribakeywords.aribaClick(findTestObject("Object Repository/div_Run Stager")): common.util.aribakeywords.aribaClick is PASSED

2020-03-16 08:17:06 - [MESSAGE][PASSED] - Object 'Object Repository/div_Run Stager' is clickable

2020-03-16 08:17:07 - [MESSAGE][PASSED] - Scroll to object 'Object Repository/div_Run Stager' successfully

2020-03-16 08:17:08 - [MESSAGE][PASSED] - Object 'Object Repository/div_Run Stager' is visible

2020-03-16 08:17:11 - [MESSAGE][PASSED] - Object: 'Object Repository/div_Run Stager' is clicked on

2020-03-16 08:17:12 - [MESSAGE][INFO] - ************* JS EXECUTED ************: false

2020-03-16 08:17:13 - [MESSAGE][PASSED] - Delayed 1 second(s)

2020-03-16 08:17:13 - [MESSAGE][INFO] - ************* JS EXECUTED ************: false

2020-03-16 08:17:14 - [MESSAGE][PASSED] - Delayed 1 second(s)

2020-03-16 08:17:15 - [MESSAGE][INFO] - ************* JS EXECUTED ************: false

2020-03-16 08:17:16 - [MESSAGE][PASSED] - Delayed 1 second(s)

2020-03-16 08:17:16 - [MESSAGE][INFO] - ************* JS EXECUTED ************: false

2020-03-16 08:17:17 - [MESSAGE][PASSED] - Delayed 1 second(s)

2020-03-16 08:17:18 - [MESSAGE][INFO] - ************* JS EXECUTED ************: false

2020-03-16 08:17:19 - [MESSAGE][PASSED] - Delayed 1 second(s)

2020-03-16 08:17:19 - [MESSAGE][INFO] - ************* JS EXECUTED ************: false

2020-03-16 08:17:20 - [MESSAGE][PASSED] - Delayed 1 second(s)

2020-03-16 08:17:21 - [MESSAGE][INFO] - ************* JS EXECUTED ************: false

2020-03-16 08:17:22 - [MESSAGE][PASSED] - Delayed 1 second(s)

2020-03-16 08:17:22 - [MESSAGE][INFO] - ************* JS EXECUTED ************: false

2020-03-16 08:17:23 - [MESSAGE][PASSED] - Delayed 1 second(s)

2020-03-16 08:17:24 - [MESSAGE][INFO] - ************* JS EXECUTED ************: false

2020-03-16 08:17:25 - [MESSAGE][PASSED] - Delayed 1 second(s)

2020-03-16 08:17:25 - [MESSAGE][INFO] - ************* JS EXECUTED ************: false

2020-03-16 08:17:26 - [MESSAGE][PASSED] - Delayed 1 second(s)

2020-03-16 08:17:27 - [MESSAGE][INFO] - ************* JS EXECUTED ************: false

2020-03-16 08:17:28 - [MESSAGE][PASSED] - Delayed 1 second(s)

2020-03-16 08:17:28 - [MESSAGE][INFO] - ************* JS EXECUTED ************: false

2020-03-16 08:17:29 - [MESSAGE][PASSED] - Delayed 1 second(s)

2020-03-16 08:17:30 - [MESSAGE][INFO] - ************* JS EXECUTED ************: false

2020-03-16 08:17:31 - [MESSAGE][PASSED] - Delayed 1 second(s)

2020-03-16 08:17:31 - [MESSAGE][INFO] - ************* JS EXECUTED ************: false

2020-03-16 08:17:32 - [MESSAGE][PASSED] - Delayed 1 second(s)

2020-03-16 08:17:33 - [MESSAGE][INFO] - ************* JS EXECUTED ************: false

2020-03-16 08:17:34 - [MESSAGE][PASSED] - Delayed 1 second(s)

2020-03-16 08:17:34 - [MESSAGE][INFO] - ************* JS EXECUTED ************: false

2020-03-16 08:17:35 - [MESSAGE][PASSED] - Delayed 1 second(s)

2020-03-16 08:17:36 - [MESSAGE][INFO] - ************* JS EXECUTED ************: false

2020-03-16 08:17:37 - [MESSAGE][PASSED] - Delayed 1 second(s)

2020-03-16 08:17:37 - [MESSAGE][INFO] - ************* JS EXECUTED ************: false

2020-03-16 08:17:38 - [MESSAGE][PASSED] - Delayed 1 second(s)

2020-03-16 08:17:38 - [MESSAGE][INFO] - ************* JS EXECUTED ************: false

2020-03-16 08:17:39 - [MESSAGE][PASSED] - Delayed 1 second(s)

2020-03-16 08:17:40 - [MESSAGE][INFO] - ************* JS EXECUTED ************: false

2020-03-16 08:17:41 - [MESSAGE][PASSED] - Delayed 1 second(s)

2020-03-16 08:17:41 - [MESSAGE][INFO] - ************* JS EXECUTED ************: false

2020-03-16 08:17:42 - [MESSAGE][PASSED] - Delayed 1 second(s)

2020-03-16 08:17:43 - [MESSAGE][INFO] - ************* JS EXECUTED ************: false

2020-03-16 08:17:44 - [MESSAGE][PASSED] - Delayed 1 second(s)

2020-03-16 08:17:44 - [MESSAGE][INFO] - ************* JS EXECUTED ************: false

2020-03-16 08:17:45 - [MESSAGE][PASSED] - Delayed 1 second(s)

2020-03-16 08:17:46 - [MESSAGE][INFO] - ************* JS EXECUTED ************: false

2020-03-16 08:17:47 - [MESSAGE][PASSED] - Delayed 1 second(s)

2020-03-16 08:17:47 - [MESSAGE][INFO] - ************* JS EXECUTED ************: false

2020-03-16 08:17:48 - [MESSAGE][PASSED] - Delayed 1 second(s)

2020-03-16 08:17:49 - [MESSAGE][INFO] - ************* JS EXECUTED ************: false

2020-03-16 08:17:50 - [MESSAGE][PASSED] - Delayed 1 second(s)

2020-03-16 08:17:50 - [MESSAGE][INFO] - ************* JS EXECUTED ************: false

2020-03-16 08:17:51 - [MESSAGE][PASSED] - Delayed 1 second(s)

2020-03-16 08:17:52 - [MESSAGE][INFO] - ************* JS EXECUTED ************: false

2020-03-16 08:17:53 - [MESSAGE][PASSED] - Delayed 1 second(s)

2020-03-16 08:17:53 - [MESSAGE][INFO] - ************* JS EXECUTED ************: false

2020-03-16 08:17:54 - [MESSAGE][PASSED] - Delayed 1 second(s)

2020-03-16 08:17:55 - [MESSAGE][INFO] - ************* JS EXECUTED ************: false

2020-03-16 08:17:56 - [MESSAGE][PASSED] - Delayed 1 second(s)

2020-03-16 08:17:56 - [MESSAGE][INFO] - ************* JS EXECUTED ************: false

2020-03-16 08:17:57 - [MESSAGE][PASSED] - Delayed 1 second(s)

2020-03-16 08:17:58 - [MESSAGE][INFO] - ************* JS EXECUTED ************: false

2020-03-16 08:17:59 - [MESSAGE][PASSED] - Delayed 1 second(s)

2020-03-16 08:17:59 - [MESSAGE][INFO] - ************* JS EXECUTED ************: false

2020-03-16 08:18:00 - [MESSAGE][PASSED] - Delayed 1 second(s)

2020-03-16 08:18:01 - [MESSAGE][INFO] - ************* JS EXECUTED ************: false

2020-03-16 08:18:02 - [MESSAGE][PASSED] - Delayed 1 second(s)

2020-03-16 08:18:02 - [MESSAGE][INFO] - ************* JS EXECUTED ************: false

2020-03-16 08:18:03 - [MESSAGE][PASSED] - Delayed 1 second(s)

2020-03-16 08:18:04 - [MESSAGE][INFO] - ************* JS EXECUTED ************: false

2020-03-16 08:18:05 - [MESSAGE][PASSED] - Delayed 1 second(s)

2020-03-16 08:18:05 - [MESSAGE][INFO] - ************* JS EXECUTED ************: false

2020-03-16 08:18:06 - [MESSAGE][PASSED] - Delayed 1 second(s)

2020-03-16 08:18:07 - [MESSAGE][INFO] - ************* JS EXECUTED ************: false

2020-03-16 08:18:08 - [MESSAGE][PASSED] - Delayed 1 second(s)

2020-03-16 08:18:08 - [MESSAGE][INFO] - ************* JS EXECUTED ************: false

2020-03-16 08:18:09 - [MESSAGE][PASSED] - Delayed 1 second(s)

2020-03-16 08:18:10 - [MESSAGE][INFO] - ************* JS EXECUTED ************: false

2020-03-16 08:18:11 - [MESSAGE][PASSED] - Delayed 1 second(s)

2020-03-16 08:18:11 - [MESSAGE][INFO] - ************* JS EXECUTED ************: false

2020-03-16 08:18:12 - [MESSAGE][PASSED] - Delayed 1 second(s)

2020-03-16 08:18:13 - [MESSAGE][INFO] - ************* JS EXECUTED ************: false

2020-03-16 08:18:14 - [MESSAGE][PASSED] - Delayed 1 second(s)

2020-03-16 08:18:14 - [MESSAGE][INFO] - ************* JS EXECUTED ************: false

2020-03-16 08:18:15 - [MESSAGE][PASSED] - Delayed 1 second(s)

2020-03-16 08:18:16 - [MESSAGE][INFO] - ************* JS EXECUTED ************: false

2020-03-16 08:18:17 - [MESSAGE][PASSED] - Delayed 1 second(s)

2020-03-16 08:18:17 - [MESSAGE][INFO] - ************* JS EXECUTED ************: false

2020-03-16 08:18:18 - [MESSAGE][PASSED] - Delayed 1 second(s)

2020-03-16 08:18:19 - [MESSAGE][INFO] - ************* JS EXECUTED ************: false

2020-03-16 08:18:20 - [MESSAGE][PASSED] - Delayed 1 second(s)

2020-03-16 08:18:20 - [MESSAGE][INFO] - ************* JS EXECUTED ************: false

2020-03-16 08:18:21 - [MESSAGE][PASSED] - Delayed 1 second(s)

2020-03-16 08:18:22 - [MESSAGE][INFO] - ************* JS EXECUTED ************: false

2020-03-16 08:18:23 - [MESSAGE][PASSED] - Delayed 1 second(s)

2020-03-16 08:18:23 - [MESSAGE][INFO] - ************* JS EXECUTED ************: false

2020-03-16 08:18:24 - [MESSAGE][PASSED] - Delayed 1 second(s)

2020-03-16 08:18:25 - [MESSAGE][INFO] - ************* JS EXECUTED ************: false

2020-03-16 08:18:26 - [MESSAGE][PASSED] - Delayed 1 second(s)

2020-03-16 08:18:26 - [MESSAGE][INFO] - ************* JS EXECUTED ************: false

2020-03-16 08:18:27 - [MESSAGE][PASSED] - Delayed 1 second(s)

2020-03-16 08:18:28 - [MESSAGE][INFO] - ************* JS EXECUTED ************: false

2020-03-16 08:18:29 - [MESSAGE][PASSED] - Delayed 1 second(s)

2020-03-16 08:18:29 - [MESSAGE][INFO] - ************* JS EXECUTED ************: false

2020-03-16 08:18:30 - [MESSAGE][PASSED] - Delayed 1 second(s)

2020-03-16 08:18:31 - [MESSAGE][INFO] - ************* JS EXECUTED ************: false

2020-03-16 08:18:32 - [MESSAGE][PASSED] - Delayed 1 second(s)

2020-03-16 08:18:32 - [MESSAGE][INFO] - ************* JS EXECUTED ************: false

2020-03-16 08:18:33 - [MESSAGE][PASSED] - Delayed 1 second(s)

2020-03-16 08:18:34 - [MESSAGE][INFO] - ************* JS EXECUTED ************: false

2020-03-16 08:18:35 - [MESSAGE][PASSED] - Delayed 1 second(s)

2020-03-16 08:18:35 - [MESSAGE][INFO] - ************* JS EXECUTED ************: false

2020-03-16 08:18:36 - [MESSAGE][PASSED] - Delayed 1 second(s)

2020-03-16 08:18:36 - [MESSAGE][INFO] - ************* JS EXECUTED ************: false

2020-03-16 08:18:37 - [MESSAGE][PASSED] - Delayed 1 second(s)

2020-03-16 08:18:38 - [MESSAGE][INFO] - ************* JS EXECUTED ************: false

2020-03-16 08:18:39 - [MESSAGE][PASSED] - Delayed 1 second(s)

2020-03-16 08:18:39 - [MESSAGE][INFO] - ************* JS EXECUTED ************: false

2020-03-16 08:18:40 - [MESSAGE][PASSED] - Delayed 1 second(s)

2020-03-16 08:18:41 - [MESSAGE][INFO] - ************* JS EXECUTED ************: false

2020-03-16 08:18:42 - [MESSAGE][PASSED] - Delayed 1 second(s)

2020-03-16 08:18:42 - [MESSAGE][INFO] - ************* JS EXECUTED ************: false

2020-03-16 08:18:43 - [MESSAGE][PASSED] - Delayed 1 second(s)

2020-03-16 08:18:44 - [MESSAGE][INFO] - ************* JS EXECUTED ************: false

2020-03-16 08:18:45 - [MESSAGE][PASSED] - Delayed 1 second(s)

2020-03-16 08:18:45 - [MESSAGE][INFO] - ************* JS EXECUTED ************: false

2020-03-16 08:18:46 - [MESSAGE][PASSED] - Delayed 1 second(s)

2020-03-16 08:18:47 - [MESSAGE][INFO] - ************* JS EXECUTED ************: false

2020-03-16 08:18:48 - [MESSAGE][PASSED] - Delayed 1 second(s)

2020-03-16 08:18:48 - [MESSAGE][INFO] - ************* JS EXECUTED ************: false

2020-03-16 08:18:49 - [MESSAGE][PASSED] - Delayed 1 second(s)

2020-03-16 08:18:50 - [MESSAGE][INFO] - ************* JS EXECUTED ************: false

2020-03-16 08:18:51 - [MESSAGE][PASSED] - Delayed 1 second(s)

2020-03-16 08:18:51 - [MESSAGE][INFO] - ************* JS EXECUTED ************: false

2020-03-16 08:18:52 - [MESSAGE][PASSED] - Delayed 1 second(s)

2020-03-16 08:18:53 - [MESSAGE][INFO] - ************* JS EXECUTED ************: false

2020-03-16 08:18:54 - [MESSAGE][PASSED] - Delayed 1 second(s)

2020-03-16 08:18:54 - [MESSAGE][INFO] - ************* JS EXECUTED ************: false

2020-03-16 08:18:55 - [MESSAGE][PASSED] - Delayed 1 second(s)

2020-03-16 08:18:57 - [MESSAGE][INFO] - ************* JS EXECUTED ************: false

2020-03-16 08:18:58 - [MESSAGE][PASSED] - Delayed 1 second(s)

2020-03-16 08:18:58 - [MESSAGE][INFO] - ************* JS EXECUTED ************: false

2020-03-16 08:18:59 - [MESSAGE][PASSED] - Delayed 1 second(s)

2020-03-16 08:19:00 - [MESSAGE][INFO] - ************* JS EXECUTED ************: false

2020-03-16 08:19:01 - [MESSAGE][PASSED] - Delayed 1 second(s)

2020-03-16 08:19:01 - [MESSAGE][INFO] - ************* JS EXECUTED ************: false

2020-03-16 08:19:02 - [MESSAGE][PASSED] - Delayed 1 second(s)

2020-03-16 08:19:03 - [MESSAGE][INFO] - ************* JS EXECUTED ************: false

2020-03-16 08:19:04 - [MESSAGE][PASSED] - Delayed 1 second(s)

2020-03-16 08:19:04 - [MESSAGE][INFO] - ************* JS EXECUTED ************: false

2020-03-16 08:19:05 - [MESSAGE][PASSED] - Delayed 1 second(s)

2020-03-16 08:19:06 - [MESSAGE][INFO] - ************* JS EXECUTED ************: false

2020-03-16 08:19:07 - [MESSAGE][PASSED] - Delayed 1 second(s)

2020-03-16 08:19:07 - [MESSAGE][INFO] - ************* JS EXECUTED ************: true

2020-03-16 08:19:08 - [MESSAGE][PASSED] - Delayed 1 second(s)

2020-03-16 08:19:09 - [MESSAGE][PASSED] - Object 'Object Repository/Page_Ariba Spend Management/input__bt5lrc' is clickable

2020-03-16 08:19:10 - [MESSAGE][PASSED] - Web element with id: 'Object Repository/Page_Ariba Spend Management/StackTrace' located by 'By.xpath: //*[@awname = 'SHOW_STACK_TRACE']' is not present after '1' second(s)

2020-03-16 08:19:10 - [MESSAGE][PASSED] - Web element with id: 'Object Repository/Page_Ariba Spend Management/StagerError' located by 'By.xpath: //*[@awname = 'TestStagerErrorPage:toggleStackTrace']' is not present after '1' second(s)

2020-03-16 08:19:11 - [MESSAGE][PASSED] - Web element with id: 'Object Repository/Page_Ariba Spend Management/ReturnToLoginPage' located by 'By.xpath: //*[@awname = 'Return to the Ariba login page::ARPException:linkAction']' is not present after '1' second(s)

2020-03-16 08:19:11 - [MESSAGE][INFO] - in Run stager method

2020-03-16 08:19:11 - [MESSAGE][INFO] -  I am able to see set user. So returning from runstager wait.

2020-03-16 08:19:12 - [MESSAGE][INFO] - ************* JS EXECUTED ************: true

2020-03-16 08:19:13 - [MESSAGE][PASSED] - Delayed 1 second(s)

2020-03-16 08:19:14 - [MESSAGE][INFO] - ************* JS EXECUTED ************: true

2020-03-16 08:19:15 - [MESSAGE][PASSED] - Delayed 1 second(s)

2020-03-16 08:19:15 - [MESSAGE][PASSED] - common.util.aribakeywords.aribaClick is PASSED

2020-03-16 08:19:15 - [MESSAGE][PASSED] - Call Test Case 'Test Cases/DMS/UtilTests/CreateSourcingEvent' successfully

2020-03-16 08:19:15 - [TEST_STEP][PASSED] - aribakeywords.aribaClick(findTestObject("Object Repository/a_Buyer Monitoring Page")): Element has been clicked

2020-03-16 08:19:16 - [MESSAGE][PASSED] - Object 'Object Repository/a_Buyer Monitoring Page' is clickable

2020-03-16 08:19:17 - [MESSAGE][PASSED] - Scroll to object 'Object Repository/a_Buyer Monitoring Page' successfully

2020-03-16 08:19:18 - [MESSAGE][PASSED] - Object 'Object Repository/a_Buyer Monitoring Page' is visible

2020-03-16 08:19:20 - [MESSAGE][INFO] - Clicking element

2020-03-16 08:19:21 - [MESSAGE][PASSED] - Object: 'Object Repository/a_Buyer Monitoring Page' is clicked on

2020-03-16 08:19:22 - [MESSAGE][INFO] - ************* JS EXECUTED ************: false

2020-03-16 08:19:23 - [MESSAGE][PASSED] - Delayed 1 second(s)

2020-03-16 08:19:23 - [MESSAGE][INFO] - ************* JS EXECUTED ************: true

2020-03-16 08:19:24 - [MESSAGE][PASSED] - Delayed 1 second(s)

2020-03-16 08:19:24 - [MESSAGE][PASSED] - Element has been clicked

2020-03-16 08:19:24 - [TEST_STEP][PASSED] - aribakeywords.waitForPageToLoad(3): Delayed 1 second(s)

2020-03-16 08:19:27 - [MESSAGE][INFO] - ************* JS EXECUTED ************: true

2020-03-16 08:19:28 - [MESSAGE][PASSED] - Delayed 1 second(s)

2020-03-16 08:19:28 - [TEST_STEP][PASSED] - try: Element has been clicked

2020-03-16 08:19:28 - [TEST_STEP][PASSED] - Thread.sleep(5): null

2020-03-16 08:19:28 - [TEST_STEP][PASSED] - aribakeywords.aribaClick(findTestObject("Object Repository/a_Award Tab")): Element has been clicked

2020-03-16 08:19:29 - [MESSAGE][PASSED] - Object 'Object Repository/a_Award Tab' is clickable

2020-03-16 08:19:30 - [MESSAGE][PASSED] - Scroll to object 'Object Repository/a_Award Tab' successfully

2020-03-16 08:19:31 - [MESSAGE][PASSED] - Object 'Object Repository/a_Award Tab' is visible

2020-03-16 08:19:32 - [MESSAGE][INFO] - Clicking element

2020-03-16 08:19:34 - [MESSAGE][PASSED] - Object: 'Object Repository/a_Award Tab' is clicked on

2020-03-16 08:19:34 - [MESSAGE][INFO] - ************* JS EXECUTED ************: true

2020-03-16 08:19:35 - [MESSAGE][PASSED] - Delayed 1 second(s)

2020-03-16 08:19:35 - [MESSAGE][PASSED] - Element has been clicked

2020-03-16 08:19:35 - [TEST_STEP][FAILED] - try: Unable to verify alert present (Root cause: com.kms.katalon.core.exception.StepFailedException: Unable to verify alert present
	at com.kms.katalon.core.webui.keyword.internal.WebUIKeywordMain.stepFailed(WebUIKeywordMain.groovy:64)
	at com.kms.katalon.core.webui.keyword.internal.WebUIKeywordMain.runKeyword(WebUIKeywordMain.groovy:26)
	at com.kms.katalon.core.webui.keyword.builtin.VerifyAlertPresentKeyword.verifyAlertPresent(VerifyAlertPresentKeyword.groovy:72)
	at com.kms.katalon.core.webui.keyword.builtin.VerifyAlertPresentKeyword.execute(VerifyAlertPresentKeyword.groovy:67)
	at com.kms.katalon.core.keyword.internal.KeywordExecutor.executeKeywordForPlatform(KeywordExecutor.groovy:56)
	at com.kms.katalon.core.webui.keyword.WebUiBuiltInKeywords.verifyAlertPresent(WebUiBuiltInKeywords.groovy:1631)
	at com.kms.katalon.core.webui.keyword.WebUiBuiltInKeywords$verifyAlertPresent$11.call(Unknown Source)
	at DMSTC-2920_CreateContractFromEventContentWithAPCLot.run(DMSTC-2920_CreateContractFromEventContentWithAPCLot:163)
	at com.kms.katalon.core.main.ScriptEngine.run(ScriptEngine.java:194)
	at com.kms.katalon.core.main.ScriptEngine.runScriptAsRawText(ScriptEngine.java:119)
	at com.kms.katalon.core.main.TestCaseExecutor.runScript(TestCaseExecutor.java:331)
	at com.kms.katalon.core.main.TestCaseExecutor.doExecute(TestCaseExecutor.java:322)
	at com.kms.katalon.core.main.TestCaseExecutor.processExecutionPhase(TestCaseExecutor.java:301)
	at com.kms.katalon.core.main.TestCaseExecutor.accessMainPhase(TestCaseExecutor.java:293)
	at com.kms.katalon.core.main.TestCaseExecutor.execute(TestCaseExecutor.java:227)
	at com.kms.katalon.core.main.TestSuiteExecutor.accessTestCaseMainPhase(TestSuiteExecutor.java:129)
	at com.kms.katalon.core.main.TestSuiteExecutor.accessTestSuiteMainPhase(TestSuiteExecutor.java:112)
	at com.kms.katalon.core.main.TestSuiteExecutor.execute(TestSuiteExecutor.java:81)
	at com.kms.katalon.core.main.TestCaseMain.startTestSuite(TestCaseMain.java:157)
	at com.kms.katalon.core.main.TestCaseMain$startTestSuite$0.call(Unknown Source)
	at TempTestSuite1584326733091.run(TempTestSuite1584326733091.groovy:35)
Caused by: com.kms.katalon.core.exception.StepFailedException: No alert found after 2 second(s).
	at com.kms.katalon.core.webui.keyword.internal.WebUIKeywordMain.stepFailed(WebUIKeywordMain.groovy:64)
	at com.kms.katalon.core.webui.keyword.builtin.VerifyAlertPresentKeyword$_verifyAlertPresent_closure1.doCall(VerifyAlertPresentKeyword.groovy:79)
	at com.kms.katalon.core.webui.keyword.builtin.VerifyAlertPresentKeyword$_verifyAlertPresent_closure1.call(VerifyAlertPresentKeyword.groovy)
	at com.kms.katalon.core.webui.keyword.internal.WebUIKeywordMain.runKeyword(WebUIKeywordMain.groovy:20)
	... 19 more
)

2020-03-16 08:19:35 - [TEST_STEP][PASSED] - waitForAlert(2): No alert found after 2 second(s).

2020-03-16 08:19:39 - [MESSAGE][WARNING] - No alert found after 2 second(s).

2020-03-16 08:19:39 - [TEST_STEP][FAILED] - verifyAlertPresent(2): Unable to verify alert present (Root cause: com.kms.katalon.core.exception.StepFailedException: Unable to verify alert present
	at com.kms.katalon.core.webui.keyword.internal.WebUIKeywordMain.stepFailed(WebUIKeywordMain.groovy:64)
	at com.kms.katalon.core.webui.keyword.internal.WebUIKeywordMain.runKeyword(WebUIKeywordMain.groovy:26)
	at com.kms.katalon.core.webui.keyword.builtin.VerifyAlertPresentKeyword.verifyAlertPresent(VerifyAlertPresentKeyword.groovy:72)
	at com.kms.katalon.core.webui.keyword.builtin.VerifyAlertPresentKeyword.execute(VerifyAlertPresentKeyword.groovy:67)
	at com.kms.katalon.core.keyword.internal.KeywordExecutor.executeKeywordForPlatform(KeywordExecutor.groovy:56)
	at com.kms.katalon.core.webui.keyword.WebUiBuiltInKeywords.verifyAlertPresent(WebUiBuiltInKeywords.groovy:1631)
	at com.kms.katalon.core.webui.keyword.WebUiBuiltInKeywords$verifyAlertPresent$11.call(Unknown Source)
	at DMSTC-2920_CreateContractFromEventContentWithAPCLot.run(DMSTC-2920_CreateContractFromEventContentWithAPCLot:163)
	at com.kms.katalon.core.main.ScriptEngine.run(ScriptEngine.java:194)
	at com.kms.katalon.core.main.ScriptEngine.runScriptAsRawText(ScriptEngine.java:119)
	at com.kms.katalon.core.main.TestCaseExecutor.runScript(TestCaseExecutor.java:331)
	at com.kms.katalon.core.main.TestCaseExecutor.doExecute(TestCaseExecutor.java:322)
	at com.kms.katalon.core.main.TestCaseExecutor.processExecutionPhase(TestCaseExecutor.java:301)
	at com.kms.katalon.core.main.TestCaseExecutor.accessMainPhase(TestCaseExecutor.java:293)
	at com.kms.katalon.core.main.TestCaseExecutor.execute(TestCaseExecutor.java:227)
	at com.kms.katalon.core.main.TestSuiteExecutor.accessTestCaseMainPhase(TestSuiteExecutor.java:129)
	at com.kms.katalon.core.main.TestSuiteExecutor.accessTestSuiteMainPhase(TestSuiteExecutor.java:112)
	at com.kms.katalon.core.main.TestSuiteExecutor.execute(TestSuiteExecutor.java:81)
	at com.kms.katalon.core.main.TestCaseMain.startTestSuite(TestCaseMain.java:157)
	at com.kms.katalon.core.main.TestCaseMain$startTestSuite$0.call(Unknown Source)
	at TempTestSuite1584326733091.run(TempTestSuite1584326733091.groovy:35)
Caused by: com.kms.katalon.core.exception.StepFailedException: No alert found after 2 second(s).
	at com.kms.katalon.core.webui.keyword.internal.WebUIKeywordMain.stepFailed(WebUIKeywordMain.groovy:64)
	at com.kms.katalon.core.webui.keyword.builtin.VerifyAlertPresentKeyword$_verifyAlertPresent_closure1.doCall(VerifyAlertPresentKeyword.groovy:79)
	at com.kms.katalon.core.webui.keyword.builtin.VerifyAlertPresentKeyword$_verifyAlertPresent_closure1.call(VerifyAlertPresentKeyword.groovy)
	at com.kms.katalon.core.webui.keyword.internal.WebUIKeywordMain.runKeyword(WebUIKeywordMain.groovy:20)
	... 19 more
)

2020-03-16 08:19:46 - [MESSAGE][FAILED] - No alert found after 2 second(s). (Root cause: com.kms.katalon.core.exception.StepFailedException: No alert found after 2 second(s).
	at com.kms.katalon.core.webui.keyword.internal.WebUIKeywordMain.stepFailed(WebUIKeywordMain.groovy:64)
	at com.kms.katalon.core.webui.keyword.builtin.VerifyAlertPresentKeyword$_verifyAlertPresent_closure1.doCall(VerifyAlertPresentKeyword.groovy:79)
	at com.kms.katalon.core.webui.keyword.builtin.VerifyAlertPresentKeyword$_verifyAlertPresent_closure1.call(VerifyAlertPresentKeyword.groovy)
	at com.kms.katalon.core.webui.keyword.internal.WebUIKeywordMain.runKeyword(WebUIKeywordMain.groovy:20)
	at com.kms.katalon.core.webui.keyword.builtin.VerifyAlertPresentKeyword.verifyAlertPresent(VerifyAlertPresentKeyword.groovy:72)
	at com.kms.katalon.core.webui.keyword.builtin.VerifyAlertPresentKeyword.execute(VerifyAlertPresentKeyword.groovy:67)
	at com.kms.katalon.core.keyword.internal.KeywordExecutor.executeKeywordForPlatform(KeywordExecutor.groovy:56)
	at com.kms.katalon.core.webui.keyword.WebUiBuiltInKeywords.verifyAlertPresent(WebUiBuiltInKeywords.groovy:1631)
	at com.kms.katalon.core.webui.keyword.WebUiBuiltInKeywords$verifyAlertPresent$11.call(Unknown Source)
	at DMSTC-2920_CreateContractFromEventContentWithAPCLot.run(DMSTC-2920_CreateContractFromEventContentWithAPCLot:163)
	at com.kms.katalon.core.main.ScriptEngine.run(ScriptEngine.java:194)
	at com.kms.katalon.core.main.ScriptEngine.runScriptAsRawText(ScriptEngine.java:119)
	at com.kms.katalon.core.main.TestCaseExecutor.runScript(TestCaseExecutor.java:331)
	at com.kms.katalon.core.main.TestCaseExecutor.doExecute(TestCaseExecutor.java:322)
	at com.kms.katalon.core.main.TestCaseExecutor.processExecutionPhase(TestCaseExecutor.java:301)
	at com.kms.katalon.core.main.TestCaseExecutor.accessMainPhase(TestCaseExecutor.java:293)
	at com.kms.katalon.core.main.TestCaseExecutor.execute(TestCaseExecutor.java:227)
	at com.kms.katalon.core.main.TestSuiteExecutor.accessTestCaseMainPhase(TestSuiteExecutor.java:129)
	at com.kms.katalon.core.main.TestSuiteExecutor.accessTestSuiteMainPhase(TestSuiteExecutor.java:112)
	at com.kms.katalon.core.main.TestSuiteExecutor.execute(TestSuiteExecutor.java:81)
	at com.kms.katalon.core.main.TestCaseMain.startTestSuite(TestCaseMain.java:157)
	at com.kms.katalon.core.main.TestCaseMain$startTestSuite$0.call(Unknown Source)
	at TempTestSuite1584326733091.run(TempTestSuite1584326733091.groovy:35)
)
[[ATTACHMENT|/Users/i331477/git/S4MicroServiceKatalon/Reports/TestSuite/20200316_081532/1584326983809.png]]

2020-03-16 08:19:48 - [MESSAGE][FAILED] - Unable to verify alert present (Root cause: com.kms.katalon.core.exception.StepFailedException: Unable to verify alert present
	at com.kms.katalon.core.webui.keyword.internal.WebUIKeywordMain.stepFailed(WebUIKeywordMain.groovy:64)
	at com.kms.katalon.core.webui.keyword.internal.WebUIKeywordMain.runKeyword(WebUIKeywordMain.groovy:26)
	at com.kms.katalon.core.webui.keyword.builtin.VerifyAlertPresentKeyword.verifyAlertPresent(VerifyAlertPresentKeyword.groovy:72)
	at com.kms.katalon.core.webui.keyword.builtin.VerifyAlertPresentKeyword.execute(VerifyAlertPresentKeyword.groovy:67)
	at com.kms.katalon.core.keyword.internal.KeywordExecutor.executeKeywordForPlatform(KeywordExecutor.groovy:56)
	at com.kms.katalon.core.webui.keyword.WebUiBuiltInKeywords.verifyAlertPresent(WebUiBuiltInKeywords.groovy:1631)
	at com.kms.katalon.core.webui.keyword.WebUiBuiltInKeywords$verifyAlertPresent$11.call(Unknown Source)
	at DMSTC-2920_CreateContractFromEventContentWithAPCLot.run(DMSTC-2920_CreateContractFromEventContentWithAPCLot:163)
	at com.kms.katalon.core.main.ScriptEngine.run(ScriptEngine.java:194)
	at com.kms.katalon.core.main.ScriptEngine.runScriptAsRawText(ScriptEngine.java:119)
	at com.kms.katalon.core.main.TestCaseExecutor.runScript(TestCaseExecutor.java:331)
	at com.kms.katalon.core.main.TestCaseExecutor.doExecute(TestCaseExecutor.java:322)
	at com.kms.katalon.core.main.TestCaseExecutor.processExecutionPhase(TestCaseExecutor.java:301)
	at com.kms.katalon.core.main.TestCaseExecutor.accessMainPhase(TestCaseExecutor.java:293)
	at com.kms.katalon.core.main.TestCaseExecutor.execute(TestCaseExecutor.java:227)
	at com.kms.katalon.core.main.TestSuiteExecutor.accessTestCaseMainPhase(TestSuiteExecutor.java:129)
	at com.kms.katalon.core.main.TestSuiteExecutor.accessTestSuiteMainPhase(TestSuiteExecutor.java:112)
	at com.kms.katalon.core.main.TestSuiteExecutor.execute(TestSuiteExecutor.java:81)
	at com.kms.katalon.core.main.TestCaseMain.startTestSuite(TestCaseMain.java:157)
	at com.kms.katalon.core.main.TestCaseMain$startTestSuite$0.call(Unknown Source)
	at TempTestSuite1584326733091.run(TempTestSuite1584326733091.groovy:35)
Caused by: com.kms.katalon.core.exception.StepFailedException: No alert found after 2 second(s).
	at com.kms.katalon.core.webui.keyword.internal.WebUIKeywordMain.stepFailed(WebUIKeywordMain.groovy:64)
	at com.kms.katalon.core.webui.keyword.builtin.VerifyAlertPresentKeyword$_verifyAlertPresent_closure1.doCall(VerifyAlertPresentKeyword.groovy:79)
	at com.kms.katalon.core.webui.keyword.builtin.VerifyAlertPresentKeyword$_verifyAlertPresent_closure1.call(VerifyAlertPresentKeyword.groovy)
	at com.kms.katalon.core.webui.keyword.internal.WebUIKeywordMain.runKeyword(WebUIKeywordMain.groovy:20)
	... 19 more
)
[[ATTACHMENT|/Users/i331477/git/S4MicroServiceKatalon/Reports/TestSuite/20200316_081532/1584326986257.png]]

2020-03-16 08:19:48 - [TEST_STEP][PASSED] - catch (Exception e): null

2020-03-16 08:19:48 - [TEST_STEP][PASSED] - e.printStackTrace(): null

2020-03-16 08:19:48 - [TEST_STEP][PASSED] - expandPlus = aribakeywords.createTestObject(EXPANDLOTBTN): null

2020-03-16 08:19:48 - [TEST_STEP][PASSED] - scrollToElement(expandPlus, 3): Scroll to object '//a[@awname='_Award_8_4_Award::AWTRowAttributeExpandoColumnRenderer:table.pivotState.toggleDetailAttributesExpanded']//div' successfully

2020-03-16 08:19:49 - [MESSAGE][PASSED] - Scroll to object '//a[@awname='_Award_8_4_Award::AWTRowAttributeExpandoColumnRenderer:table.pivotState.toggleDetailAttributesExpanded']//div' successfully

2020-03-16 08:19:49 - [TEST_STEP][PASSED] - aribakeywords.aribaClick(expandPlus): Element has been clicked

2020-03-16 08:19:50 - [MESSAGE][PASSED] - Object '//a[@awname='_Award_8_4_Award::AWTRowAttributeExpandoColumnRenderer:table.pivotState.toggleDetailAttributesExpanded']//div' is clickable

2020-03-16 08:19:51 - [MESSAGE][PASSED] - Scroll to object '//a[@awname='_Award_8_4_Award::AWTRowAttributeExpandoColumnRenderer:table.pivotState.toggleDetailAttributesExpanded']//div' successfully

2020-03-16 08:19:52 - [MESSAGE][PASSED] - Object '//a[@awname='_Award_8_4_Award::AWTRowAttributeExpandoColumnRenderer:table.pivotState.toggleDetailAttributesExpanded']//div' is visible

2020-03-16 08:19:53 - [MESSAGE][INFO] - Clicking element

2020-03-16 08:19:54 - [MESSAGE][PASSED] - Object: '//a[@awname='_Award_8_4_Award::AWTRowAttributeExpandoColumnRenderer:table.pivotState.toggleDetailAttributesExpanded']//div' is clicked on

2020-03-16 08:19:55 - [MESSAGE][INFO] - ************* JS EXECUTED ************: true

2020-03-16 08:19:56 - [MESSAGE][PASSED] - Delayed 1 second(s)

2020-03-16 08:19:56 - [MESSAGE][PASSED] - Element has been clicked

2020-03-16 08:19:56 - [TEST_STEP][PASSED] - verifyTextPresent("View pricing conditions", false, STOP_ON_FAILURE): Text 'View pricing conditions' is present on page 

2020-03-16 08:19:57 - [MESSAGE][PASSED] - Text 'View pricing conditions' is present on page 

2020-03-16 08:19:57 - [TEST_STEP][PASSED] - aribakeywords.aribaClick(findTestObject("Object Repository/span_Contract_w-pulldown-icon")): Element has been clicked

2020-03-16 08:19:58 - [MESSAGE][PASSED] - Object 'Object Repository/span_Contract_w-pulldown-icon' is clickable

2020-03-16 08:19:59 - [MESSAGE][PASSED] - Scroll to object 'Object Repository/span_Contract_w-pulldown-icon' successfully

2020-03-16 08:20:00 - [MESSAGE][PASSED] - Object 'Object Repository/span_Contract_w-pulldown-icon' is visible

2020-03-16 08:20:02 - [MESSAGE][INFO] - Clicking element

2020-03-16 08:20:03 - [MESSAGE][PASSED] - Object: 'Object Repository/span_Contract_w-pulldown-icon' is clicked on

2020-03-16 08:20:04 - [MESSAGE][INFO] - ************* JS EXECUTED ************: true

2020-03-16 08:20:05 - [MESSAGE][PASSED] - Delayed 1 second(s)

2020-03-16 08:20:05 - [MESSAGE][PASSED] - Element has been clicked

2020-03-16 08:20:05 - [TEST_STEP][PASSED] - aribakeywords.aribaClick(findTestObject("Object Repository/form_Pricing trendsLoading...i")): Element has been clicked

2020-03-16 08:20:06 - [MESSAGE][PASSED] - Object 'Object Repository/form_Pricing trendsLoading...i' is clickable

2020-03-16 08:20:07 - [MESSAGE][PASSED] - Scroll to object 'Object Repository/form_Pricing trendsLoading...i' successfully

2020-03-16 08:20:08 - [MESSAGE][PASSED] - Object 'Object Repository/form_Pricing trendsLoading...i' is visible

2020-03-16 08:20:09 - [MESSAGE][INFO] - Clicking element

2020-03-16 08:20:10 - [MESSAGE][PASSED] - Object: 'Object Repository/form_Pricing trendsLoading...i' is clicked on

2020-03-16 08:20:11 - [MESSAGE][INFO] - ************* JS EXECUTED ************: true

2020-03-16 08:20:12 - [MESSAGE][PASSED] - Delayed 1 second(s)

2020-03-16 08:20:12 - [MESSAGE][PASSED] - Element has been clicked

2020-03-16 08:20:12 - [TEST_STEP][PASSED] - aribakeywords.aribaClick(findTestObject("Object Repository/label_Submit Initial Bid_w-rdo")): Element has been clicked

2020-03-16 08:20:13 - [MESSAGE][PASSED] - Object 'Object Repository/label_Submit Initial Bid_w-rdo' is clickable

2020-03-16 08:20:14 - [MESSAGE][PASSED] - Scroll to object 'Object Repository/label_Submit Initial Bid_w-rdo' successfully

2020-03-16 08:20:15 - [MESSAGE][PASSED] - Object 'Object Repository/label_Submit Initial Bid_w-rdo' is visible

2020-03-16 08:20:16 - [MESSAGE][INFO] - Clicking element

2020-03-16 08:20:17 - [MESSAGE][PASSED] - Object: 'Object Repository/label_Submit Initial Bid_w-rdo' is clicked on

2020-03-16 08:20:18 - [MESSAGE][INFO] - ************* JS EXECUTED ************: true

2020-03-16 08:20:19 - [MESSAGE][PASSED] - Delayed 1 second(s)

2020-03-16 08:20:19 - [MESSAGE][PASSED] - Element has been clicked

2020-03-16 08:20:19 - [TEST_STEP][PASSED] - aribakeywords.aribaClick(findTestObject("Object Repository/span_Create New Contract")): Element has been clicked

2020-03-16 08:20:20 - [MESSAGE][PASSED] - Object 'Object Repository/span_Create New Contract' is clickable

2020-03-16 08:20:21 - [MESSAGE][PASSED] - Scroll to object 'Object Repository/span_Create New Contract' successfully

2020-03-16 08:20:22 - [MESSAGE][PASSED] - Object 'Object Repository/span_Create New Contract' is visible

2020-03-16 08:20:24 - [MESSAGE][INFO] - Clicking element

2020-03-16 08:20:25 - [MESSAGE][PASSED] - Object: 'Object Repository/span_Create New Contract' is clicked on

2020-03-16 08:20:26 - [MESSAGE][INFO] - ************* JS EXECUTED ************: true

2020-03-16 08:20:27 - [MESSAGE][PASSED] - Delayed 1 second(s)

2020-03-16 08:20:27 - [MESSAGE][PASSED] - Element has been clicked

2020-03-16 08:20:27 - [TEST_STEP][PASSED] - aribakeywords.aribaClick(findTestObject("Object Repository/a_Contract Workspace (Procurem")): Element has been clicked

2020-03-16 08:20:28 - [MESSAGE][PASSED] - Object 'Object Repository/a_Contract Workspace (Procurem' is clickable

2020-03-16 08:20:28 - [MESSAGE][PASSED] - Scroll to object 'Object Repository/a_Contract Workspace (Procurem' successfully

2020-03-16 08:20:29 - [MESSAGE][PASSED] - Object 'Object Repository/a_Contract Workspace (Procurem' is visible

2020-03-16 08:20:31 - [MESSAGE][INFO] - Clicking element

2020-03-16 08:20:32 - [MESSAGE][PASSED] - Object: 'Object Repository/a_Contract Workspace (Procurem' is clicked on

2020-03-16 08:20:33 - [MESSAGE][INFO] - ************* JS EXECUTED ************: false

2020-03-16 08:20:34 - [MESSAGE][PASSED] - Delayed 1 second(s)

2020-03-16 08:20:34 - [MESSAGE][INFO] - ************* JS EXECUTED ************: true

2020-03-16 08:20:35 - [MESSAGE][PASSED] - Delayed 1 second(s)

2020-03-16 08:20:35 - [MESSAGE][PASSED] - Element has been clicked

2020-03-16 08:20:35 - [TEST_STEP][PASSED] - setText(findTestObject("Object Repository/input___ihgt1d"), CW): Text 'ACPContractWithLot_1584326735785' is set on object 'Object Repository/input___ihgt1d'

2020-03-16 08:20:38 - [MESSAGE][PASSED] - Text 'ACPContractWithLot_1584326735785' is set on object 'Object Repository/input___ihgt1d'

2020-03-16 08:20:38 - [TEST_STEP][PASSED] - aribakeywords.aribaClick(findTestObject("Object Repository/label_Yes_w-rdo w-rdo-dsize")): Element has been clicked

2020-03-16 08:20:39 - [MESSAGE][PASSED] - Object 'Object Repository/label_Yes_w-rdo w-rdo-dsize' is clickable

2020-03-16 08:20:40 - [MESSAGE][PASSED] - Scroll to object 'Object Repository/label_Yes_w-rdo w-rdo-dsize' successfully

2020-03-16 08:20:41 - [MESSAGE][PASSED] - Object 'Object Repository/label_Yes_w-rdo w-rdo-dsize' is visible

2020-03-16 08:20:43 - [MESSAGE][INFO] - Clicking element

2020-03-16 08:20:44 - [MESSAGE][PASSED] - Object: 'Object Repository/label_Yes_w-rdo w-rdo-dsize' is clicked on

2020-03-16 08:20:45 - [MESSAGE][INFO] - ************* JS EXECUTED ************: true

2020-03-16 08:20:46 - [MESSAGE][PASSED] - Delayed 1 second(s)

2020-03-16 08:20:46 - [MESSAGE][PASSED] - Element has been clicked

2020-03-16 08:20:46 - [TEST_STEP][PASSED] - setText(findTestObject("Object Repository/input___1ymp9c"), "06/16/2019"): Text '06/16/2019' is set on object 'Object Repository/input___1ymp9c'

2020-03-16 08:20:48 - [MESSAGE][PASSED] - Text '06/16/2019' is set on object 'Object Repository/input___1ymp9c'

2020-03-16 08:20:48 - [TEST_STEP][PASSED] - if (verifyElementPresent(findTestObject("Object Repository/a_commodity_code"), 5, OPTIONAL)): com.kms.katalon.core.webui.exception.WebElementNotFoundException: Web element with id: 'Object Repository/a_commodity_code' located by 'By.xpath: //*[@awname = 'Commodity::Chooser:displayValue' and @id = '_ahj5rb']' not found (Root cause: com.kms.katalon.core.exception.StepFailedException: com.kms.katalon.core.webui.exception.WebElementNotFoundException: Web element with id: 'Object Repository/a_commodity_code' located by 'By.xpath: //*[@awname = 'Commodity::Chooser:displayValue' and @id = '_ahj5rb']' not found
	at com.kms.katalon.core.webui.keyword.internal.WebUIKeywordMain.stepFailed(WebUIKeywordMain.groovy:64)
	at com.kms.katalon.core.webui.keyword.builtin.VerifyElementPresentKeyword$_verifyElementPresent_closure1.doCall(VerifyElementPresentKeyword.groovy:85)
	at com.kms.katalon.core.webui.keyword.builtin.VerifyElementPresentKeyword$_verifyElementPresent_closure1.call(VerifyElementPresentKeyword.groovy)
	at com.kms.katalon.core.webui.keyword.internal.WebUIKeywordMain.runKeyword(WebUIKeywordMain.groovy:20)
	at com.kms.katalon.core.webui.keyword.builtin.VerifyElementPresentKeyword.verifyElementPresent(VerifyElementPresentKeyword.groovy:92)
	at com.kms.katalon.core.webui.keyword.builtin.VerifyElementPresentKeyword.execute(VerifyElementPresentKeyword.groovy:68)
	at com.kms.katalon.core.keyword.internal.KeywordExecutor.executeKeywordForPlatform(KeywordExecutor.groovy:56)
	at com.kms.katalon.core.webui.keyword.WebUiBuiltInKeywords.verifyElementPresent(WebUiBuiltInKeywords.groovy:1418)
	at com.kms.katalon.core.webui.keyword.WebUiBuiltInKeywords$verifyElementPresent$13.call(Unknown Source)
	at DMSTC-2920_CreateContractFromEventContentWithAPCLot.run(DMSTC-2920_CreateContractFromEventContentWithAPCLot:218)
	at com.kms.katalon.core.main.ScriptEngine.run(ScriptEngine.java:194)
	at com.kms.katalon.core.main.ScriptEngine.runScriptAsRawText(ScriptEngine.java:119)
	at com.kms.katalon.core.main.TestCaseExecutor.runScript(TestCaseExecutor.java:331)
	at com.kms.katalon.core.main.TestCaseExecutor.doExecute(TestCaseExecutor.java:322)
	at com.kms.katalon.core.main.TestCaseExecutor.processExecutionPhase(TestCaseExecutor.java:301)
	at com.kms.katalon.core.main.TestCaseExecutor.accessMainPhase(TestCaseExecutor.java:293)
	at com.kms.katalon.core.main.TestCaseExecutor.execute(TestCaseExecutor.java:227)
	at com.kms.katalon.core.main.TestSuiteExecutor.accessTestCaseMainPhase(TestSuiteExecutor.java:129)
	at com.kms.katalon.core.main.TestSuiteExecutor.accessTestSuiteMainPhase(TestSuiteExecutor.java:112)
	at com.kms.katalon.core.main.TestSuiteExecutor.execute(TestSuiteExecutor.java:81)
	at com.kms.katalon.core.main.TestCaseMain.startTestSuite(TestCaseMain.java:157)
	at com.kms.katalon.core.main.TestCaseMain$startTestSuite$0.call(Unknown Source)
	at TempTestSuite1584326733091.run(TempTestSuite1584326733091.groovy:35)
)

2020-03-16 08:20:58 - [MESSAGE][INFO] - Unable to find the element located by 'By.xpath: //*[@awname = 'Commodity::Chooser:displayValue' and @id = '_ahj5rb']'. Please recheck the objects properties to make sure the desired element is located. 

2020-03-16 08:21:00 - [MESSAGE][WARNING] - com.kms.katalon.core.webui.exception.WebElementNotFoundException: Web element with id: 'Object Repository/a_commodity_code' located by 'By.xpath: //*[@awname = 'Commodity::Chooser:displayValue' and @id = '_ahj5rb']' not found (Root cause: com.kms.katalon.core.exception.StepFailedException: com.kms.katalon.core.webui.exception.WebElementNotFoundException: Web element with id: 'Object Repository/a_commodity_code' located by 'By.xpath: //*[@awname = 'Commodity::Chooser:displayValue' and @id = '_ahj5rb']' not found
	at com.kms.katalon.core.webui.keyword.internal.WebUIKeywordMain.stepFailed(WebUIKeywordMain.groovy:64)
	at com.kms.katalon.core.webui.keyword.builtin.VerifyElementPresentKeyword$_verifyElementPresent_closure1.doCall(VerifyElementPresentKeyword.groovy:85)
	at com.kms.katalon.core.webui.keyword.builtin.VerifyElementPresentKeyword$_verifyElementPresent_closure1.call(VerifyElementPresentKeyword.groovy)
	at com.kms.katalon.core.webui.keyword.internal.WebUIKeywordMain.runKeyword(WebUIKeywordMain.groovy:20)
	at com.kms.katalon.core.webui.keyword.builtin.VerifyElementPresentKeyword.verifyElementPresent(VerifyElementPresentKeyword.groovy:92)
	at com.kms.katalon.core.webui.keyword.builtin.VerifyElementPresentKeyword.execute(VerifyElementPresentKeyword.groovy:68)
	at com.kms.katalon.core.keyword.internal.KeywordExecutor.executeKeywordForPlatform(KeywordExecutor.groovy:56)
	at com.kms.katalon.core.webui.keyword.WebUiBuiltInKeywords.verifyElementPresent(WebUiBuiltInKeywords.groovy:1418)
	at com.kms.katalon.core.webui.keyword.WebUiBuiltInKeywords$verifyElementPresent$13.call(Unknown Source)
	at DMSTC-2920_CreateContractFromEventContentWithAPCLot.run(DMSTC-2920_CreateContractFromEventContentWithAPCLot:218)
	at com.kms.katalon.core.main.ScriptEngine.run(ScriptEngine.java:194)
	at com.kms.katalon.core.main.ScriptEngine.runScriptAsRawText(ScriptEngine.java:119)
	at com.kms.katalon.core.main.TestCaseExecutor.runScript(TestCaseExecutor.java:331)
	at com.kms.katalon.core.main.TestCaseExecutor.doExecute(TestCaseExecutor.java:322)
	at com.kms.katalon.core.main.TestCaseExecutor.processExecutionPhase(TestCaseExecutor.java:301)
	at com.kms.katalon.core.main.TestCaseExecutor.accessMainPhase(TestCaseExecutor.java:293)
	at com.kms.katalon.core.main.TestCaseExecutor.execute(TestCaseExecutor.java:227)
	at com.kms.katalon.core.main.TestSuiteExecutor.accessTestCaseMainPhase(TestSuiteExecutor.java:129)
	at com.kms.katalon.core.main.TestSuiteExecutor.accessTestSuiteMainPhase(TestSuiteExecutor.java:112)
	at com.kms.katalon.core.main.TestSuiteExecutor.execute(TestSuiteExecutor.java:81)
	at com.kms.katalon.core.main.TestCaseMain.startTestSuite(TestCaseMain.java:157)
	at com.kms.katalon.core.main.TestCaseMain$startTestSuite$0.call(Unknown Source)
	at TempTestSuite1584326733091.run(TempTestSuite1584326733091.groovy:35)
)
[[ATTACHMENT|/Users/i331477/git/S4MicroServiceKatalon/Reports/TestSuite/20200316_081532/1584327058221.png]]

2020-03-16 08:21:00 - [TEST_STEP][PASSED] - aribakeywords.aribaClick(findTestObject("Object Repository/label_SignTemplate154462011136")): Element has been clicked

2020-03-16 08:21:01 - [MESSAGE][PASSED] - Object 'Object Repository/label_SignTemplate154462011136' is clickable

2020-03-16 08:21:02 - [MESSAGE][PASSED] - Scroll to object 'Object Repository/label_SignTemplate154462011136' successfully

2020-03-16 08:21:03 - [MESSAGE][PASSED] - Object 'Object Repository/label_SignTemplate154462011136' is visible

2020-03-16 08:21:04 - [MESSAGE][INFO] - Clicking element

2020-03-16 08:21:05 - [MESSAGE][PASSED] - Object: 'Object Repository/label_SignTemplate154462011136' is clicked on

2020-03-16 08:21:06 - [MESSAGE][INFO] - ************* JS EXECUTED ************: true

2020-03-16 08:21:07 - [MESSAGE][PASSED] - Delayed 1 second(s)

2020-03-16 08:21:07 - [MESSAGE][PASSED] - Element has been clicked

2020-03-16 08:21:07 - [TEST_STEP][PASSED] - aribakeywords.aribaClick(findTestObject("Page_Ariba Spend Management/span_Create")): Element has been clicked

2020-03-16 08:21:08 - [MESSAGE][PASSED] - Object 'Object Repository/Page_Ariba Spend Management/span_Create' is clickable

2020-03-16 08:21:09 - [MESSAGE][PASSED] - Scroll to object 'Object Repository/Page_Ariba Spend Management/span_Create' successfully

2020-03-16 08:21:10 - [MESSAGE][PASSED] - Object 'Object Repository/Page_Ariba Spend Management/span_Create' is visible

2020-03-16 08:21:11 - [MESSAGE][INFO] - Clicking element

2020-03-16 08:21:13 - [MESSAGE][PASSED] - Object: 'Object Repository/Page_Ariba Spend Management/span_Create' is clicked on

2020-03-16 08:21:14 - [MESSAGE][INFO] - ************* JS EXECUTED ************: false

2020-03-16 08:21:15 - [MESSAGE][PASSED] - Delayed 1 second(s)

2020-03-16 08:21:15 - [MESSAGE][INFO] - ************* JS EXECUTED ************: false

2020-03-16 08:21:16 - [MESSAGE][PASSED] - Delayed 1 second(s)

2020-03-16 08:21:17 - [MESSAGE][INFO] - ************* JS EXECUTED ************: true

2020-03-16 08:21:18 - [MESSAGE][PASSED] - Delayed 1 second(s)

2020-03-16 08:21:18 - [MESSAGE][PASSED] - Element has been clicked

2020-03-16 08:21:18 - [TEST_STEP][PASSED] - aribakeywords.aribaClick(findTestObject("Page_Ariba Spend Management/span_Documents_w-pml-icon")): Element has been clicked

2020-03-16 08:21:19 - [MESSAGE][PASSED] - Object 'Object Repository/Page_Ariba Spend Management/span_Documents_w-pml-icon' is clickable

2020-03-16 08:21:20 - [MESSAGE][PASSED] - Scroll to object 'Object Repository/Page_Ariba Spend Management/span_Documents_w-pml-icon' successfully

2020-03-16 08:21:21 - [MESSAGE][PASSED] - Object 'Object Repository/Page_Ariba Spend Management/span_Documents_w-pml-icon' is visible

2020-03-16 08:21:22 - [MESSAGE][INFO] - Clicking element

2020-03-16 08:21:23 - [MESSAGE][PASSED] - Object: 'Object Repository/Page_Ariba Spend Management/span_Documents_w-pml-icon' is clicked on

2020-03-16 08:21:24 - [MESSAGE][INFO] - ************* JS EXECUTED ************: true

2020-03-16 08:21:25 - [MESSAGE][PASSED] - Delayed 1 second(s)

2020-03-16 08:21:25 - [MESSAGE][PASSED] - Element has been clicked

2020-03-16 08:21:25 - [TEST_STEP][PASSED] - aribakeywords.aribaClick(findTestObject("Object Repository/form_BackAlert ()CustomizeAnal")): Element has been clicked

2020-03-16 08:21:26 - [MESSAGE][PASSED] - Object 'Object Repository/form_BackAlert ()CustomizeAnal' is clickable

2020-03-16 08:21:27 - [MESSAGE][PASSED] - Scroll to object 'Object Repository/form_BackAlert ()CustomizeAnal' successfully

2020-03-16 08:21:28 - [MESSAGE][PASSED] - Object 'Object Repository/form_BackAlert ()CustomizeAnal' is visible

2020-03-16 08:21:29 - [MESSAGE][INFO] - Clicking element

2020-03-16 08:21:30 - [MESSAGE][PASSED] - Object: 'Object Repository/form_BackAlert ()CustomizeAnal' is clicked on

2020-03-16 08:21:31 - [MESSAGE][INFO] - ************* JS EXECUTED ************: false

2020-03-16 08:21:32 - [MESSAGE][PASSED] - Delayed 1 second(s)

2020-03-16 08:21:33 - [MESSAGE][INFO] - ************* JS EXECUTED ************: true

2020-03-16 08:21:34 - [MESSAGE][PASSED] - Delayed 1 second(s)

2020-03-16 08:21:34 - [MESSAGE][PASSED] - Element has been clicked

2020-03-16 08:21:34 - [TEST_STEP][PASSED] - aribakeywords.waitForPageToLoad(3): Delayed 1 second(s)

2020-03-16 08:21:35 - [MESSAGE][INFO] - ************* JS EXECUTED ************: true

2020-03-16 08:21:36 - [MESSAGE][PASSED] - Delayed 1 second(s)

2020-03-16 08:21:36 - [TEST_STEP][PASSED] - driver = getWebDriver(): null

2020-03-16 08:21:36 - [TEST_STEP][PASSED] - lotSize = xpath(APCLOT_LOT)).size(): null

2020-03-16 08:21:36 - [TEST_STEP][PASSED] - verifyMatch(lotSize.toString(), "1", false, STOP_ON_FAILURE): Actual text '1' and expected text '1' are matched 

2020-03-16 08:21:36 - [MESSAGE][PASSED] - Actual text '1' and expected text '1' are matched 

2020-03-16 08:21:36 - [TEST_STEP][PASSED] - childItem = xpath(APCLOT_CHILDITEM_LOC)).size(): null

2020-03-16 08:21:37 - [TEST_STEP][PASSED] - verifyMatch(childItem.toString(), "1", false, STOP_ON_FAILURE): Actual text '1' and expected text '1' are matched 

2020-03-16 08:21:37 - [MESSAGE][PASSED] - Actual text '1' and expected text '1' are matched 

2020-03-16 08:21:37 - [TEST_STEP][PASSED] - verifyTextPresent("View pricing conditions", false, STOP_ON_FAILURE): Text 'View pricing conditions' is present on page 

2020-03-16 08:21:39 - [MESSAGE][PASSED] - Text 'View pricing conditions' is present on page 

2020-03-16 08:21:39 - [TEST_STEP][PASSED] - apcLink = aribakeywords.createTestObject(APCLINK_LOC): null

2020-03-16 08:21:39 - [TEST_STEP][FAILED] - verifyElementPresent(apcLink, 3, STOP_ON_FAILURE): verifyElementPresent(apcLink, 3, STOP_ON_FAILURE) FAILED.
Reason:
com.kms.katalon.core.exception.StepFailedException: Unable to verify object '//a[@awname='0.3_RITASHORTSTRINGIFZ000003Computed Term::RITASHORTSTRINGIFZ000003:pricingInfoDisplay']' is present
	at com.kms.katalon.core.webui.keyword.internal.WebUIKeywordMain.stepFailed(WebUIKeywordMain.groovy:64)
	at com.kms.katalon.core.webui.keyword.internal.WebUIKeywordMain.runKeyword(WebUIKeywordMain.groovy:26)
	at com.kms.katalon.core.webui.keyword.builtin.VerifyElementPresentKeyword.verifyElementPresent(VerifyElementPresentKeyword.groovy:92)
	at com.kms.katalon.core.webui.keyword.builtin.VerifyElementPresentKeyword.execute(VerifyElementPresentKeyword.groovy:68)
	at com.kms.katalon.core.keyword.internal.KeywordExecutor.executeKeywordForPlatform(KeywordExecutor.groovy:56)
	at com.kms.katalon.core.webui.keyword.WebUiBuiltInKeywords.verifyElementPresent(WebUiBuiltInKeywords.groovy:1418)
	at com.kms.katalon.core.webui.keyword.WebUiBuiltInKeywords$verifyElementPresent$13.call(Unknown Source)
	at DMSTC-2920_CreateContractFromEventContentWithAPCLot.run(DMSTC-2920_CreateContractFromEventContentWithAPCLot:249)
	at com.kms.katalon.core.main.ScriptEngine.run(ScriptEngine.java:194)
	at com.kms.katalon.core.main.ScriptEngine.runScriptAsRawText(ScriptEngine.java:119)
	at com.kms.katalon.core.main.TestCaseExecutor.runScript(TestCaseExecutor.java:331)
	at com.kms.katalon.core.main.TestCaseExecutor.doExecute(TestCaseExecutor.java:322)
	at com.kms.katalon.core.main.TestCaseExecutor.processExecutionPhase(TestCaseExecutor.java:301)
	at com.kms.katalon.core.main.TestCaseExecutor.accessMainPhase(TestCaseExecutor.java:293)
	at com.kms.katalon.core.main.TestCaseExecutor.execute(TestCaseExecutor.java:227)
	at com.kms.katalon.core.main.TestSuiteExecutor.accessTestCaseMainPhase(TestSuiteExecutor.java:129)
	at com.kms.katalon.core.main.TestSuiteExecutor.accessTestSuiteMainPhase(TestSuiteExecutor.java:112)
	at com.kms.katalon.core.main.TestSuiteExecutor.execute(TestSuiteExecutor.java:81)
	at com.kms.katalon.core.main.TestCaseMain.startTestSuite(TestCaseMain.java:157)
	at com.kms.katalon.core.main.TestCaseMain$startTestSuite$0.call(Unknown Source)
	at TempTestSuite1584326733091.run(TempTestSuite1584326733091.groovy:35)
Caused by: com.kms.katalon.core.exception.StepFailedException: com.kms.katalon.core.webui.exception.WebElementNotFoundException: Web element with id: '//a[@awname='0.3_RITASHORTSTRINGIFZ000003Computed Term::RITASHORTSTRINGIFZ000003:pricingInfoDisplay']' located by 'By.xpath: //a[@awname='0.3_RITASHORTSTRINGIFZ000003Computed Term::RITASHORTSTRINGIFZ000003:pricingInfoDisplay']' not found
	at com.kms.katalon.core.webui.keyword.internal.WebUIKeywordMain.stepFailed(WebUIKeywordMain.groovy:64)
	at com.kms.katalon.core.webui.keyword.builtin.VerifyElementPresentKeyword$_verifyElementPresent_closure1.doCall(VerifyElementPresentKeyword.groovy:85)
	at com.kms.katalon.core.webui.keyword.builtin.VerifyElementPresentKeyword$_verifyElementPresent_closure1.call(VerifyElementPresentKeyword.groovy)
	at com.kms.katalon.core.webui.keyword.internal.WebUIKeywordMain.runKeyword(WebUIKeywordMain.groovy:20)
	... 19 more


2020-03-16 08:21:45 - [MESSAGE][INFO] - Unable to find the element located by 'By.xpath: //a[@awname='0.3_RITASHORTSTRINGIFZ000003Computed Term::RITASHORTSTRINGIFZ000003:pricingInfoDisplay']'. Please recheck the objects properties to make sure the desired element is located. 

2020-03-16 08:21:47 - [MESSAGE][FAILED] - com.kms.katalon.core.webui.exception.WebElementNotFoundException: Web element with id: '//a[@awname='0.3_RITASHORTSTRINGIFZ000003Computed Term::RITASHORTSTRINGIFZ000003:pricingInfoDisplay']' located by 'By.xpath: //a[@awname='0.3_RITASHORTSTRINGIFZ000003Computed Term::RITASHORTSTRINGIFZ000003:pricingInfoDisplay']' not found (Root cause: com.kms.katalon.core.exception.StepFailedException: com.kms.katalon.core.webui.exception.WebElementNotFoundException: Web element with id: '//a[@awname='0.3_RITASHORTSTRINGIFZ000003Computed Term::RITASHORTSTRINGIFZ000003:pricingInfoDisplay']' located by 'By.xpath: //a[@awname='0.3_RITASHORTSTRINGIFZ000003Computed Term::RITASHORTSTRINGIFZ000003:pricingInfoDisplay']' not found
	at com.kms.katalon.core.webui.keyword.internal.WebUIKeywordMain.stepFailed(WebUIKeywordMain.groovy:64)
	at com.kms.katalon.core.webui.keyword.builtin.VerifyElementPresentKeyword$_verifyElementPresent_closure1.doCall(VerifyElementPresentKeyword.groovy:85)
	at com.kms.katalon.core.webui.keyword.builtin.VerifyElementPresentKeyword$_verifyElementPresent_closure1.call(VerifyElementPresentKeyword.groovy)
	at com.kms.katalon.core.webui.keyword.internal.WebUIKeywordMain.runKeyword(WebUIKeywordMain.groovy:20)
	at com.kms.katalon.core.webui.keyword.builtin.VerifyElementPresentKeyword.verifyElementPresent(VerifyElementPresentKeyword.groovy:92)
	at com.kms.katalon.core.webui.keyword.builtin.VerifyElementPresentKeyword.execute(VerifyElementPresentKeyword.groovy:68)
	at com.kms.katalon.core.keyword.internal.KeywordExecutor.executeKeywordForPlatform(KeywordExecutor.groovy:56)
	at com.kms.katalon.core.webui.keyword.WebUiBuiltInKeywords.verifyElementPresent(WebUiBuiltInKeywords.groovy:1418)
	at com.kms.katalon.core.webui.keyword.WebUiBuiltInKeywords$verifyElementPresent$13.call(Unknown Source)
	at DMSTC-2920_CreateContractFromEventContentWithAPCLot.run(DMSTC-2920_CreateContractFromEventContentWithAPCLot:249)
	at com.kms.katalon.core.main.ScriptEngine.run(ScriptEngine.java:194)
	at com.kms.katalon.core.main.ScriptEngine.runScriptAsRawText(ScriptEngine.java:119)
	at com.kms.katalon.core.main.TestCaseExecutor.runScript(TestCaseExecutor.java:331)
	at com.kms.katalon.core.main.TestCaseExecutor.doExecute(TestCaseExecutor.java:322)
	at com.kms.katalon.core.main.TestCaseExecutor.processExecutionPhase(TestCaseExecutor.java:301)
	at com.kms.katalon.core.main.TestCaseExecutor.accessMainPhase(TestCaseExecutor.java:293)
	at com.kms.katalon.core.main.TestCaseExecutor.execute(TestCaseExecutor.java:227)
	at com.kms.katalon.core.main.TestSuiteExecutor.accessTestCaseMainPhase(TestSuiteExecutor.java:129)
	at com.kms.katalon.core.main.TestSuiteExecutor.accessTestSuiteMainPhase(TestSuiteExecutor.java:112)
	at com.kms.katalon.core.main.TestSuiteExecutor.execute(TestSuiteExecutor.java:81)
	at com.kms.katalon.core.main.TestCaseMain.startTestSuite(TestCaseMain.java:157)
	at com.kms.katalon.core.main.TestCaseMain$startTestSuite$0.call(Unknown Source)
	at TempTestSuite1584326733091.run(TempTestSuite1584326733091.groovy:35)
)
[[ATTACHMENT|/Users/i331477/git/S4MicroServiceKatalon/Reports/TestSuite/20200316_081532/1584327105223.png]]

2020-03-16 08:21:48 - [MESSAGE][FAILED] - Unable to verify object '//a[@awname='0.3_RITASHORTSTRINGIFZ000003Computed Term::RITASHORTSTRINGIFZ000003:pricingInfoDisplay']' is present (Root cause: com.kms.katalon.core.exception.StepFailedException: Unable to verify object '//a[@awname='0.3_RITASHORTSTRINGIFZ000003Computed Term::RITASHORTSTRINGIFZ000003:pricingInfoDisplay']' is present
	at com.kms.katalon.core.webui.keyword.internal.WebUIKeywordMain.stepFailed(WebUIKeywordMain.groovy:64)
	at com.kms.katalon.core.webui.keyword.internal.WebUIKeywordMain.runKeyword(WebUIKeywordMain.groovy:26)
	at com.kms.katalon.core.webui.keyword.builtin.VerifyElementPresentKeyword.verifyElementPresent(VerifyElementPresentKeyword.groovy:92)
	at com.kms.katalon.core.webui.keyword.builtin.VerifyElementPresentKeyword.execute(VerifyElementPresentKeyword.groovy:68)
	at com.kms.katalon.core.keyword.internal.KeywordExecutor.executeKeywordForPlatform(KeywordExecutor.groovy:56)
	at com.kms.katalon.core.webui.keyword.WebUiBuiltInKeywords.verifyElementPresent(WebUiBuiltInKeywords.groovy:1418)
	at com.kms.katalon.core.webui.keyword.WebUiBuiltInKeywords$verifyElementPresent$13.call(Unknown Source)
	at DMSTC-2920_CreateContractFromEventContentWithAPCLot.run(DMSTC-2920_CreateContractFromEventContentWithAPCLot:249)
	at com.kms.katalon.core.main.ScriptEngine.run(ScriptEngine.java:194)
	at com.kms.katalon.core.main.ScriptEngine.runScriptAsRawText(ScriptEngine.java:119)
	at com.kms.katalon.core.main.TestCaseExecutor.runScript(TestCaseExecutor.java:331)
	at com.kms.katalon.core.main.TestCaseExecutor.doExecute(TestCaseExecutor.java:322)
	at com.kms.katalon.core.main.TestCaseExecutor.processExecutionPhase(TestCaseExecutor.java:301)
	at com.kms.katalon.core.main.TestCaseExecutor.accessMainPhase(TestCaseExecutor.java:293)
	at com.kms.katalon.core.main.TestCaseExecutor.execute(TestCaseExecutor.java:227)
	at com.kms.katalon.core.main.TestSuiteExecutor.accessTestCaseMainPhase(TestSuiteExecutor.java:129)
	at com.kms.katalon.core.main.TestSuiteExecutor.accessTestSuiteMainPhase(TestSuiteExecutor.java:112)
	at com.kms.katalon.core.main.TestSuiteExecutor.execute(TestSuiteExecutor.java:81)
[...]

2020-03-16 08:33:06 - [MESSAGE][PASSED] - Object '//label[@awname='CW_1584327108566::AWTSingleSelectColumnRenderer']' is visible

2020-03-16 08:33:06 - [TEST_STEP][PASSED] - verifyElementPresent(rdBtnObj, 3, STOP_ON_FAILURE): Object '//label[@awname='CW_1584327108566::AWTSingleSelectColumnRenderer']' is present

2020-03-16 08:33:07 - [MESSAGE][PASSED] - Object '//label[@awname='CW_1584327108566::AWTSingleSelectColumnRenderer']' is present

2020-03-16 08:33:07 - [TEST_STEP][PASSED] - aribakeywords.aribaClick(rdBtnObj): Element has been clicked

2020-03-16 08:33:07 - [MESSAGE][PASSED] - Object '//label[@awname='CW_1584327108566::AWTSingleSelectColumnRenderer']' is clickable

2020-03-16 08:33:08 - [MESSAGE][PASSED] - Scroll to object '//label[@awname='CW_1584327108566::AWTSingleSelectColumnRenderer']' successfully

2020-03-16 08:33:09 - [MESSAGE][PASSED] - Object '//label[@awname='CW_1584327108566::AWTSingleSelectColumnRenderer']' is visible

2020-03-16 08:33:11 - [MESSAGE][INFO] - Clicking element

2020-03-16 08:33:11 - [MESSAGE][PASSED] - Object: '//label[@awname='CW_1584327108566::AWTSingleSelectColumnRenderer']' is clicked on

2020-03-16 08:33:12 - [MESSAGE][INFO] - ************* JS EXECUTED ************: true

2020-03-16 08:33:13 - [MESSAGE][PASSED] - Delayed 1 second(s)

2020-03-16 08:33:13 - [MESSAGE][PASSED] - Element has been clicked

2020-03-16 08:33:13 - [TEST_STEP][PASSED] - aribakeywords.aribaClick(findTestObject("Object Repository/btn select contract")): Element has been clicked

2020-03-16 08:33:14 - [MESSAGE][PASSED] - Object 'Object Repository/btn select contract' is clickable

2020-03-16 08:33:15 - [MESSAGE][PASSED] - Scroll to object 'Object Repository/btn select contract' successfully

2020-03-16 08:33:16 - [MESSAGE][PASSED] - Object 'Object Repository/btn select contract' is visible

2020-03-16 08:33:17 - [MESSAGE][INFO] - Clicking element

2020-03-16 08:33:18 - [MESSAGE][PASSED] - Object: 'Object Repository/btn select contract' is clicked on

2020-03-16 08:33:19 - [MESSAGE][INFO] - ************* JS EXECUTED ************: true

2020-03-16 08:33:20 - [MESSAGE][PASSED] - Delayed 1 second(s)

2020-03-16 08:33:20 - [MESSAGE][PASSED] - Element has been clicked

2020-03-16 08:33:20 - [TEST_STEP][PASSED] - aribakeywords.aribaClick(findTestObject("Object Repository/rd append contract")): Element has been clicked

2020-03-16 08:33:21 - [MESSAGE][PASSED] - Object 'Object Repository/rd append contract' is clickable

2020-03-16 08:33:22 - [MESSAGE][PASSED] - Scroll to object 'Object Repository/rd append contract' successfully

2020-03-16 08:33:23 - [MESSAGE][PASSED] - Object 'Object Repository/rd append contract' is visible

2020-03-16 08:33:24 - [MESSAGE][INFO] - Clicking element

2020-03-16 08:33:25 - [MESSAGE][PASSED] - Object: 'Object Repository/rd append contract' is clicked on

2020-03-16 08:33:26 - [MESSAGE][INFO] - ************* JS EXECUTED ************: true

2020-03-16 08:33:27 - [MESSAGE][PASSED] - Delayed 1 second(s)

2020-03-16 08:33:27 - [MESSAGE][PASSED] - Element has been clicked

2020-03-16 08:33:27 - [TEST_STEP][PASSED] - aribakeywords.aribaClick(findTestObject("Object Repository/btn ok save")): Element has been clicked

2020-03-16 08:33:28 - [MESSAGE][PASSED] - Object 'Object Repository/btn ok save' is clickable

2020-03-16 08:33:29 - [MESSAGE][PASSED] - Scroll to object 'Object Repository/btn ok save' successfully

2020-03-16 08:33:30 - [MESSAGE][PASSED] - Object 'Object Repository/btn ok save' is visible

2020-03-16 08:33:31 - [MESSAGE][INFO] - Clicking element

2020-03-16 08:33:32 - [MESSAGE][PASSED] - Object: 'Object Repository/btn ok save' is clicked on

2020-03-16 08:33:33 - [MESSAGE][INFO] - ************* JS EXECUTED ************: false

2020-03-16 08:33:34 - [MESSAGE][PASSED] - Delayed 1 second(s)

2020-03-16 08:33:35 - [MESSAGE][INFO] - ************* JS EXECUTED ************: false

2020-03-16 08:33:36 - [MESSAGE][PASSED] - Delayed 1 second(s)

2020-03-16 08:33:36 - [MESSAGE][INFO] - ************* JS EXECUTED ************: false

2020-03-16 08:33:37 - [MESSAGE][PASSED] - Delayed 1 second(s)

2020-03-16 08:33:38 - [MESSAGE][INFO] - ************* JS EXECUTED ************: false

2020-03-16 08:33:39 - [MESSAGE][PASSED] - Delayed 1 second(s)

2020-03-16 08:33:39 - [MESSAGE][INFO] - ************* JS EXECUTED ************: false

2020-03-16 08:33:40 - [MESSAGE][PASSED] - Delayed 1 second(s)

2020-03-16 08:33:41 - [MESSAGE][INFO] - ************* JS EXECUTED ************: false

2020-03-16 08:33:42 - [MESSAGE][PASSED] - Delayed 1 second(s)

2020-03-16 08:33:43 - [MESSAGE][INFO] - ************* JS EXECUTED ************: true

2020-03-16 08:33:44 - [MESSAGE][PASSED] - Delayed 1 second(s)

2020-03-16 08:33:44 - [MESSAGE][PASSED] - Element has been clicked

2020-03-16 08:33:44 - [TEST_STEP][PASSED] - refresh(): Refresh successfully

2020-03-16 08:33:45 - [MESSAGE][PASSED] - Refresh successfully

2020-03-16 08:33:45 - [TEST_STEP][PASSED] - waitForElementVisible(findTestObject("Page_Ariba Spend Management/span_Documents_w-pml-icon"), 3, OPTIONAL): Object 'Object Repository/Page_Ariba Spend Management/span_Documents_w-pml-icon' is visible

2020-03-16 08:33:46 - [MESSAGE][PASSED] - Object 'Object Repository/Page_Ariba Spend Management/span_Documents_w-pml-icon' is visible

2020-03-16 08:33:46 - [TEST_STEP][PASSED] - aribakeywords.aribaClick(findTestObject("Page_Ariba Spend Management/span_Documents_w-pml-icon")): Element has been clicked

2020-03-16 08:33:47 - [MESSAGE][PASSED] - Object 'Object Repository/Page_Ariba Spend Management/span_Documents_w-pml-icon' is clickable

2020-03-16 08:33:47 - [MESSAGE][PASSED] - Scroll to object 'Object Repository/Page_Ariba Spend Management/span_Documents_w-pml-icon' successfully

2020-03-16 08:33:48 - [MESSAGE][PASSED] - Object 'Object Repository/Page_Ariba Spend Management/span_Documents_w-pml-icon' is visible

2020-03-16 08:33:50 - [MESSAGE][INFO] - Clicking element

2020-03-16 08:33:51 - [MESSAGE][PASSED] - Object: 'Object Repository/Page_Ariba Spend Management/span_Documents_w-pml-icon' is clicked on

2020-03-16 08:33:51 - [MESSAGE][INFO] - ************* JS EXECUTED ************: true

2020-03-16 08:33:52 - [MESSAGE][PASSED] - Delayed 1 second(s)

2020-03-16 08:33:52 - [MESSAGE][PASSED] - Element has been clicked

2020-03-16 08:33:52 - [TEST_STEP][PASSED] - openDocLnk = modifyObjectProperty(findTestObject("Object Repository/Page_Ariba Spend Management/span_Import"), "awname", "contains", OPENDOC_LOC, true): Modify property of object successfully

2020-03-16 08:33:52 - [MESSAGE][PASSED] - Modify property of object successfully

2020-03-16 08:33:52 - [TEST_STEP][PASSED] - aribakeywords.aribaClick(openDocLnk): Element has been clicked

2020-03-16 08:33:53 - [MESSAGE][PASSED] - Object 'Object Repository/Page_Ariba Spend Management/span_Import' is clickable

2020-03-16 08:33:54 - [MESSAGE][PASSED] - Scroll to object 'Object Repository/Page_Ariba Spend Management/span_Import' successfully

2020-03-16 08:33:55 - [MESSAGE][PASSED] - Object 'Object Repository/Page_Ariba Spend Management/span_Import' is visible

2020-03-16 08:33:57 - [MESSAGE][INFO] - Clicking element

2020-03-16 08:33:58 - [MESSAGE][PASSED] - Object: 'Object Repository/Page_Ariba Spend Management/span_Import' is clicked on

2020-03-16 08:33:59 - [MESSAGE][INFO] - ************* JS EXECUTED ************: false

2020-03-16 08:34:00 - [MESSAGE][PASSED] - Delayed 1 second(s)

2020-03-16 08:34:00 - [MESSAGE][INFO] - ************* JS EXECUTED ************: false

2020-03-16 08:34:01 - [MESSAGE][PASSED] - Delayed 1 second(s)

2020-03-16 08:34:02 - [MESSAGE][INFO] - ************* JS EXECUTED ************: false

2020-03-16 08:34:03 - [MESSAGE][PASSED] - Delayed 1 second(s)

2020-03-16 08:34:03 - [MESSAGE][INFO] - ************* JS EXECUTED ************: true

2020-03-16 08:34:04 - [MESSAGE][PASSED] - Delayed 1 second(s)

2020-03-16 08:34:04 - [MESSAGE][PASSED] - Element has been clicked

2020-03-16 08:34:04 - [TEST_STEP][PASSED] - aribakeywords.waitForPageToLoad(3): Delayed 1 second(s)

2020-03-16 08:34:05 - [MESSAGE][INFO] - ************* JS EXECUTED ************: true

2020-03-16 08:34:06 - [MESSAGE][PASSED] - Delayed 1 second(s)

2020-03-16 08:34:06 - [TEST_STEP][PASSED] - lotSize = xpath(APCLOT_LOT)).size(): null

2020-03-16 08:34:06 - [TEST_STEP][PASSED] - verifyMatch(lotSize.toString(), "1", false, STOP_ON_FAILURE): Actual text '1' and expected text '1' are matched 

2020-03-16 08:34:06 - [MESSAGE][PASSED] - Actual text '1' and expected text '1' are matched 

2020-03-16 08:34:06 - [TEST_STEP][PASSED] - childItem = xpath(APCLOT_CHILDITEM_LOC)).size(): null

2020-03-16 08:34:07 - [TEST_STEP][PASSED] - verifyMatch(childItem.toString(), "1", false, STOP_ON_FAILURE): Actual text '1' and expected text '1' are matched 

2020-03-16 08:34:07 - [MESSAGE][PASSED] - Actual text '1' and expected text '1' are matched 

2020-03-16 08:34:07 - [TEST_STEP][PASSED] - verifyTextPresent("View pricing conditions", false, STOP_ON_FAILURE): Text 'View pricing conditions' is present on page 

2020-03-16 08:34:09 - [MESSAGE][PASSED] - Text 'View pricing conditions' is present on page 

2020-03-16 08:34:09 - [TEST_STEP][PASSED] - apcterms = driver.findElements(By.xpath("//a[contains(@awname,'Computed Term::RITASHORTSTRINGIFZ00000')]")): null

2020-03-16 08:34:09 - [TEST_STEP][PASSED] - verifyEqual(apcterms.size(), 2, STOP_ON_FAILURE): Actual object '2' and expected object '2' are equal

2020-03-16 08:34:09 - [MESSAGE][PASSED] - Actual object '2' and expected object '2' are equal

2020-03-16 08:34:09 - [TEST_STEP][PASSED] - apcLink = aribakeywords.createTestObject("//a[contains(@awname,'Computed Term::RITASHORTSTRINGIFZ00000')]"): null

2020-03-16 08:34:09 - [TEST_STEP][PASSED] - verifyElementPresent(apcLink, 3, STOP_ON_FAILURE): Object '//a[contains(@awname,'Computed Term::RITASHORTSTRINGIFZ00000')]' is present

2020-03-16 08:34:10 - [MESSAGE][PASSED] - Object '//a[contains(@awname,'Computed Term::RITASHORTSTRINGIFZ00000')]' is present

2020-03-16 08:34:10 - [TEST_STEP][PASSED] - aribakeywords.aribaClick(apcLink): Element has been clicked

2020-03-16 08:34:11 - [MESSAGE][PASSED] - Object '//a[contains(@awname,'Computed Term::RITASHORTSTRINGIFZ00000')]' is clickable

2020-03-16 08:34:12 - [MESSAGE][PASSED] - Scroll to object '//a[contains(@awname,'Computed Term::RITASHORTSTRINGIFZ00000')]' successfully

2020-03-16 08:34:13 - [MESSAGE][PASSED] - Object '//a[contains(@awname,'Computed Term::RITASHORTSTRINGIFZ00000')]' is visible

2020-03-16 08:34:14 - [MESSAGE][INFO] - Clicking element

2020-03-16 08:34:15 - [MESSAGE][PASSED] - Object: '//a[contains(@awname,'Computed Term::RITASHORTSTRINGIFZ00000')]' is clicked on

2020-03-16 08:34:16 - [MESSAGE][INFO] - ************* JS EXECUTED ************: false

2020-03-16 08:34:17 - [MESSAGE][PASSED] - Delayed 1 second(s)

2020-03-16 08:34:17 - [MESSAGE][INFO] - ************* JS EXECUTED ************: true

2020-03-16 08:34:18 - [MESSAGE][PASSED] - Delayed 1 second(s)

2020-03-16 08:34:18 - [MESSAGE][PASSED] - Element has been clicked

2020-03-16 08:34:18 - [TEST_STEP][PASSED] - verifyTextPresent("Dec 2019 - Dec 9999", false, STOP_ON_FAILURE): Text 'Dec 2019 - Dec 9999' is present on page 

2020-03-16 08:34:20 - [MESSAGE][PASSED] - Text 'Dec 2019 - Dec 9999' is present on page 

2020-03-16 08:34:20 - [TEST_STEP][PASSED] - verifyTextPresent("To 5", false, STOP_ON_FAILURE): Text 'To 5' is present on page 

2020-03-16 08:34:21 - [MESSAGE][PASSED] - Text 'To 5' is present on page 

2020-03-16 08:34:21 - [TEST_STEP][PASSED] - termValue = xpath(LOT_TERM_APC_PRICE_LOC)).getAttribute("value"): null

2020-03-16 08:34:22 - [TEST_STEP][PASSED] - verifyMatch(termValue, "44", false, STOP_ON_FAILURE): Actual text '44' and expected text '44' are matched 

2020-03-16 08:34:22 - [MESSAGE][PASSED] - Actual text '44' and expected text '44' are matched 

2020-03-16 08:34:22 - [TEST_STEP][PASSED] - try: Element has been clicked

2020-03-16 08:34:22 - [TEST_STEP][PASSED] - aribakeywords.aribaClick(findTestObject("Page_Ariba Spend Management/span_Done")): Element has been clicked

2020-03-16 08:34:23 - [MESSAGE][PASSED] - Object 'Object Repository/Page_Ariba Spend Management/span_Done' is clickable

2020-03-16 08:34:24 - [MESSAGE][PASSED] - Scroll to object 'Object Repository/Page_Ariba Spend Management/span_Done' successfully

2020-03-16 08:34:25 - [MESSAGE][PASSED] - Object 'Object Repository/Page_Ariba Spend Management/span_Done' is visible

2020-03-16 08:34:26 - [MESSAGE][INFO] - Clicking element

2020-03-16 08:34:27 - [MESSAGE][PASSED] - Object: 'Object Repository/Page_Ariba Spend Management/span_Done' is clicked on

2020-03-16 08:34:28 - [MESSAGE][INFO] - ************* JS EXECUTED ************: false

2020-03-16 08:34:29 - [MESSAGE][PASSED] - Delayed 1 second(s)

2020-03-16 08:34:29 - [MESSAGE][INFO] - ************* JS EXECUTED ************: true

2020-03-16 08:34:30 - [MESSAGE][PASSED] - Delayed 1 second(s)

2020-03-16 08:34:30 - [MESSAGE][PASSED] - Element has been clicked

2020-03-16 08:34:30 - [TEST_STEP][PASSED] - closeBrowser(): Browser is closed

2020-03-16 08:34:31 - [MESSAGE][PASSED] - Browser is closed]]></system-out>
         <system-err><![CDATA[]]></system-err>
      </testcase>
      <system-out><![CDATA[2020-03-16 08:15:34 - [TEST_SUITE][FAILED] - TestSuite: Test Cases/DMS/Test_POC/DMSTC-2920_CreateContractFromEventContentWithAPCLot FAILED.
Reason:
com.kms.katalon.core.exception.StepFailedException: Unable to verify object '//a[@awname='0.3_RITASHORTSTRINGIFZ000003Computed Term::RITASHORTSTRINGIFZ000003:pricingInfoDisplay']' is present
	at com.kms.katalon.core.webui.keyword.internal.WebUIKeywordMain.stepFailed(WebUIKeywordMain.groovy:64)
	at com.kms.katalon.core.webui.keyword.internal.WebUIKeywordMain.runKeyword(WebUIKeywordMain.groovy:26)
	at com.kms.katalon.core.webui.keyword.builtin.VerifyElementPresentKeyword.verifyElementPresent(VerifyElementPresentKeyword.groovy:92)
	at com.kms.katalon.core.webui.keyword.builtin.VerifyElementPresentKeyword.execute(VerifyElementPresentKeyword.groovy:68)
	at com.kms.katalon.core.keyword.internal.KeywordExecutor.executeKeywordForPlatform(KeywordExecutor.groovy:56)
	at com.kms.katalon.core.webui.keyword.WebUiBuiltInKeywords.verifyElementPresent(WebUiBuiltInKeywords.groovy:1418)
	at com.kms.katalon.core.webui.keyword.WebUiBuiltInKeywords$verifyElementPresent$13.call(Unknown Source)
	at DMSTC-2920_CreateContractFromEventContentWithAPCLot.run(DMSTC-2920_CreateContractFromEventContentWithAPCLot:249)
	at com.kms.katalon.core.main.ScriptEngine.run(ScriptEngine.java:194)
	at com.kms.katalon.core.main.ScriptEngine.runScriptAsRawText(ScriptEngine.java:119)
	at com.kms.katalon.core.main.TestCaseExecutor.runScript(TestCaseExecutor.java:331)
	at com.kms.katalon.core.main.TestCaseExecutor.doExecute(TestCaseExecutor.java:322)
	at com.kms.katalon.core.main.TestCaseExecutor.processExecutionPhase(TestCaseExecutor.java:301)
	at com.kms.katalon.core.main.TestCaseExecutor.accessMainPhase(TestCaseExecutor.java:293)
	at com.kms.katalon.core.main.TestCaseExecutor.execute(TestCaseExecutor.java:227)
	at com.kms.katalon.core.main.TestSuiteExecutor.accessTestCaseMainPhase(TestSuiteExecutor.java:129)
	at com.kms.katalon.core.main.TestSuiteExecutor.accessTestSuiteMainPhase(TestSuiteExecutor.java:112)
	at com.kms.katalon.core.main.TestSuiteExecutor.execute(TestSuiteExecutor.java:81)
	at com.kms.katalon.core.main.TestCaseMain.startTestSuite(TestCaseMain.java:157)
	at com.kms.katalon.core.main.TestCaseMain$startTestSuite$0.call(Unknown Source)
	at TempTestSuite1584326733091.run(TempTestSuite1584326733091.groovy:35)
Caused by: com.kms.katalon.core.exception.StepFailedException: com.kms.katalon.core.webui.exception.WebElementNotFoundException: Web element with id: '//a[@awname='0.3_RITASHORTSTRINGIFZ000003Computed Term::RITASHORTSTRINGIFZ000003:pricingInfoDisplay']' located by 'By.xpath: //a[@awname='0.3_RITASHORTSTRINGIFZ000003Computed Term::RITASHORTSTRINGIFZ000003:pricingInfoDisplay']' not found
	at com.kms.katalon.core.webui.keyword.internal.WebUIKeywordMain.stepFailed(WebUIKeywordMain.groovy:64)
	at com.kms.katalon.core.webui.keyword.builtin.VerifyElementPresentKeyword$_verifyElementPresent_closure1.doCall(VerifyElementPresentKeyword.groovy:85)
	at com.kms.katalon.core.webui.keyword.builtin.VerifyElementPresentKeyword$_verifyElementPresent_closure1.call(VerifyElementPresentKeyword.groovy)
	at com.kms.katalon.core.webui.keyword.internal.WebUIKeywordMain.runKeyword(WebUIKeywordMain.groovy:20)
	... 19 more]]></system-out>
      <system-err><![CDATA[2020-03-16 08:15:34 - [TEST_SUITE][FAILED] - TestSuite: Test Cases/DMS/Test_POC/DMSTC-2920_CreateContractFromEventContentWithAPCLot FAILED.
Reason:
com.kms.katalon.core.exception.StepFailedException: Unable to verify object '//a[@awname='0.3_RITASHORTSTRINGIFZ000003Computed Term::RITASHORTSTRINGIFZ000003:pricingInfoDisplay']' is present
	at com.kms.katalon.core.webui.keyword.internal.WebUIKeywordMain.stepFailed(WebUIKeywordMain.groovy:64)
	at com.kms.katalon.core.webui.keyword.internal.WebUIKeywordMain.runKeyword(WebUIKeywordMain.groovy:26)
	at com.kms.katalon.core.webui.keyword.builtin.VerifyElementPresentKeyword.verifyElementPresent(VerifyElementPresentKeyword.groovy:92)
	at com.kms.katalon.core.webui.keyword.builtin.VerifyElementPresentKeyword.execute(VerifyElementPresentKeyword.groovy:68)
	at com.kms.katalon.core.keyword.internal.KeywordExecutor.executeKeywordForPlatform(KeywordExecutor.groovy:56)
	at com.kms.katalon.core.webui.keyword.WebUiBuiltInKeywords.verifyElementPresent(WebUiBuiltInKeywords.groovy:1418)
	at com.kms.katalon.core.webui.keyword.WebUiBuiltInKeywords$verifyElementPresent$13.call(Unknown Source)
	at DMSTC-2920_CreateContractFromEventContentWithAPCLot.run(DMSTC-2920_CreateContractFromEventContentWithAPCLot:249)
	at com.kms.katalon.core.main.ScriptEngine.run(ScriptEngine.java:194)
	at com.kms.katalon.core.main.ScriptEngine.runScriptAsRawText(ScriptEngine.java:119)
	at com.kms.katalon.core.main.TestCaseExecutor.runScript(TestCaseExecutor.java:331)
	at com.kms.katalon.core.main.TestCaseExecutor.doExecute(TestCaseExecutor.java:322)
	at com.kms.katalon.core.main.TestCaseExecutor.processExecutionPhase(TestCaseExecutor.java:301)
	at com.kms.katalon.core.main.TestCaseExecutor.accessMainPhase(TestCaseExecutor.java:293)
	at com.kms.katalon.core.main.TestCaseExecutor.execute(TestCaseExecutor.java:227)
	at com.kms.katalon.core.main.TestSuiteExecutor.accessTestCaseMainPhase(TestSuiteExecutor.java:129)
	at com.kms.katalon.core.main.TestSuiteExecutor.accessTestSuiteMainPhase(TestSuiteExecutor.java:112)
	at com.kms.katalon.core.main.TestSuiteExecutor.execute(TestSuiteExecutor.java:81)
	at com.kms.katalon.core.main.TestCaseMain.startTestSuite(TestCaseMain.java:157)
	at com.kms.katalon.core.main.TestCaseMain$startTestSuite$0.call(Unknown Source)
	at TempTestSuite1584326733091.run(TempTestSuite1584326733091.groovy:35)
Caused by: com.kms.katalon.core.exception.StepFailedException: com.kms.katalon.core.webui.exception.WebElementNotFoundException: Web element with id: '//a[@awname='0.3_RITASHORTSTRINGIFZ000003Computed Term::RITASHORTSTRINGIFZ000003:pricingInfoDisplay']' located by 'By.xpath: //a[@awname='0.3_RITASHORTSTRINGIFZ000003Computed Term::RITASHORTSTRINGIFZ000003:pricingInfoDisplay']' not found
	at com.kms.katalon.core.webui.keyword.internal.WebUIKeywordMain.stepFailed(WebUIKeywordMain.groovy:64)
	at com.kms.katalon.core.webui.keyword.builtin.VerifyElementPresentKeyword$_verifyElementPresent_closure1.doCall(VerifyElementPresentKeyword.groovy:85)
	at com.kms.katalon.core.webui.keyword.builtin.VerifyElementPresentKeyword$_verifyElementPresent_closure1.call(VerifyElementPresentKeyword.groovy)
	at com.kms.katalon.core.webui.keyword.internal.WebUIKeywordMain.runKeyword(WebUIKeywordMain.groovy:20)
	... 19 more]]></system-err>
   </testsuite>
</testsuites>
