<?xml version="1.0" encoding="UTF-8"?>
<testsuites name="TestSuite" time="3305" tests="2" failures="4" errors="2">
   <testsuite name="TestSuite" tests="2" failures="4" errors="2" time="3305" timestamp="2020-03-16 09:01:48" hostname="i331477 - localhost" id="Test Suites/TestSuite">
      <properties>
[...]
</properties>
      <testcase name="Test Cases/DMS/PricingConditionSupportForLots - Copy/DMSTC-3002_ContractHavingLotWithAPCTerm" classname="Test Cases/DMS/PricingConditionSupportForLots - Copy/DMSTC-3002_ContractHavingLotWithAPCTerm" status="PASSED">
         <system-out><![CDATA[2020-03-16 09:01:49 - [TEST_CASE][PASSED] - Test Cases/DMS/PricingConditionSupportForLots - Copy/DMSTC-3002_ContractHavingLotWithAPCTerm: Test Cases/DMS/PricingConditionSupportForLots - Copy/DMSTC-3002_ContractHavingLotWithAPCTerm

2020-03-16 09:01:49 - [TEST_STEP][PASSED] - Start listener action : sampleBeforeTestCase: null

2020-03-16 09:01:49 - [TEST_STEP][PASSED] - println(testCaseContext.getTestCaseId()): null

2020-03-16 09:01:49 - [TEST_STEP][PASSED] - println(testCaseContext.getTestCaseVariables()): null

2020-03-16 09:01:49 - [TEST_STEP][PASSED] - fileName = "TestData.xlsx": null

2020-03-16 09:01:49 - [TEST_STEP][PASSED] - fileRelPath = "/Test Files/dms/ExcelValidations/": null

2020-03-16 09:01:49 - [TEST_STEP][PASSED] - sheetName = "Shashi_pricingConditions": null

2020-03-16 09:01:49 - [TEST_STEP][PASSED] - dataTableName = "DataSet7": null

2020-03-16 09:01:49 - [TEST_STEP][PASSED] - columnHeader = "toggles": null

2020-03-16 09:01:49 - [TEST_STEP][PASSED] - LOT_TERM_APC_PRICE_LOC = "//input[@awname='_DerivedStringValue::PCCostTermView_DerivedStringValue:fieldValue']": null

2020-03-16 09:01:49 - [TEST_STEP][PASSED] - LOTTERMAPCLINK_LOC = "//a[contains(@awname,'CW Term') and text()='View pricing conditions ']": null

2020-03-16 09:01:49 - [TEST_STEP][PASSED] - service = baseURL: null

2020-03-16 09:01:49 - [TEST_STEP][PASSED] - realm = realm: null

2020-03-16 09:01:49 - [TEST_STEP][PASSED] - appLoginUrl = service + "/Sourcing/Main?realm=" + realm: null

2020-03-16 09:01:49 - [TEST_STEP][PASSED] - CW = contractName + System.currentTimeMillis(): null

2020-03-16 09:01:49 - [TEST_STEP][PASSED] - userName = "customersupportadmin": null

2020-03-16 09:01:49 - [TEST_STEP][PASSED] - callTestCase(findTestCase("DMS/UtilTests/LoginIntoApp"), ["appLoginUrl":appLoginUrl, "userName":userName], STOP_ON_FAILURE): Call Test Case 'Test Cases/DMS/UtilTests/LoginIntoApp' successfully

2020-03-16 09:01:49 - [TEST_CASE][PASSED] - Test Cases/DMS/UtilTests/LoginIntoApp: Test Cases/DMS/UtilTests/LoginIntoApp

2020-03-16 09:01:49 - [TEST_STEP][PASSED] - openBrowser(""): Browser is opened with url: ''

2020-03-16 09:01:49 - [MESSAGE][INFO] - Starting 'Remote' driver

2020-03-16 09:01:49 - [MESSAGE][INFO] - User set preference: ['browserName', 'chrome']

2020-03-16 09:01:50 - [MESSAGE][INFO] - Connecting to remote web server 'http://10.173.0.211:4444/wd/hub' with type 'Selenium'

2020-03-16 09:01:50 - [MESSAGE][INFO] - Action delay is set to 0 seconds

2020-03-16 09:01:52 - [MESSAGE][PASSED] - Browser is opened with url: ''

2020-03-16 09:01:52 - [TEST_STEP][PASSED] - navigateToUrl(appLoginUrl): Navigate to 'https://svcdev7ss.ariba.com/Sourcing/Main?realm=s4SVAll' successfully

2020-03-16 09:01:54 - [MESSAGE][PASSED] - Navigate to 'https://svcdev7ss.ariba.com/Sourcing/Main?realm=s4SVAll' successfully

2020-03-16 09:01:54 - [TEST_STEP][PASSED] - common.util.aribakeywords.aribaClick(findTestObject("Object Repository/a_Test Central")): Element has been clicked

2020-03-16 09:01:55 - [MESSAGE][PASSED] - Object 'Object Repository/a_Test Central' is clickable

2020-03-16 09:01:56 - [MESSAGE][PASSED] - Scroll to object 'Object Repository/a_Test Central' successfully

2020-03-16 09:01:57 - [MESSAGE][PASSED] - Object 'Object Repository/a_Test Central' is visible

2020-03-16 09:01:58 - [MESSAGE][INFO] - Clicking element

2020-03-16 09:02:00 - [MESSAGE][PASSED] - Object: 'Object Repository/a_Test Central' is clicked on

2020-03-16 09:02:01 - [MESSAGE][INFO] - ************* JS EXECUTED ************: true

2020-03-16 09:02:02 - [MESSAGE][PASSED] - Delayed 1 second(s)

2020-03-16 09:02:02 - [MESSAGE][PASSED] - Element has been clicked

2020-03-16 09:02:02 - [TEST_STEP][PASSED] - setText(findTestObject("Object Repository/testcentralpageusername"), userName): Text 'customersupportadmin' is set on object 'Object Repository/testcentralpageusername'

2020-03-16 09:02:04 - [MESSAGE][PASSED] - Text 'customersupportadmin' is set on object 'Object Repository/testcentralpageusername'

2020-03-16 09:02:04 - [TEST_STEP][PASSED] - common.util.aribakeywords.aribaClick(findTestObject("Object Repository/testcentralsetuserbutton")): Element has been clicked

2020-03-16 09:02:05 - [MESSAGE][PASSED] - Object 'Object Repository/testcentralsetuserbutton' is clickable

2020-03-16 09:02:06 - [MESSAGE][PASSED] - Scroll to object 'Object Repository/testcentralsetuserbutton' successfully

2020-03-16 09:02:06 - [MESSAGE][PASSED] - Object 'Object Repository/testcentralsetuserbutton' is visible

2020-03-16 09:02:08 - [MESSAGE][INFO] - Clicking element

2020-03-16 09:02:09 - [MESSAGE][PASSED] - Object: 'Object Repository/testcentralsetuserbutton' is clicked on

2020-03-16 09:02:14 - [MESSAGE][INFO] - ************* JS EXECUTED ************: false

2020-03-16 09:02:15 - [MESSAGE][PASSED] - Delayed 1 second(s)

2020-03-16 09:02:16 - [MESSAGE][INFO] - ************* JS EXECUTED ************: true

2020-03-16 09:02:17 - [MESSAGE][PASSED] - Delayed 1 second(s)

2020-03-16 09:02:17 - [MESSAGE][PASSED] - Element has been clicked

2020-03-16 09:02:17 - [MESSAGE][PASSED] - Call Test Case 'Test Cases/DMS/UtilTests/LoginIntoApp' successfully

2020-03-16 09:02:17 - [TEST_STEP][PASSED] - volumeScaleFeature = "ariba.sourcing.util.SourcingEventFeatures.PricingConditionsWithScales": null

2020-03-16 09:02:17 - [TEST_STEP][PASSED] - fromScaleFeature = "ariba.sourcing.util.SourcingEventFeatures.FromScalesInPricingCondition": null

2020-03-16 09:02:17 - [TEST_STEP][PASSED] - appendReplaceContract = "ariba.collaborate.util.CollaborateFeatures.AppendLineItemsInExistingContract": null

2020-03-16 09:02:17 - [TEST_STEP][PASSED] - apcForBasketLots = "ariba.sourcing.util.SourcingEventFeatures.PricingConditionForBasketLot": null

2020-03-16 09:02:17 - [TEST_STEP][PASSED] - prepackMixedCase = "ariba.sourcing.util.RetailSourcingFeatures.PrePackAndMixedCases": null

2020-03-16 09:02:17 - [TEST_STEP][PASSED] - itemHierarchy = "ariba.sourcing.util.SourcingEventFeatures.SourcingItemHierarchy": null

2020-03-16 09:02:17 - [TEST_STEP][PASSED] - mixedCasedPrepack = "ariba.sourcing.util.RetailSourcingFeatures.PrePackAndMixedCasesInContract": null

2020-03-16 09:02:17 - [TEST_STEP][PASSED] - toggleList = [volumeScaleFeature, fromScaleFeature, appendReplaceContract, prepackMixedCase, itemHierarchy, mixedCasedPrepack]: null

2020-03-16 09:02:17 - [TEST_STEP][PASSED] - for ([i = 0, i < toggleList.size(), (i++)]): Call Test Case 'Test Cases/DMS/UtilTests/SetFeatureToggle' successfully

2020-03-16 09:02:17 - [TEST_STEP][PASSED] - callTestCase(findTestCase("DMS/UtilTests/SetFeatureToggle"), ["featureToggleName":toggleList[i]], STOP_ON_FAILURE): Call Test Case 'Test Cases/DMS/UtilTests/SetFeatureToggle' successfully

2020-03-16 09:02:17 - [TEST_CASE][PASSED] - Test Cases/DMS/UtilTests/SetFeatureToggle: Test Cases/DMS/UtilTests/SetFeatureToggle

2020-03-16 09:02:17 - [TEST_STEP][PASSED] - common.util.aribakeywords.aribaClick(findTestObject("Object Repository/a_TA..")): Element has been clicked

2020-03-16 09:02:18 - [MESSAGE][PASSED] - Object 'Object Repository/a_TA..' is clickable

2020-03-16 09:02:19 - [MESSAGE][PASSED] - Scroll to object 'Object Repository/a_TA..' successfully

2020-03-16 09:02:20 - [MESSAGE][PASSED] - Object 'Object Repository/a_TA..' is visible

2020-03-16 09:02:21 - [MESSAGE][INFO] - Clicking element

2020-03-16 09:02:22 - [MESSAGE][PASSED] - Object: 'Object Repository/a_TA..' is clicked on

2020-03-16 09:02:23 - [MESSAGE][INFO] - ************* JS EXECUTED ************: true

2020-03-16 09:02:24 - [MESSAGE][PASSED] - Delayed 1 second(s)

2020-03-16 09:02:24 - [MESSAGE][PASSED] - Element has been clicked

2020-03-16 09:02:24 - [TEST_STEP][PASSED] - common.util.aribakeywords.aribaClick(findTestObject("Object Repository/testCentral")): Element has been clicked

2020-03-16 09:02:25 - [MESSAGE][PASSED] - Object 'Object Repository/testCentral' is clickable

2020-03-16 09:02:26 - [MESSAGE][PASSED] - Scroll to object 'Object Repository/testCentral' successfully

2020-03-16 09:02:27 - [MESSAGE][PASSED] - Object 'Object Repository/testCentral' is visible

2020-03-16 09:02:28 - [MESSAGE][INFO] - Clicking element

2020-03-16 09:02:29 - [MESSAGE][PASSED] - Object: 'Object Repository/testCentral' is clicked on

2020-03-16 09:02:30 - [MESSAGE][INFO] - ************* JS EXECUTED ************: true

2020-03-16 09:02:31 - [MESSAGE][PASSED] - Delayed 1 second(s)

2020-03-16 09:02:31 - [MESSAGE][PASSED] - Element has been clicked

2020-03-16 09:02:31 - [TEST_STEP][PASSED] - common.util.aribakeywords.aribaClick(findTestObject("Object Repository/Page_TestCentralPage/input_User__njzfkc")): Element has been clicked

2020-03-16 09:02:32 - [MESSAGE][PASSED] - Object 'Object Repository/Page_TestCentralPage/input_User__njzfkc' is clickable

2020-03-16 09:02:33 - [MESSAGE][PASSED] - Scroll to object 'Object Repository/Page_TestCentralPage/input_User__njzfkc' successfully

2020-03-16 09:02:33 - [MESSAGE][PASSED] - Object 'Object Repository/Page_TestCentralPage/input_User__njzfkc' is visible

2020-03-16 09:02:35 - [MESSAGE][INFO] - Clicking element

2020-03-16 09:02:36 - [MESSAGE][PASSED] - Object: 'Object Repository/Page_TestCentralPage/input_User__njzfkc' is clicked on

2020-03-16 09:02:37 - [MESSAGE][INFO] - ************* JS EXECUTED ************: true

2020-03-16 09:02:38 - [MESSAGE][PASSED] - Delayed 1 second(s)

2020-03-16 09:02:38 - [MESSAGE][PASSED] - Element has been clicked

2020-03-16 09:02:38 - [TEST_STEP][PASSED] - scrollToElement(findTestObject("Object Repository/Page_TestCentralPage/a_Enable  Or  Disable  Feature"), 3): Scroll to object 'Object Repository/Page_TestCentralPage/a_Enable  Or  Disable  Feature' successfully

2020-03-16 09:02:39 - [MESSAGE][PASSED] - Scroll to object 'Object Repository/Page_TestCentralPage/a_Enable  Or  Disable  Feature' successfully

2020-03-16 09:02:39 - [TEST_STEP][PASSED] - common.util.aribakeywords.aribaClick(findTestObject("Object Repository/Page_TestCentralPage/a_Enable  Or  Disable  Feature")): Element has been clicked

2020-03-16 09:02:40 - [MESSAGE][PASSED] - Object 'Object Repository/Page_TestCentralPage/a_Enable  Or  Disable  Feature' is clickable

2020-03-16 09:02:41 - [MESSAGE][PASSED] - Scroll to object 'Object Repository/Page_TestCentralPage/a_Enable  Or  Disable  Feature' successfully

2020-03-16 09:02:42 - [MESSAGE][PASSED] - Object 'Object Repository/Page_TestCentralPage/a_Enable  Or  Disable  Feature' is visible

2020-03-16 09:02:43 - [MESSAGE][INFO] - Clicking element

2020-03-16 09:02:44 - [MESSAGE][PASSED] - Object: 'Object Repository/Page_TestCentralPage/a_Enable  Or  Disable  Feature' is clicked on

2020-03-16 09:02:45 - [MESSAGE][INFO] - ************* JS EXECUTED ************: true

2020-03-16 09:02:46 - [MESSAGE][PASSED] - Delayed 1 second(s)

2020-03-16 09:02:46 - [MESSAGE][PASSED] - Element has been clicked

2020-03-16 09:02:46 - [TEST_STEP][PASSED] - setText(findTestObject("Object Repository/input_Full Qualified Name of F"), featureToggleName): Text 'ariba.sourcing.util.SourcingEventFeatures.PricingConditionsWithScales' is set on object 'Object Repository/input_Full Qualified Name of F'

2020-03-16 09:02:48 - [MESSAGE][PASSED] - Text 'ariba.sourcing.util.SourcingEventFeatures.PricingConditionsWithScales' is set on object 'Object Repository/input_Full Qualified Name of F'

2020-03-16 09:02:48 - [TEST_STEP][PASSED] - common.util.aribakeywords.aribaClick(findTestObject("Object Repository/div_Run Stager")): common.util.aribakeywords.aribaClick is PASSED

2020-03-16 09:02:49 - [MESSAGE][PASSED] - Object 'Object Repository/div_Run Stager' is clickable

2020-03-16 09:02:50 - [MESSAGE][PASSED] - Scroll to object 'Object Repository/div_Run Stager' successfully

2020-03-16 09:02:51 - [MESSAGE][PASSED] - Object 'Object Repository/div_Run Stager' is visible

2020-03-16 09:02:53 - [MESSAGE][PASSED] - Object: 'Object Repository/div_Run Stager' is clicked on

2020-03-16 09:02:54 - [MESSAGE][INFO] - ************* JS EXECUTED ************: false

2020-03-16 09:02:55 - [MESSAGE][PASSED] - Delayed 1 second(s)

2020-03-16 09:02:55 - [MESSAGE][INFO] - ************* JS EXECUTED ************: false

2020-03-16 09:02:56 - [MESSAGE][PASSED] - Delayed 1 second(s)

2020-03-16 09:02:57 - [MESSAGE][INFO] - ************* JS EXECUTED ************: true

2020-03-16 09:02:58 - [MESSAGE][PASSED] - Delayed 1 second(s)

2020-03-16 09:02:59 - [MESSAGE][PASSED] - Object 'Object Repository/Page_Ariba Spend Management/input__bt5lrc' is clickable

2020-03-16 09:02:59 - [MESSAGE][PASSED] - Web element with id: 'Object Repository/Page_Ariba Spend Management/StackTrace' located by 'By.xpath: //*[@awname = 'SHOW_STACK_TRACE']' is not present after '1' second(s)

2020-03-16 09:03:00 - [MESSAGE][PASSED] - Web element with id: 'Object Repository/Page_Ariba Spend Management/StagerError' located by 'By.xpath: //*[@awname = 'TestStagerErrorPage:toggleStackTrace']' is not present after '1' second(s)

2020-03-16 09:03:00 - [MESSAGE][PASSED] - Web element with id: 'Object Repository/Page_Ariba Spend Management/ReturnToLoginPage' located by 'By.xpath: //*[@awname = 'Return to the Ariba login page::ARPException:linkAction']' is not present after '1' second(s)

2020-03-16 09:03:00 - [MESSAGE][INFO] - in Run stager method

2020-03-16 09:03:00 - [MESSAGE][INFO] -  I am able to see set user. So returning from runstager wait.

2020-03-16 09:03:01 - [MESSAGE][INFO] - ************* JS EXECUTED ************: true

2020-03-16 09:03:02 - [MESSAGE][PASSED] - Delayed 1 second(s)

2020-03-16 09:03:03 - [MESSAGE][INFO] - ************* JS EXECUTED ************: true

2020-03-16 09:03:04 - [MESSAGE][PASSED] - Delayed 1 second(s)

2020-03-16 09:03:04 - [MESSAGE][PASSED] - common.util.aribakeywords.aribaClick is PASSED

2020-03-16 09:03:04 - [MESSAGE][PASSED] - Call Test Case 'Test Cases/DMS/UtilTests/SetFeatureToggle' successfully

2020-03-16 09:03:04 - [TEST_STEP][PASSED] - callTestCase(findTestCase("DMS/UtilTests/SetFeatureToggle"), ["featureToggleName":toggleList[i]], STOP_ON_FAILURE): Call Test Case 'Test Cases/DMS/UtilTests/SetFeatureToggle' successfully

2020-03-16 09:03:04 - [TEST_CASE][PASSED] - Test Cases/DMS/UtilTests/SetFeatureToggle: Test Cases/DMS/UtilTests/SetFeatureToggle

2020-03-16 09:03:04 - [TEST_STEP][PASSED] - common.util.aribakeywords.aribaClick(findTestObject("Object Repository/a_TA..")): Element has been clicked

2020-03-16 09:03:05 - [MESSAGE][PASSED] - Object 'Object Repository/a_TA..' is clickable

2020-03-16 09:03:06 - [MESSAGE][PASSED] - Scroll to object 'Object Repository/a_TA..' successfully

2020-03-16 09:03:07 - [MESSAGE][PASSED] - Object 'Object Repository/a_TA..' is visible

2020-03-16 09:03:09 - [MESSAGE][INFO] - Clicking element

2020-03-16 09:03:10 - [MESSAGE][PASSED] - Object: 'Object Repository/a_TA..' is clicked on

2020-03-16 09:03:11 - [MESSAGE][INFO] - ************* JS EXECUTED ************: true

2020-03-16 09:03:12 - [MESSAGE][PASSED] - Delayed 1 second(s)

2020-03-16 09:03:12 - [MESSAGE][PASSED] - Element has been clicked

2020-03-16 09:03:12 - [TEST_STEP][PASSED] - common.util.aribakeywords.aribaClick(findTestObject("Object Repository/testCentral")): Element has been clicked

2020-03-16 09:03:13 - [MESSAGE][PASSED] - Object 'Object Repository/testCentral' is clickable

2020-03-16 09:03:13 - [MESSAGE][PASSED] - Scroll to object 'Object Repository/testCentral' successfully

2020-03-16 09:03:14 - [MESSAGE][PASSED] - Object 'Object Repository/testCentral' is visible

2020-03-16 09:03:16 - [MESSAGE][INFO] - Clicking element

2020-03-16 09:03:17 - [MESSAGE][PASSED] - Object: 'Object Repository/testCentral' is clicked on

2020-03-16 09:03:18 - [MESSAGE][INFO] - ************* JS EXECUTED ************: true

2020-03-16 09:03:19 - [MESSAGE][PASSED] - Delayed 1 second(s)

2020-03-16 09:03:19 - [MESSAGE][PASSED] - Element has been clicked

2020-03-16 09:03:19 - [TEST_STEP][PASSED] - common.util.aribakeywords.aribaClick(findTestObject("Object Repository/Page_TestCentralPage/input_User__njzfkc")): Element has been clicked

2020-03-16 09:03:20 - [MESSAGE][PASSED] - Object 'Object Repository/Page_TestCentralPage/input_User__njzfkc' is clickable

2020-03-16 09:03:21 - [MESSAGE][PASSED] - Scroll to object 'Object Repository/Page_TestCentralPage/input_User__njzfkc' successfully

2020-03-16 09:03:22 - [MESSAGE][PASSED] - Object 'Object Repository/Page_TestCentralPage/input_User__njzfkc' is visible

2020-03-16 09:03:23 - [MESSAGE][INFO] - Clicking element

2020-03-16 09:03:24 - [MESSAGE][PASSED] - Object: 'Object Repository/Page_TestCentralPage/input_User__njzfkc' is clicked on

2020-03-16 09:03:25 - [MESSAGE][INFO] - ************* JS EXECUTED ************: true

2020-03-16 09:03:26 - [MESSAGE][PASSED] - Delayed 1 second(s)

2020-03-16 09:03:26 - [MESSAGE][PASSED] - Element has been clicked

2020-03-16 09:03:26 - [TEST_STEP][PASSED] - scrollToElement(findTestObject("Object Repository/Page_TestCentralPage/a_Enable  Or  Disable  Feature"), 3): Scroll to object 'Object Repository/Page_TestCentralPage/a_Enable  Or  Disable  Feature' successfully

2020-03-16 09:03:27 - [MESSAGE][PASSED] - Scroll to object 'Object Repository/Page_TestCentralPage/a_Enable  Or  Disable  Feature' successfully

2020-03-16 09:03:27 - [TEST_STEP][PASSED] - common.util.aribakeywords.aribaClick(findTestObject("Object Repository/Page_TestCentralPage/a_Enable  Or  Disable  Feature")): Element has been clicked

2020-03-16 09:03:28 - [MESSAGE][PASSED] - Object 'Object Repository/Page_TestCentralPage/a_Enable  Or  Disable  Feature' is clickable

2020-03-16 09:03:29 - [MESSAGE][PASSED] - Scroll to object 'Object Repository/Page_TestCentralPage/a_Enable  Or  Disable  Feature' successfully

2020-03-16 09:03:30 - [MESSAGE][PASSED] - Object 'Object Repository/Page_TestCentralPage/a_Enable  Or  Disable  Feature' is visible

2020-03-16 09:03:31 - [MESSAGE][INFO] - Clicking element

2020-03-16 09:03:32 - [MESSAGE][PASSED] - Object: 'Object Repository/Page_TestCentralPage/a_Enable  Or  Disable  Feature' is clicked on

2020-03-16 09:03:33 - [MESSAGE][INFO] - ************* JS EXECUTED ************: true

2020-03-16 09:03:34 - [MESSAGE][PASSED] - Delayed 1 second(s)

2020-03-16 09:03:34 - [MESSAGE][PASSED] - Element has been clicked

2020-03-16 09:03:34 - [TEST_STEP][PASSED] - setText(findTestObject("Object Repository/input_Full Qualified Name of F"), featureToggleName): Text 'ariba.sourcing.util.SourcingEventFeatures.FromScalesInPricingCondition' is set on object 'Object Repository/input_Full Qualified Name of F'

2020-03-16 09:03:36 - [MESSAGE][PASSED] - Text 'ariba.sourcing.util.SourcingEventFeatures.FromScalesInPricingCondition' is set on object 'Object Repository/input_Full Qualified Name of F'

2020-03-16 09:03:36 - [TEST_STEP][PASSED] - common.util.aribakeywords.aribaClick(findTestObject("Object Repository/div_Run Stager")): common.util.aribakeywords.aribaClick is PASSED

2020-03-16 09:03:37 - [MESSAGE][PASSED] - Object 'Object Repository/div_Run Stager' is clickable

2020-03-16 09:03:38 - [MESSAGE][PASSED] - Scroll to object 'Object Repository/div_Run Stager' successfully

2020-03-16 09:03:39 - [MESSAGE][PASSED] - Object 'Object Repository/div_Run Stager' is visible

2020-03-16 09:03:42 - [MESSAGE][PASSED] - Object: 'Object Repository/div_Run Stager' is clicked on

2020-03-16 09:03:43 - [MESSAGE][INFO] - ************* JS EXECUTED ************: false

2020-03-16 09:03:44 - [MESSAGE][PASSED] - Delayed 1 second(s)

2020-03-16 09:03:44 - [MESSAGE][INFO] - ************* JS EXECUTED ************: false

2020-03-16 09:03:45 - [MESSAGE][PASSED] - Delayed 1 second(s)

2020-03-16 09:03:46 - [MESSAGE][INFO] - ************* JS EXECUTED ************: true

2020-03-16 09:03:47 - [MESSAGE][PASSED] - Delayed 1 second(s)

2020-03-16 09:03:48 - [MESSAGE][PASSED] - Object 'Object Repository/Page_Ariba Spend Management/input__bt5lrc' is clickable

2020-03-16 09:03:48 - [MESSAGE][PASSED] - Web element with id: 'Object Repository/Page_Ariba Spend Management/StackTrace' located by 'By.xpath: //*[@awname = 'SHOW_STACK_TRACE']' is not present after '1' second(s)

2020-03-16 09:03:49 - [MESSAGE][PASSED] - Web element with id: 'Object Repository/Page_Ariba Spend Management/StagerError' located by 'By.xpath: //*[@awname = 'TestStagerErrorPage:toggleStackTrace']' is not present after '1' second(s)

2020-03-16 09:03:49 - [MESSAGE][PASSED] - Web element with id: 'Object Repository/Page_Ariba Spend Management/ReturnToLoginPage' located by 'By.xpath: //*[@awname = 'Return to the Ariba login page::ARPException:linkAction']' is not present after '1' second(s)

2020-03-16 09:03:49 - [MESSAGE][INFO] - in Run stager method

2020-03-16 09:03:49 - [MESSAGE][INFO] -  I am able to see set user. So returning from runstager wait.

2020-03-16 09:03:50 - [MESSAGE][INFO] - ************* JS EXECUTED ************: true

2020-03-16 09:03:51 - [MESSAGE][PASSED] - Delayed 1 second(s)

2020-03-16 09:03:52 - [MESSAGE][INFO] - ************* JS EXECUTED ************: true

2020-03-16 09:03:53 - [MESSAGE][PASSED] - Delayed 1 second(s)

2020-03-16 09:03:53 - [MESSAGE][PASSED] - common.util.aribakeywords.aribaClick is PASSED

2020-03-16 09:03:53 - [MESSAGE][PASSED] - Call Test Case 'Test Cases/DMS/UtilTests/SetFeatureToggle' successfully

2020-03-16 09:03:53 - [TEST_STEP][PASSED] - callTestCase(findTestCase("DMS/UtilTests/SetFeatureToggle"), ["featureToggleName":toggleList[i]], STOP_ON_FAILURE): Call Test Case 'Test Cases/DMS/UtilTests/SetFeatureToggle' successfully

2020-03-16 09:03:53 - [TEST_CASE][PASSED] - Test Cases/DMS/UtilTests/SetFeatureToggle: Test Cases/DMS/UtilTests/SetFeatureToggle

2020-03-16 09:03:53 - [TEST_STEP][PASSED] - common.util.aribakeywords.aribaClick(findTestObject("Object Repository/a_TA..")): Element has been clicked

2020-03-16 09:03:54 - [MESSAGE][PASSED] - Object 'Object Repository/a_TA..' is clickable

2020-03-16 09:03:56 - [MESSAGE][PASSED] - Scroll to object 'Object Repository/a_TA..' successfully

2020-03-16 09:03:57 - [MESSAGE][PASSED] - Object 'Object Repository/a_TA..' is visible

2020-03-16 09:03:59 - [MESSAGE][INFO] - Clicking element

2020-03-16 09:04:00 - [MESSAGE][PASSED] - Object: 'Object Repository/a_TA..' is clicked on

2020-03-16 09:04:00 - [MESSAGE][INFO] - ************* JS EXECUTED ************: true

2020-03-16 09:04:01 - [MESSAGE][PASSED] - Delayed 1 second(s)

2020-03-16 09:04:01 - [MESSAGE][PASSED] - Element has been clicked

2020-03-16 09:04:01 - [TEST_STEP][PASSED] - common.util.aribakeywords.aribaClick(findTestObject("Object Repository/testCentral")): Element has been clicked

2020-03-16 09:04:02 - [MESSAGE][PASSED] - Object 'Object Repository/testCentral' is clickable

2020-03-16 09:04:04 - [MESSAGE][PASSED] - Scroll to object 'Object Repository/testCentral' successfully

2020-03-16 09:04:04 - [MESSAGE][PASSED] - Object 'Object Repository/testCentral' is visible

2020-03-16 09:04:06 - [MESSAGE][INFO] - Clicking element

2020-03-16 09:04:07 - [MESSAGE][PASSED] - Object: 'Object Repository/testCentral' is clicked on

2020-03-16 09:04:08 - [MESSAGE][INFO] - ************* JS EXECUTED ************: true

2020-03-16 09:04:09 - [MESSAGE][PASSED] - Delayed 1 second(s)

2020-03-16 09:04:09 - [MESSAGE][PASSED] - Element has been clicked

2020-03-16 09:04:09 - [TEST_STEP][PASSED] - common.util.aribakeywords.aribaClick(findTestObject("Object Repository/Page_TestCentralPage/input_User__njzfkc")): Element has been clicked

2020-03-16 09:04:09 - [MESSAGE][PASSED] - Object 'Object Repository/Page_TestCentralPage/input_User__njzfkc' is clickable

2020-03-16 09:04:10 - [MESSAGE][PASSED] - Scroll to object 'Object Repository/Page_TestCentralPage/input_User__njzfkc' successfully

2020-03-16 09:04:11 - [MESSAGE][PASSED] - Object 'Object Repository/Page_TestCentralPage/input_User__njzfkc' is visible

2020-03-16 09:04:13 - [MESSAGE][INFO] - Clicking element

2020-03-16 09:04:14 - [MESSAGE][PASSED] - Object: 'Object Repository/Page_TestCentralPage/input_User__njzfkc' is clicked on

2020-03-16 09:04:14 - [MESSAGE][INFO] - ************* JS EXECUTED ************: true

2020-03-16 09:04:15 - [MESSAGE][PASSED] - Delayed 1 second(s)

2020-03-16 09:04:15 - [MESSAGE][PASSED] - Element has been clicked

2020-03-16 09:04:15 - [TEST_STEP][PASSED] - scrollToElement(findTestObject("Object Repository/Page_TestCentralPage/a_Enable  Or  Disable  Feature"), 3): Scroll to object 'Object Repository/Page_TestCentralPage/a_Enable  Or  Disable  Feature' successfully

2020-03-16 09:04:16 - [MESSAGE][PASSED] - Scroll to object 'Object Repository/Page_TestCentralPage/a_Enable  Or  Disable  Feature' successfully

2020-03-16 09:04:16 - [TEST_STEP][PASSED] - common.util.aribakeywords.aribaClick(findTestObject("Object Repository/Page_TestCentralPage/a_Enable  Or  Disable  Feature")): Element has been clicked

2020-03-16 09:04:17 - [MESSAGE][PASSED] - Object 'Object Repository/Page_TestCentralPage/a_Enable  Or  Disable  Feature' is clickable

2020-03-16 09:04:18 - [MESSAGE][PASSED] - Scroll to object 'Object Repository/Page_TestCentralPage/a_Enable  Or  Disable  Feature' successfully

2020-03-16 09:04:19 - [MESSAGE][PASSED] - Object 'Object Repository/Page_TestCentralPage/a_Enable  Or  Disable  Feature' is visible

2020-03-16 09:04:21 - [MESSAGE][INFO] - Clicking element

2020-03-16 09:04:22 - [MESSAGE][PASSED] - Object: 'Object Repository/Page_TestCentralPage/a_Enable  Or  Disable  Feature' is clicked on

2020-03-16 09:04:23 - [MESSAGE][INFO] - ************* JS EXECUTED ************: true

2020-03-16 09:04:24 - [MESSAGE][PASSED] - Delayed 1 second(s)

2020-03-16 09:04:24 - [MESSAGE][PASSED] - Element has been clicked

2020-03-16 09:04:24 - [TEST_STEP][PASSED] - setText(findTestObject("Object Repository/input_Full Qualified Name of F"), featureToggleName): Text 'ariba.collaborate.util.CollaborateFeatures.AppendLineItemsInExistingContract' is set on object 'Object Repository/input_Full Qualified Name of F'

2020-03-16 09:04:26 - [MESSAGE][PASSED] - Text 'ariba.collaborate.util.CollaborateFeatures.AppendLineItemsInExistingContract' is set on object 'Object Repository/input_Full Qualified Name of F'

2020-03-16 09:04:26 - [TEST_STEP][PASSED] - common.util.aribakeywords.aribaClick(findTestObject("Object Repository/div_Run Stager")): common.util.aribakeywords.aribaClick is PASSED

2020-03-16 09:04:27 - [MESSAGE][PASSED] - Object 'Object Repository/div_Run Stager' is clickable

2020-03-16 09:04:28 - [MESSAGE][PASSED] - Scroll to object 'Object Repository/div_Run Stager' successfully

2020-03-16 09:04:29 - [MESSAGE][PASSED] - Object 'Object Repository/div_Run Stager' is visible

2020-03-16 09:04:31 - [MESSAGE][PASSED] - Object: 'Object Repository/div_Run Stager' is clicked on

2020-03-16 09:04:32 - [MESSAGE][INFO] - ************* JS EXECUTED ************: false

2020-03-16 09:04:33 - [MESSAGE][PASSED] - Delayed 1 second(s)

2020-03-16 09:04:33 - [MESSAGE][INFO] - ************* JS EXECUTED ************: false

2020-03-16 09:04:34 - [MESSAGE][PASSED] - Delayed 1 second(s)

2020-03-16 09:04:35 - [MESSAGE][INFO] - ************* JS EXECUTED ************: true

2020-03-16 09:04:36 - [MESSAGE][PASSED] - Delayed 1 second(s)

2020-03-16 09:04:37 - [MESSAGE][PASSED] - Object 'Object Repository/Page_Ariba Spend Management/input__bt5lrc' is clickable

2020-03-16 09:04:38 - [MESSAGE][PASSED] - Web element with id: 'Object Repository/Page_Ariba Spend Management/StackTrace' located by 'By.xpath: //*[@awname = 'SHOW_STACK_TRACE']' is not present after '1' second(s)

2020-03-16 09:04:38 - [MESSAGE][PASSED] - Web element with id: 'Object Repository/Page_Ariba Spend Management/StagerError' located by 'By.xpath: //*[@awname = 'TestStagerErrorPage:toggleStackTrace']' is not present after '1' second(s)

2020-03-16 09:04:38 - [MESSAGE][PASSED] - Web element with id: 'Object Repository/Page_Ariba Spend Management/ReturnToLoginPage' located by 'By.xpath: //*[@awname = 'Return to the Ariba login page::ARPException:linkAction']' is not present after '1' second(s)

2020-03-16 09:04:38 - [MESSAGE][INFO] - in Run stager method

2020-03-16 09:04:38 - [MESSAGE][INFO] -  I am able to see set user. So returning from runstager wait.

2020-03-16 09:04:39 - [MESSAGE][INFO] - ************* JS EXECUTED ************: true

2020-03-16 09:04:40 - [MESSAGE][PASSED] - Delayed 1 second(s)

2020-03-16 09:04:41 - [MESSAGE][INFO] - ************* JS EXECUTED ************: true

2020-03-16 09:04:42 - [MESSAGE][PASSED] - Delayed 1 second(s)

2020-03-16 09:04:42 - [MESSAGE][PASSED] - common.util.aribakeywords.aribaClick is PASSED

2020-03-16 09:04:42 - [MESSAGE][PASSED] - Call Test Case 'Test Cases/DMS/UtilTests/SetFeatureToggle' successfully

2020-03-16 09:04:42 - [TEST_STEP][PASSED] - callTestCase(findTestCase("DMS/UtilTests/SetFeatureToggle"), ["featureToggleName":toggleList[i]], STOP_ON_FAILURE): Call Test Case 'Test Cases/DMS/UtilTests/SetFeatureToggle' successfully

2020-03-16 09:04:42 - [TEST_CASE][PASSED] - Test Cases/DMS/UtilTests/SetFeatureToggle: Test Cases/DMS/UtilTests/SetFeatureToggle

2020-03-16 09:04:42 - [TEST_STEP][PASSED] - common.util.aribakeywords.aribaClick(findTestObject("Object Repository/a_TA..")): Element has been clicked

2020-03-16 09:04:43 - [MESSAGE][PASSED] - Object 'Object Repository/a_TA..' is clickable

2020-03-16 09:04:44 - [MESSAGE][PASSED] - Scroll to object 'Object Repository/a_TA..' successfully

2020-03-16 09:04:45 - [MESSAGE][PASSED] - Object 'Object Repository/a_TA..' is visible

2020-03-16 09:04:47 - [MESSAGE][INFO] - Clicking element

2020-03-16 09:04:48 - [MESSAGE][PASSED] - Object: 'Object Repository/a_TA..' is clicked on

2020-03-16 09:04:49 - [MESSAGE][INFO] - ************* JS EXECUTED ************: true

2020-03-16 09:04:50 - [MESSAGE][PASSED] - Delayed 1 second(s)

2020-03-16 09:04:50 - [MESSAGE][PASSED] - Element has been clicked

2020-03-16 09:04:50 - [TEST_STEP][PASSED] - common.util.aribakeywords.aribaClick(findTestObject("Object Repository/testCentral")): Element has been clicked

2020-03-16 09:04:51 - [MESSAGE][PASSED] - Object 'Object Repository/testCentral' is clickable

2020-03-16 09:04:52 - [MESSAGE][PASSED] - Scroll to object 'Object Repository/testCentral' successfully

2020-03-16 09:04:53 - [MESSAGE][PASSED] - Object 'Object Repository/testCentral' is visible

2020-03-16 09:04:54 - [MESSAGE][INFO] - Clicking element

2020-03-16 09:04:55 - [MESSAGE][PASSED] - Object: 'Object Repository/testCentral' is clicked on

2020-03-16 09:04:56 - [MESSAGE][INFO] - ************* JS EXECUTED ************: true

2020-03-16 09:04:57 - [MESSAGE][PASSED] - Delayed 1 second(s)

2020-03-16 09:04:57 - [MESSAGE][PASSED] - Element has been clicked

2020-03-16 09:04:57 - [TEST_STEP][PASSED] - common.util.aribakeywords.aribaClick(findTestObject("Object Repository/Page_TestCentralPage/input_User__njzfkc")): Element has been clicked

2020-03-16 09:04:58 - [MESSAGE][PASSED] - Object 'Object Repository/Page_TestCentralPage/input_User__njzfkc' is clickable

2020-03-16 09:04:59 - [MESSAGE][PASSED] - Scroll to object 'Object Repository/Page_TestCentralPage/input_User__njzfkc' successfully

2020-03-16 09:05:00 - [MESSAGE][PASSED] - Object 'Object Repository/Page_TestCentralPage/input_User__njzfkc' is visible

2020-03-16 09:05:01 - [MESSAGE][INFO] - Clicking element

2020-03-16 09:05:02 - [MESSAGE][PASSED] - Object: 'Object Repository/Page_TestCentralPage/input_User__njzfkc' is clicked on

2020-03-16 09:05:03 - [MESSAGE][INFO] - ************* JS EXECUTED ************: true

2020-03-16 09:05:04 - [MESSAGE][PASSED] - Delayed 1 second(s)

2020-03-16 09:05:04 - [MESSAGE][PASSED] - Element has been clicked

2020-03-16 09:05:04 - [TEST_STEP][PASSED] - scrollToElement(findTestObject("Object Repository/Page_TestCentralPage/a_Enable  Or  Disable  Feature"), 3): Scroll to object 'Object Repository/Page_TestCentralPage/a_Enable  Or  Disable  Feature' successfully

2020-03-16 09:05:05 - [MESSAGE][PASSED] - Scroll to object 'Object Repository/Page_TestCentralPage/a_Enable  Or  Disable  Feature' successfully

2020-03-16 09:05:05 - [TEST_STEP][PASSED] - common.util.aribakeywords.aribaClick(findTestObject("Object Repository/Page_TestCentralPage/a_Enable  Or  Disable  Feature")): Element has been clicked

2020-03-16 09:05:06 - [MESSAGE][PASSED] - Object 'Object Repository/Page_TestCentralPage/a_Enable  Or  Disable  Feature' is clickable

2020-03-16 09:05:07 - [MESSAGE][PASSED] - Scroll to object 'Object Repository/Page_TestCentralPage/a_Enable  Or  Disable  Feature' successfully

2020-03-16 09:05:07 - [MESSAGE][PASSED] - Object 'Object Repository/Page_TestCentralPage/a_Enable  Or  Disable  Feature' is visible

2020-03-16 09:05:09 - [MESSAGE][INFO] - Clicking element

2020-03-16 09:05:10 - [MESSAGE][PASSED] - Object: 'Object Repository/Page_TestCentralPage/a_Enable  Or  Disable  Feature' is clicked on

2020-03-16 09:05:11 - [MESSAGE][INFO] - ************* JS EXECUTED ************: true

2020-03-16 09:05:12 - [MESSAGE][PASSED] - Delayed 1 second(s)

2020-03-16 09:05:12 - [MESSAGE][PASSED] - Element has been clicked

2020-03-16 09:05:12 - [TEST_STEP][PASSED] - setText(findTestObject("Object Repository/input_Full Qualified Name of F"), featureToggleName): Text 'ariba.sourcing.util.RetailSourcingFeatures.PrePackAndMixedCases' is set on object 'Object Repository/input_Full Qualified Name of F'

2020-03-16 09:05:14 - [MESSAGE][PASSED] - Text 'ariba.sourcing.util.RetailSourcingFeatures.PrePackAndMixedCases' is set on object 'Object Repository/input_Full Qualified Name of F'

2020-03-16 09:05:14 - [TEST_STEP][PASSED] - common.util.aribakeywords.aribaClick(findTestObject("Object Repository/div_Run Stager")): common.util.aribakeywords.aribaClick is PASSED

2020-03-16 09:05:15 - [MESSAGE][PASSED] - Object 'Object Repository/div_Run Stager' is clickable

2020-03-16 09:05:16 - [MESSAGE][PASSED] - Scroll to object 'Object Repository/div_Run Stager' successfully

2020-03-16 09:05:17 - [MESSAGE][PASSED] - Object 'Object Repository/div_Run Stager' is visible

2020-03-16 09:05:19 - [MESSAGE][PASSED] - Object: 'Object Repository/div_Run Stager' is clicked on

2020-03-16 09:05:20 - [MESSAGE][INFO] - ************* JS EXECUTED ************: false

2020-03-16 09:05:21 - [MESSAGE][PASSED] - Delayed 1 second(s)

2020-03-16 09:05:22 - [MESSAGE][INFO] - ************* JS EXECUTED ************: false

2020-03-16 09:05:23 - [MESSAGE][PASSED] - Delayed 1 second(s)

2020-03-16 09:05:24 - [MESSAGE][INFO] - ************* JS EXECUTED ************: true

2020-03-16 09:05:25 - [MESSAGE][PASSED] - Delayed 1 second(s)

2020-03-16 09:05:26 - [MESSAGE][PASSED] - Object 'Object Repository/Page_Ariba Spend Management/input__bt5lrc' is clickable

2020-03-16 09:05:26 - [MESSAGE][PASSED] - Web element with id: 'Object Repository/Page_Ariba Spend Management/StackTrace' located by 'By.xpath: //*[@awname = 'SHOW_STACK_TRACE']' is not present after '1' second(s)

2020-03-16 09:05:27 - [MESSAGE][PASSED] - Web element with id: 'Object Repository/Page_Ariba Spend Management/StagerError' located by 'By.xpath: //*[@awname = 'TestStagerErrorPage:toggleStackTrace']' is not present after '1' second(s)

2020-03-16 09:05:27 - [MESSAGE][PASSED] - Web element with id: 'Object Repository/Page_Ariba Spend Management/ReturnToLoginPage' located by 'By.xpath: //*[@awname = 'Return to the Ariba login page::ARPException:linkAction']' is not present after '1' second(s)

2020-03-16 09:05:27 - [MESSAGE][INFO] - in Run stager method

2020-03-16 09:05:27 - [MESSAGE][INFO] -  I am able to see set user. So returning from runstager wait.

2020-03-16 09:05:28 - [MESSAGE][INFO] - ************* JS EXECUTED ************: true

2020-03-16 09:05:29 - [MESSAGE][PASSED] - Delayed 1 second(s)

2020-03-16 09:05:30 - [MESSAGE][INFO] - ************* JS EXECUTED ************: true

2020-03-16 09:05:31 - [MESSAGE][PASSED] - Delayed 1 second(s)

2020-03-16 09:05:31 - [MESSAGE][PASSED] - common.util.aribakeywords.aribaClick is PASSED

2020-03-16 09:05:31 - [MESSAGE][PASSED] - Call Test Case 'Test Cases/DMS/UtilTests/SetFeatureToggle' successfully

2020-03-16 09:05:31 - [TEST_STEP][PASSED] - callTestCase(findTestCase("DMS/UtilTests/SetFeatureToggle"), ["featureToggleName":toggleList[i]], STOP_ON_FAILURE): Call Test Case 'Test Cases/DMS/UtilTests/SetFeatureToggle' successfully

2020-03-16 09:05:31 - [TEST_CASE][PASSED] - Test Cases/DMS/UtilTests/SetFeatureToggle: Test Cases/DMS/UtilTests/SetFeatureToggle

2020-03-16 09:05:31 - [TEST_STEP][PASSED] - common.util.aribakeywords.aribaClick(findTestObject("Object Repository/a_TA..")): Element has been clicked

2020-03-16 09:05:32 - [MESSAGE][PASSED] - Object 'Object Repository/a_TA..' is clickable

2020-03-16 09:05:33 - [MESSAGE][PASSED] - Scroll to object 'Object Repository/a_TA..' successfully

2020-03-16 09:05:34 - [MESSAGE][PASSED] - Object 'Object Repository/a_TA..' is visible

2020-03-16 09:05:36 - [MESSAGE][INFO] - Clicking element

2020-03-16 09:05:37 - [MESSAGE][PASSED] - Object: 'Object Repository/a_TA..' is clicked on

2020-03-16 09:05:37 - [MESSAGE][INFO] - ************* JS EXECUTED ************: true

2020-03-16 09:05:38 - [MESSAGE][PASSED] - Delayed 1 second(s)

2020-03-16 09:05:38 - [MESSAGE][PASSED] - Element has been clicked

2020-03-16 09:05:38 - [TEST_STEP][PASSED] - common.util.aribakeywords.aribaClick(findTestObject("Object Repository/testCentral")): Element has been clicked

2020-03-16 09:05:39 - [MESSAGE][PASSED] - Object 'Object Repository/testCentral' is clickable

2020-03-16 09:05:40 - [MESSAGE][PASSED] - Scroll to object 'Object Repository/testCentral' successfully

2020-03-16 09:05:41 - [MESSAGE][PASSED] - Object 'Object Repository/testCentral' is visible

2020-03-16 09:05:43 - [MESSAGE][INFO] - Clicking element

2020-03-16 09:05:44 - [MESSAGE][PASSED] - Object: 'Object Repository/testCentral' is clicked on

2020-03-16 09:05:45 - [MESSAGE][INFO] - ************* JS EXECUTED ************: true

2020-03-16 09:05:46 - [MESSAGE][PASSED] - Delayed 1 second(s)

2020-03-16 09:05:46 - [MESSAGE][PASSED] - Element has been clicked

2020-03-16 09:05:46 - [TEST_STEP][PASSED] - common.util.aribakeywords.aribaClick(findTestObject("Object Repository/Page_TestCentralPage/input_User__njzfkc")): Element has been clicked

2020-03-16 09:05:47 - [MESSAGE][PASSED] - Object 'Object Repository/Page_TestCentralPage/input_User__njzfkc' is clickable

2020-03-16 09:05:48 - [MESSAGE][PASSED] - Scroll to object 'Object Repository/Page_TestCentralPage/input_User__njzfkc' successfully

2020-03-16 09:05:49 - [MESSAGE][PASSED] - Object 'Object Repository/Page_TestCentralPage/input_User__njzfkc' is visible

2020-03-16 09:05:50 - [MESSAGE][INFO] - Clicking element

2020-03-16 09:05:51 - [MESSAGE][PASSED] - Object: 'Object Repository/Page_TestCentralPage/input_User__njzfkc' is clicked on

2020-03-16 09:05:52 - [MESSAGE][INFO] - ************* JS EXECUTED ************: true

2020-03-16 09:05:53 - [MESSAGE][PASSED] - Delayed 1 second(s)

2020-03-16 09:05:53 - [MESSAGE][PASSED] - Element has been clicked

2020-03-16 09:05:53 - [TEST_STEP][PASSED] - scrollToElement(findTestObject("Object Repository/Page_TestCentralPage/a_Enable  Or  Disable  Feature"), 3): Scroll to object 'Object Repository/Page_TestCentralPage/a_Enable  Or  Disable  Feature' successfully

2020-03-16 09:05:54 - [MESSAGE][PASSED] - Scroll to object 'Object Repository/Page_TestCentralPage/a_Enable  Or  Disable  Feature' successfully

2020-03-16 09:05:54 - [TEST_STEP][PASSED] - common.util.aribakeywords.aribaClick(findTestObject("Object Repository/Page_TestCentralPage/a_Enable  Or  Disable  Feature")): Element has been clicked

2020-03-16 09:05:55 - [MESSAGE][PASSED] - Object 'Object Repository/Page_TestCentralPage/a_Enable  Or  Disable  Feature' is clickable

2020-03-16 09:05:56 - [MESSAGE][PASSED] - Scroll to object 'Object Repository/Page_TestCentralPage/a_Enable  Or  Disable  Feature' successfully

2020-03-16 09:05:57 - [MESSAGE][PASSED] - Object 'Object Repository/Page_TestCentralPage/a_Enable  Or  Disable  Feature' is visible

2020-03-16 09:05:58 - [MESSAGE][INFO] - Clicking element

2020-03-16 09:05:59 - [MESSAGE][PASSED] - Object: 'Object Repository/Page_TestCentralPage/a_Enable  Or  Disable  Feature' is clicked on

2020-03-16 09:06:00 - [MESSAGE][INFO] - ************* JS EXECUTED ************: true

2020-03-16 09:06:01 - [MESSAGE][PASSED] - Delayed 1 second(s)

2020-03-16 09:06:01 - [MESSAGE][PASSED] - Element has been clicked

2020-03-16 09:06:01 - [TEST_STEP][PASSED] - setText(findTestObject("Object Repository/input_Full Qualified Name of F"), featureToggleName): Text 'ariba.sourcing.util.SourcingEventFeatures.SourcingItemHierarchy' is set on object 'Object Repository/input_Full Qualified Name of F'

2020-03-16 09:06:03 - [MESSAGE][PASSED] - Text 'ariba.sourcing.util.SourcingEventFeatures.SourcingItemHierarchy' is set on object 'Object Repository/input_Full Qualified Name of F'

2020-03-16 09:06:03 - [TEST_STEP][PASSED] - common.util.aribakeywords.aribaClick(findTestObject("Object Repository/div_Run Stager")): common.util.aribakeywords.aribaClick is PASSED

2020-03-16 09:06:04 - [MESSAGE][PASSED] - Object 'Object Repository/div_Run Stager' is clickable

2020-03-16 09:06:05 - [MESSAGE][PASSED] - Scroll to object 'Object Repository/div_Run Stager' successfully

2020-03-16 09:06:06 - [MESSAGE][PASSED] - Object 'Object Repository/div_Run Stager' is visible

2020-03-16 09:06:08 - [MESSAGE][PASSED] - Object: 'Object Repository/div_Run Stager' is clicked on

2020-03-16 09:06:09 - [MESSAGE][INFO] - ************* JS EXECUTED ************: false

2020-03-16 09:06:10 - [MESSAGE][PASSED] - Delayed 1 second(s)

2020-03-16 09:06:11 - [MESSAGE][INFO] - ************* JS EXECUTED ************: true

2020-03-16 09:06:12 - [MESSAGE][PASSED] - Delayed 1 second(s)

2020-03-16 09:06:13 - [MESSAGE][PASSED] - Object 'Object Repository/Page_Ariba Spend Management/input__bt5lrc' is clickable

2020-03-16 09:06:14 - [MESSAGE][PASSED] - Web element with id: 'Object Repository/Page_Ariba Spend Management/StackTrace' located by 'By.xpath: //*[@awname = 'SHOW_STACK_TRACE']' is not present after '1' second(s)

2020-03-16 09:06:14 - [MESSAGE][PASSED] - Web element with id: 'Object Repository/Page_Ariba Spend Management/StagerError' located by 'By.xpath: //*[@awname = 'TestStagerErrorPage:toggleStackTrace']' is not present after '1' second(s)

2020-03-16 09:06:15 - [MESSAGE][PASSED] - Web element with id: 'Object Repository/Page_Ariba Spend Management/ReturnToLoginPage' located by 'By.xpath: //*[@awname = 'Return to the Ariba login page::ARPException:linkAction']' is not present after '1' second(s)

2020-03-16 09:06:15 - [MESSAGE][INFO] - in Run stager method

2020-03-16 09:06:15 - [MESSAGE][INFO] -  I am able to see set user. So returning from runstager wait.

2020-03-16 09:06:16 - [MESSAGE][INFO] - ************* JS EXECUTED ************: true

2020-03-16 09:06:17 - [MESSAGE][PASSED] - Delayed 1 second(s)

2020-03-16 09:06:18 - [MESSAGE][INFO] - ************* JS EXECUTED ************: true

2020-03-16 09:06:19 - [MESSAGE][PASSED] - Delayed 1 second(s)

2020-03-16 09:06:19 - [MESSAGE][PASSED] - common.util.aribakeywords.aribaClick is PASSED

2020-03-16 09:06:19 - [MESSAGE][PASSED] - Call Test Case 'Test Cases/DMS/UtilTests/SetFeatureToggle' successfully

2020-03-16 09:06:19 - [TEST_STEP][PASSED] - callTestCase(findTestCase("DMS/UtilTests/SetFeatureToggle"), ["featureToggleName":toggleList[i]], STOP_ON_FAILURE): Call Test Case 'Test Cases/DMS/UtilTests/SetFeatureToggle' successfully

2020-03-16 09:06:19 - [TEST_CASE][PASSED] - Test Cases/DMS/UtilTests/SetFeatureToggle: Test Cases/DMS/UtilTests/SetFeatureToggle

2020-03-16 09:06:19 - [TEST_STEP][PASSED] - common.util.aribakeywords.aribaClick(findTestObject("Object Repository/a_TA..")): Element has been clicked

2020-03-16 09:06:20 - [MESSAGE][PASSED] - Object 'Object Repository/a_TA..' is clickable

2020-03-16 09:06:21 - [MESSAGE][PASSED] - Scroll to object 'Object Repository/a_TA..' successfully

2020-03-16 09:06:22 - [MESSAGE][PASSED] - Object 'Object Repository/a_TA..' is visible

2020-03-16 09:06:23 - [MESSAGE][INFO] - Clicking element

2020-03-16 09:06:24 - [MESSAGE][PASSED] - Object: 'Object Repository/a_TA..' is clicked on

2020-03-16 09:06:25 - [MESSAGE][INFO] - ************* JS EXECUTED ************: true

2020-03-16 09:06:26 - [MESSAGE][PASSED] - Delayed 1 second(s)

2020-03-16 09:06:26 - [MESSAGE][PASSED] - Element has been clicked

2020-03-16 09:06:26 - [TEST_STEP][PASSED] - common.util.aribakeywords.aribaClick(findTestObject("Object Repository/testCentral")): Element has been clicked

2020-03-16 09:06:27 - [MESSAGE][PASSED] - Object 'Object Repository/testCentral' is clickable

2020-03-16 09:06:28 - [MESSAGE][PASSED] - Scroll to object 'Object Repository/testCentral' successfully

2020-03-16 09:06:30 - [MESSAGE][PASSED] - Object 'Object Repository/testCentral' is visible

2020-03-16 09:06:31 - [MESSAGE][INFO] - Clicking element

2020-03-16 09:06:32 - [MESSAGE][PASSED] - Object: 'Object Repository/testCentral' is clicked on

2020-03-16 09:06:33 - [MESSAGE][INFO] - ************* JS EXECUTED ************: true

2020-03-16 09:06:34 - [MESSAGE][PASSED] - Delayed 1 second(s)

2020-03-16 09:06:34 - [MESSAGE][PASSED] - Element has been clicked

2020-03-16 09:06:34 - [TEST_STEP][PASSED] - common.util.aribakeywords.aribaClick(findTestObject("Object Repository/Page_TestCentralPage/input_User__njzfkc")): Element has been clicked

2020-03-16 09:06:35 - [MESSAGE][PASSED] - Object 'Object Repository/Page_TestCentralPage/input_User__njzfkc' is clickable

2020-03-16 09:06:36 - [MESSAGE][PASSED] - Scroll to object 'Object Repository/Page_TestCentralPage/input_User__njzfkc' successfully

2020-03-16 09:06:37 - [MESSAGE][PASSED] - Object 'Object Repository/Page_TestCentralPage/input_User__njzfkc' is visible

2020-03-16 09:06:38 - [MESSAGE][INFO] - Clicking element

2020-03-16 09:06:39 - [MESSAGE][PASSED] - Object: 'Object Repository/Page_TestCentralPage/input_User__njzfkc' is clicked on

2020-03-16 09:06:40 - [MESSAGE][INFO] - ************* JS EXECUTED ************: true

2020-03-16 09:06:41 - [MESSAGE][PASSED] - Delayed 1 second(s)

2020-03-16 09:06:41 - [MESSAGE][PASSED] - Element has been clicked

2020-03-16 09:06:41 - [TEST_STEP][PASSED] - scrollToElement(findTestObject("Object Repository/Page_TestCentralPage/a_Enable  Or  Disable  Feature"), 3): Scroll to object 'Object Repository/Page_TestCentralPage/a_Enable  Or  Disable  Feature' successfully

2020-03-16 09:06:42 - [MESSAGE][PASSED] - Scroll to object 'Object Repository/Page_TestCentralPage/a_Enable  Or  Disable  Feature' successfully

2020-03-16 09:06:42 - [TEST_STEP][PASSED] - common.util.aribakeywords.aribaClick(findTestObject("Object Repository/Page_TestCentralPage/a_Enable  Or  Disable  Feature")): Element has been clicked

2020-03-16 09:06:43 - [MESSAGE][PASSED] - Object 'Object Repository/Page_TestCentralPage/a_Enable  Or  Disable  Feature' is clickable

2020-03-16 09:06:44 - [MESSAGE][PASSED] - Scroll to object 'Object Repository/Page_TestCentralPage/a_Enable  Or  Disable  Feature' successfully

2020-03-16 09:06:45 - [MESSAGE][PASSED] - Object 'Object Repository/Page_TestCentralPage/a_Enable  Or  Disable  Feature' is visible

2020-03-16 09:06:47 - [MESSAGE][INFO] - Clicking element

2020-03-16 09:06:48 - [MESSAGE][PASSED] - Object: 'Object Repository/Page_TestCentralPage/a_Enable  Or  Disable  Feature' is clicked on

2020-03-16 09:06:49 - [MESSAGE][INFO] - ************* JS EXECUTED ************: true

2020-03-16 09:06:50 - [MESSAGE][PASSED] - Delayed 1 second(s)

2020-03-16 09:06:50 - [MESSAGE][PASSED] - Element has been clicked

2020-03-16 09:06:50 - [TEST_STEP][PASSED] - setText(findTestObject("Object Repository/input_Full Qualified Name of F"), featureToggleName): Text 'ariba.sourcing.util.RetailSourcingFeatures.PrePackAndMixedCasesInContract' is set on object 'Object Repository/input_Full Qualified Name of F'

2020-03-16 09:06:52 - [MESSAGE][PASSED] - Text 'ariba.sourcing.util.RetailSourcingFeatures.PrePackAndMixedCasesInContract' is set on object 'Object Repository/input_Full Qualified Name of F'

2020-03-16 09:06:52 - [TEST_STEP][PASSED] - common.util.aribakeywords.aribaClick(findTestObject("Object Repository/div_Run Stager")): common.util.aribakeywords.aribaClick is PASSED

2020-03-16 09:06:53 - [MESSAGE][PASSED] - Object 'Object Repository/div_Run Stager' is clickable

2020-03-16 09:06:54 - [MESSAGE][PASSED] - Scroll to object 'Object Repository/div_Run Stager' successfully

2020-03-16 09:06:55 - [MESSAGE][PASSED] - Object 'Object Repository/div_Run Stager' is visible

2020-03-16 09:06:57 - [MESSAGE][PASSED] - Object: 'Object Repository/div_Run Stager' is clicked on

2020-03-16 09:06:58 - [MESSAGE][INFO] - ************* JS EXECUTED ************: false

2020-03-16 09:06:59 - [MESSAGE][PASSED] - Delayed 1 second(s)

2020-03-16 09:07:00 - [MESSAGE][INFO] - ************* JS EXECUTED ************: true

2020-03-16 09:07:01 - [MESSAGE][PASSED] - Delayed 1 second(s)

2020-03-16 09:07:02 - [MESSAGE][PASSED] - Object 'Object Repository/Page_Ariba Spend Management/input__bt5lrc' is clickable

2020-03-16 09:07:02 - [MESSAGE][PASSED] - Web element with id: 'Object Repository/Page_Ariba Spend Management/StackTrace' located by 'By.xpath: //*[@awname = 'SHOW_STACK_TRACE']' is not present after '1' second(s)

2020-03-16 09:07:03 - [MESSAGE][PASSED] - Web element with id: 'Object Repository/Page_Ariba Spend Management/StagerError' located by 'By.xpath: //*[@awname = 'TestStagerErrorPage:toggleStackTrace']' is not present after '1' second(s)

2020-03-16 09:07:03 - [MESSAGE][PASSED] - Web element with id: 'Object Repository/Page_Ariba Spend Management/ReturnToLoginPage' located by 'By.xpath: //*[@awname = 'Return to the Ariba login page::ARPException:linkAction']' is not present after '1' second(s)

2020-03-16 09:07:03 - [MESSAGE][INFO] - in Run stager method

2020-03-16 09:07:03 - [MESSAGE][INFO] -  I am able to see set user. So returning from runstager wait.

2020-03-16 09:07:04 - [MESSAGE][INFO] - ************* JS EXECUTED ************: true

2020-03-16 09:07:05 - [MESSAGE][PASSED] - Delayed 1 second(s)

2020-03-16 09:07:06 - [MESSAGE][INFO] - ************* JS EXECUTED ************: true

2020-03-16 09:07:07 - [MESSAGE][PASSED] - Delayed 1 second(s)

2020-03-16 09:07:07 - [MESSAGE][PASSED] - common.util.aribakeywords.aribaClick is PASSED

2020-03-16 09:07:07 - [MESSAGE][PASSED] - Call Test Case 'Test Cases/DMS/UtilTests/SetFeatureToggle' successfully

2020-03-16 09:07:07 - [TEST_STEP][PASSED] - mixedCaseIntegration = "Application.AQS.ArticleIntegration.MixedCaseIntegration.Enabled": null

2020-03-16 09:07:07 - [TEST_STEP][PASSED] - mixedCases = "Application.AQS.ArticleIntegration.MixedCases.Enabled": null

2020-03-16 09:07:07 - [TEST_STEP][PASSED] - realmParamList = [mixedCaseIntegration, mixedCases]: null

2020-03-16 09:07:07 - [TEST_STEP][PASSED] - for ([i = 0, i < realmParamList.size(), (i++)]): Call Test Case 'Test Cases/DMS/UtilTests/SetRealmParameters' successfully

2020-03-16 09:07:07 - [TEST_STEP][PASSED] - callTestCase(findTestCase("DMS/UtilTests/SetRealmParameters"), ["parameterName":realmParamList[i]], STOP_ON_FAILURE): Call Test Case 'Test Cases/DMS/UtilTests/SetRealmParameters' successfully

2020-03-16 09:07:07 - [TEST_CASE][PASSED] - Test Cases/DMS/UtilTests/SetRealmParameters: Test Cases/DMS/UtilTests/SetRealmParameters

2020-03-16 09:07:07 - [TEST_STEP][PASSED] - common.util.aribakeywords.aribaClick(findTestObject("Object Repository/a_TA..")): Element has been clicked

2020-03-16 09:07:08 - [MESSAGE][PASSED] - Object 'Object Repository/a_TA..' is clickable

2020-03-16 09:07:09 - [MESSAGE][PASSED] - Scroll to object 'Object Repository/a_TA..' successfully

2020-03-16 09:07:10 - [MESSAGE][PASSED] - Object 'Object Repository/a_TA..' is visible

2020-03-16 09:07:11 - [MESSAGE][INFO] - Clicking element

2020-03-16 09:07:12 - [MESSAGE][PASSED] - Object: 'Object Repository/a_TA..' is clicked on

2020-03-16 09:07:13 - [MESSAGE][INFO] - ************* JS EXECUTED ************: true

2020-03-16 09:07:14 - [MESSAGE][PASSED] - Delayed 1 second(s)

2020-03-16 09:07:14 - [MESSAGE][PASSED] - Element has been clicked

2020-03-16 09:07:14 - [TEST_STEP][PASSED] - common.util.aribakeywords.aribaClick(findTestObject("Object Repository/testCentral")): Element has been clicked

2020-03-16 09:07:15 - [MESSAGE][PASSED] - Object 'Object Repository/testCentral' is clickable

2020-03-16 09:07:16 - [MESSAGE][PASSED] - Scroll to object 'Object Repository/testCentral' successfully

2020-03-16 09:07:17 - [MESSAGE][PASSED] - Object 'Object Repository/testCentral' is visible

2020-03-16 09:07:18 - [MESSAGE][INFO] - Clicking element

2020-03-16 09:07:19 - [MESSAGE][PASSED] - Object: 'Object Repository/testCentral' is clicked on

2020-03-16 09:07:20 - [MESSAGE][INFO] - ************* JS EXECUTED ************: true

2020-03-16 09:07:21 - [MESSAGE][PASSED] - Delayed 1 second(s)

2020-03-16 09:07:21 - [MESSAGE][PASSED] - Element has been clicked

2020-03-16 09:07:21 - [TEST_STEP][PASSED] - common.util.aribakeywords.aribaClick(findTestObject("Object Repository/setRealmParametersStager")): Element has been clicked

2020-03-16 09:07:22 - [MESSAGE][PASSED] - Object 'Object Repository/setRealmParametersStager' is clickable

2020-03-16 09:07:23 - [MESSAGE][PASSED] - Scroll to object 'Object Repository/setRealmParametersStager' successfully

2020-03-16 09:07:24 - [MESSAGE][PASSED] - Object 'Object Repository/setRealmParametersStager' is visible

2020-03-16 09:07:25 - [MESSAGE][INFO] - Clicking element

2020-03-16 09:07:26 - [MESSAGE][PASSED] - Object: 'Object Repository/setRealmParametersStager' is clicked on

2020-03-16 09:07:27 - [MESSAGE][INFO] - ************* JS EXECUTED ************: false

2020-03-16 09:07:28 - [MESSAGE][PASSED] - Delayed 1 second(s)

2020-03-16 09:07:29 - [MESSAGE][INFO] - ************* JS EXECUTED ************: true

2020-03-16 09:07:30 - [MESSAGE][PASSED] - Delayed 1 second(s)

2020-03-16 09:07:30 - [MESSAGE][PASSED] - Element has been clicked

2020-03-16 09:07:30 - [TEST_STEP][PASSED] - setText(findTestObject("Object Repository/setParamTextField"), parameterName): Text 'Application.AQS.ArticleIntegration.MixedCaseIntegration.Enabled' is set on object 'Object Repository/setParamTextField'

2020-03-16 09:07:32 - [MESSAGE][PASSED] - Text 'Application.AQS.ArticleIntegration.MixedCaseIntegration.Enabled' is set on object 'Object Repository/setParamTextField'

2020-03-16 09:07:32 - [TEST_STEP][PASSED] - common.util.aribakeywords.aribaClick(findTestObject("div_Run Stager")): common.util.aribakeywords.aribaClick is PASSED

2020-03-16 09:07:33 - [MESSAGE][PASSED] - Object 'Object Repository/div_Run Stager' is clickable

2020-03-16 09:07:34 - [MESSAGE][PASSED] - Scroll to object 'Object Repository/div_Run Stager' successfully

2020-03-16 09:07:35 - [MESSAGE][PASSED] - Object 'Object Repository/div_Run Stager' is visible

2020-03-16 09:07:37 - [MESSAGE][PASSED] - Object: 'Object Repository/div_Run Stager' is clicked on

2020-03-16 09:07:39 - [MESSAGE][INFO] - ************* JS EXECUTED ************: true

2020-03-16 09:07:40 - [MESSAGE][PASSED] - Delayed 1 second(s)

2020-03-16 09:07:41 - [MESSAGE][PASSED] - Object 'Object Repository/Page_Ariba Spend Management/input__bt5lrc' is clickable

2020-03-16 09:07:41 - [MESSAGE][PASSED] - Web element with id: 'Object Repository/Page_Ariba Spend Management/StackTrace' located by 'By.xpath: //*[@awname = 'SHOW_STACK_TRACE']' is not present after '1' second(s)

2020-03-16 09:07:42 - [MESSAGE][PASSED] - Web element with id: 'Object Repository/Page_Ariba Spend Management/StagerError' located by 'By.xpath: //*[@awname = 'TestStagerErrorPage:toggleStackTrace']' is not present after '1' second(s)

2020-03-16 09:07:42 - [MESSAGE][PASSED] - Web element with id: 'Object Repository/Page_Ariba Spend Management/ReturnToLoginPage' located by 'By.xpath: //*[@awname = 'Return to the Ariba login page::ARPException:linkAction']' is not present after '1' second(s)

2020-03-16 09:07:42 - [MESSAGE][INFO] - in Run stager method

2020-03-16 09:07:42 - [MESSAGE][INFO] -  I am able to see set user. So returning from runstager wait.

2020-03-16 09:07:43 - [MESSAGE][INFO] - ************* JS EXECUTED ************: true

2020-03-16 09:07:44 - [MESSAGE][PASSED] - Delayed 1 second(s)

2020-03-16 09:07:45 - [MESSAGE][INFO] - ************* JS EXECUTED ************: true

2020-03-16 09:07:46 - [MESSAGE][PASSED] - Delayed 1 second(s)

2020-03-16 09:07:46 - [MESSAGE][PASSED] - common.util.aribakeywords.aribaClick is PASSED

2020-03-16 09:07:46 - [MESSAGE][PASSED] - Call Test Case 'Test Cases/DMS/UtilTests/SetRealmParameters' successfully

2020-03-16 09:07:46 - [TEST_STEP][PASSED] - callTestCase(findTestCase("DMS/UtilTests/SetRealmParameters"), ["parameterName":realmParamList[i]], STOP_ON_FAILURE): Call Test Case 'Test Cases/DMS/UtilTests/SetRealmParameters' successfully

2020-03-16 09:07:46 - [TEST_CASE][PASSED] - Test Cases/DMS/UtilTests/SetRealmParameters: Test Cases/DMS/UtilTests/SetRealmParameters

2020-03-16 09:07:46 - [TEST_STEP][PASSED] - common.util.aribakeywords.aribaClick(findTestObject("Object Repository/a_TA..")): Element has been clicked

2020-03-16 09:07:47 - [MESSAGE][PASSED] - Object 'Object Repository/a_TA..' is clickable

2020-03-16 09:07:48 - [MESSAGE][PASSED] - Scroll to object 'Object Repository/a_TA..' successfully

2020-03-16 09:07:49 - [MESSAGE][PASSED] - Object 'Object Repository/a_TA..' is visible

2020-03-16 09:07:51 - [MESSAGE][INFO] - Clicking element

2020-03-16 09:07:52 - [MESSAGE][PASSED] - Object: 'Object Repository/a_TA..' is clicked on

2020-03-16 09:07:52 - [MESSAGE][INFO] - ************* JS EXECUTED ************: true

2020-03-16 09:07:53 - [MESSAGE][PASSED] - Delayed 1 second(s)

2020-03-16 09:07:53 - [MESSAGE][PASSED] - Element has been clicked

2020-03-16 09:07:53 - [TEST_STEP][PASSED] - common.util.aribakeywords.aribaClick(findTestObject("Object Repository/testCentral")): Element has been clicked

2020-03-16 09:07:54 - [MESSAGE][PASSED] - Object 'Object Repository/testCentral' is clickable

2020-03-16 09:07:55 - [MESSAGE][PASSED] - Scroll to object 'Object Repository/testCentral' successfully

2020-03-16 09:07:56 - [MESSAGE][PASSED] - Object 'Object Repository/testCentral' is visible

2020-03-16 09:07:58 - [MESSAGE][INFO] - Clicking element

2020-03-16 09:07:59 - [MESSAGE][PASSED] - Object: 'Object Repository/testCentral' is clicked on

2020-03-16 09:08:00 - [MESSAGE][INFO] - ************* JS EXECUTED ************: true

2020-03-16 09:08:01 - [MESSAGE][PASSED] - Delayed 1 second(s)

2020-03-16 09:08:01 - [MESSAGE][PASSED] - Element has been clicked

2020-03-16 09:08:01 - [TEST_STEP][PASSED] - common.util.aribakeywords.aribaClick(findTestObject("Object Repository/setRealmParametersStager")): Element has been clicked

2020-03-16 09:08:02 - [MESSAGE][PASSED] - Object 'Object Repository/setRealmParametersStager' is clickable

2020-03-16 09:08:03 - [MESSAGE][PASSED] - Scroll to object 'Object Repository/setRealmParametersStager' successfully

2020-03-16 09:08:04 - [MESSAGE][PASSED] - Object 'Object Repository/setRealmParametersStager' is visible

2020-03-16 09:08:05 - [MESSAGE][INFO] - Clicking element

2020-03-16 09:08:06 - [MESSAGE][PASSED] - Object: 'Object Repository/setRealmParametersStager' is clicked on

2020-03-16 09:08:07 - [MESSAGE][INFO] - ************* JS EXECUTED ************: true

2020-03-16 09:08:08 - [MESSAGE][PASSED] - Delayed 1 second(s)

2020-03-16 09:08:08 - [MESSAGE][PASSED] - Element has been clicked

2020-03-16 09:08:08 - [TEST_STEP][PASSED] - setText(findTestObject("Object Repository/setParamTextField"), parameterName): Text 'Application.AQS.ArticleIntegration.MixedCases.Enabled' is set on object 'Object Repository/setParamTextField'

2020-03-16 09:08:10 - [MESSAGE][PASSED] - Text 'Application.AQS.ArticleIntegration.MixedCases.Enabled' is set on object 'Object Repository/setParamTextField'

2020-03-16 09:08:10 - [TEST_STEP][PASSED] - common.util.aribakeywords.aribaClick(findTestObject("div_Run Stager")): common.util.aribakeywords.aribaClick is PASSED

2020-03-16 09:08:11 - [MESSAGE][PASSED] - Object 'Object Repository/div_Run Stager' is clickable

2020-03-16 09:08:12 - [MESSAGE][PASSED] - Scroll to object 'Object Repository/div_Run Stager' successfully

2020-03-16 09:08:12 - [MESSAGE][PASSED] - Object 'Object Repository/div_Run Stager' is visible

2020-03-16 09:08:15 - [MESSAGE][PASSED] - Object: 'Object Repository/div_Run Stager' is clicked on

2020-03-16 09:08:17 - [MESSAGE][INFO] - ************* JS EXECUTED ************: false

2020-03-16 09:08:18 - [MESSAGE][PASSED] - Delayed 1 second(s)

2020-03-16 09:08:18 - [MESSAGE][INFO] - ************* JS EXECUTED ************: true

2020-03-16 09:08:19 - [MESSAGE][PASSED] - Delayed 1 second(s)

2020-03-16 09:08:20 - [MESSAGE][PASSED] - Object 'Object Repository/Page_Ariba Spend Management/input__bt5lrc' is clickable

2020-03-16 09:08:20 - [MESSAGE][PASSED] - Web element with id: 'Object Repository/Page_Ariba Spend Management/StackTrace' located by 'By.xpath: //*[@awname = 'SHOW_STACK_TRACE']' is not present after '1' second(s)

2020-03-16 09:08:21 - [MESSAGE][PASSED] - Web element with id: 'Object Repository/Page_Ariba Spend Management/StagerError' located by 'By.xpath: //*[@awname = 'TestStagerErrorPage:toggleStackTrace']' is not present after '1' second(s)

2020-03-16 09:08:21 - [MESSAGE][PASSED] - Web element with id: 'Object Repository/Page_Ariba Spend Management/ReturnToLoginPage' located by 'By.xpath: //*[@awname = 'Return to the Ariba login page::ARPException:linkAction']' is not present after '1' second(s)

2020-03-16 09:08:21 - [MESSAGE][INFO] - in Run stager method

2020-03-16 09:08:21 - [MESSAGE][INFO] -  I am able to see set user. So returning from runstager wait.

2020-03-16 09:08:22 - [MESSAGE][INFO] - ************* JS EXECUTED ************: true

2020-03-16 09:08:23 - [MESSAGE][PASSED] - Delayed 1 second(s)

2020-03-16 09:08:24 - [MESSAGE][INFO] - ************* JS EXECUTED ************: true

2020-03-16 09:08:25 - [MESSAGE][PASSED] - Delayed 1 second(s)

2020-03-16 09:08:25 - [MESSAGE][PASSED] - common.util.aribakeywords.aribaClick is PASSED

2020-03-16 09:08:25 - [MESSAGE][PASSED] - Call Test Case 'Test Cases/DMS/UtilTests/SetRealmParameters' successfully

2020-03-16 09:08:25 - [TEST_STEP][PASSED] - common.util.aribakeywords.aribaClick(findTestObject("Page_Ariba Spend Management/a_TA..")): Element has been clicked

2020-03-16 09:08:26 - [MESSAGE][PASSED] - Object 'Object Repository/Page_Ariba Spend Management/a_TA..' is clickable

2020-03-16 09:08:27 - [MESSAGE][PASSED] - Scroll to object 'Object Repository/Page_Ariba Spend Management/a_TA..' successfully

2020-03-16 09:08:28 - [MESSAGE][PASSED] - Object 'Object Repository/Page_Ariba Spend Management/a_TA..' is visible

2020-03-16 09:08:29 - [MESSAGE][INFO] - Clicking element

2020-03-16 09:08:30 - [MESSAGE][PASSED] - Object: 'Object Repository/Page_Ariba Spend Management/a_TA..' is clicked on

2020-03-16 09:08:31 - [MESSAGE][INFO] - ************* JS EXECUTED ************: true

2020-03-16 09:08:32 - [MESSAGE][PASSED] - Delayed 1 second(s)

2020-03-16 09:08:32 - [MESSAGE][PASSED] - Element has been clicked

2020-03-16 09:08:32 - [TEST_STEP][PASSED] - common.util.aribakeywords.aribaClick(findTestObject("Page_TestCentralPage/Test Central ACM")): Element has been clicked

2020-03-16 09:08:33 - [MESSAGE][PASSED] - Object 'Object Repository/Page_TestCentralPage/Test Central ACM' is clickable

2020-03-16 09:08:34 - [MESSAGE][PASSED] - Scroll to object 'Object Repository/Page_TestCentralPage/Test Central ACM' successfully

2020-03-16 09:08:35 - [MESSAGE][PASSED] - Object 'Object Repository/Page_TestCentralPage/Test Central ACM' is visible

2020-03-16 09:08:36 - [MESSAGE][INFO] - Clicking element

2020-03-16 09:08:37 - [MESSAGE][PASSED] - Object: 'Object Repository/Page_TestCentralPage/Test Central ACM' is clicked on

2020-03-16 09:08:38 - [MESSAGE][INFO] - ************* JS EXECUTED ************: true

2020-03-16 09:08:39 - [MESSAGE][PASSED] - Delayed 1 second(s)

2020-03-16 09:08:39 - [MESSAGE][PASSED] - Element has been clicked

2020-03-16 09:08:39 - [TEST_STEP][PASSED] - scrollToElement(findTestObject("Page_Ariba Spend Management/a_Create Workspace"), 3): Scroll to object 'Object Repository/Page_Ariba Spend Management/a_Create Workspace' successfully

2020-03-16 09:08:40 - [MESSAGE][PASSED] - Scroll to object 'Object Repository/Page_Ariba Spend Management/a_Create Workspace' successfully

2020-03-16 09:08:40 - [TEST_STEP][PASSED] - common.util.aribakeywords.aribaClick(findTestObject("Page_Ariba Spend Management/a_Create Workspace")): Element has been clicked

2020-03-16 09:08:41 - [MESSAGE][PASSED] - Object 'Object Repository/Page_Ariba Spend Management/a_Create Workspace' is clickable

2020-03-16 09:08:42 - [MESSAGE][PASSED] - Scroll to object 'Object Repository/Page_Ariba Spend Management/a_Create Workspace' successfully

2020-03-16 09:08:43 - [MESSAGE][PASSED] - Object 'Object Repository/Page_Ariba Spend Management/a_Create Workspace' is visible

2020-03-16 09:08:45 - [MESSAGE][INFO] - Clicking element

2020-03-16 09:08:46 - [MESSAGE][PASSED] - Object: 'Object Repository/Page_Ariba Spend Management/a_Create Workspace' is clicked on

2020-03-16 09:08:47 - [MESSAGE][INFO] - ************* JS EXECUTED ************: false

2020-03-16 09:08:48 - [MESSAGE][PASSED] - Delayed 1 second(s)

2020-03-16 09:08:48 - [MESSAGE][INFO] - ************* JS EXECUTED ************: true

2020-03-16 09:08:49 - [MESSAGE][PASSED] - Delayed 1 second(s)

2020-03-16 09:08:49 - [MESSAGE][PASSED] - Element has been clicked

2020-03-16 09:08:49 - [TEST_STEP][PASSED] - setText(findTestObject("Page_Ariba Spend Management/input_Name of Workspace__bdp8j"), CW): Text 'ContractWithLotAPCTerm_1584329509512' is set on object 'Object Repository/Page_Ariba Spend Management/input_Name of Workspace__bdp8j'

2020-03-16 09:08:51 - [MESSAGE][PASSED] - Text 'ContractWithLotAPCTerm_1584329509512' is set on object 'Object Repository/Page_Ariba Spend Management/input_Name of Workspace__bdp8j'

2020-03-16 09:08:51 - [TEST_STEP][PASSED] - setText(findTestObject("Page_Ariba Spend Management/input_Name of Template__x1sbod"), contractTemplate): Text 'ContractAPCTemplateWithBasketLot' is set on object 'Object Repository/Page_Ariba Spend Management/input_Name of Template__x1sbod'

2020-03-16 09:08:54 - [MESSAGE][PASSED] - Text 'ContractAPCTemplateWithBasketLot' is set on object 'Object Repository/Page_Ariba Spend Management/input_Name of Template__x1sbod'

2020-03-16 09:08:54 - [TEST_STEP][PASSED] - common.util.aribakeywords.aribaClick(findTestObject("Object Repository/div_Run Stager")): common.util.aribakeywords.aribaClick is PASSED

2020-03-16 09:08:55 - [MESSAGE][PASSED] - Object 'Object Repository/div_Run Stager' is clickable

2020-03-16 09:08:56 - [MESSAGE][PASSED] - Scroll to object 'Object Repository/div_Run Stager' successfully

2020-03-16 09:08:56 - [MESSAGE][PASSED] - Object 'Object Repository/div_Run Stager' is visible

2020-03-16 09:08:59 - [MESSAGE][PASSED] - Object: 'Object Repository/div_Run Stager' is clicked on

2020-03-16 09:09:00 - [MESSAGE][INFO] - ************* JS EXECUTED ************: false

2020-03-16 09:09:01 - [MESSAGE][PASSED] - Delayed 1 second(s)

2020-03-16 09:09:01 - [MESSAGE][INFO] - ************* JS EXECUTED ************: false

2020-03-16 09:09:02 - [MESSAGE][PASSED] - Delayed 1 second(s)

2020-03-16 09:09:03 - [MESSAGE][INFO] - ************* JS EXECUTED ************: false

2020-03-16 09:09:04 - [MESSAGE][PASSED] - Delayed 1 second(s)

2020-03-16 09:09:04 - [MESSAGE][INFO] - ************* JS EXECUTED ************: false

2020-03-16 09:09:05 - [MESSAGE][PASSED] - Delayed 1 second(s)

2020-03-16 09:09:06 - [MESSAGE][INFO] - ************* JS EXECUTED ************: false

2020-03-16 09:09:07 - [MESSAGE][PASSED] - Delayed 1 second(s)

2020-03-16 09:09:08 - [MESSAGE][INFO] - ************* JS EXECUTED ************: false

2020-03-16 09:09:09 - [MESSAGE][PASSED] - Delayed 1 second(s)

2020-03-16 09:09:09 - [MESSAGE][INFO] - ************* JS EXECUTED ************: true

2020-03-16 09:09:10 - [MESSAGE][PASSED] - Delayed 1 second(s)

2020-03-16 09:09:11 - [MESSAGE][PASSED] - Object 'Object Repository/Page_Ariba Spend Management/input__bt5lrc' is clickable

2020-03-16 09:09:12 - [MESSAGE][PASSED] - Web element with id: 'Object Repository/Page_Ariba Spend Management/StackTrace' located by 'By.xpath: //*[@awname = 'SHOW_STACK_TRACE']' is not present after '1' second(s)

2020-03-16 09:09:12 - [MESSAGE][PASSED] - Web element with id: 'Object Repository/Page_Ariba Spend Management/StagerError' located by 'By.xpath: //*[@awname = 'TestStagerErrorPage:toggleStackTrace']' is not present after '1' second(s)

2020-03-16 09:09:13 - [MESSAGE][PASSED] - Web element with id: 'Object Repository/Page_Ariba Spend Management/ReturnToLoginPage' located by 'By.xpath: //*[@awname = 'Return to the Ariba login page::ARPException:linkAction']' is not present after '1' second(s)

2020-03-16 09:09:13 - [MESSAGE][INFO] - in Run stager method

2020-03-16 09:09:13 - [MESSAGE][INFO] -  I am able to see set user. So returning from runstager wait.

2020-03-16 09:09:14 - [MESSAGE][INFO] - ************* JS EXECUTED ************: true

2020-03-16 09:09:15 - [MESSAGE][PASSED] - Delayed 1 second(s)

2020-03-16 09:09:16 - [MESSAGE][INFO] - ************* JS EXECUTED ************: true

2020-03-16 09:09:17 - [MESSAGE][PASSED] - Delayed 1 second(s)

2020-03-16 09:09:17 - [MESSAGE][PASSED] - common.util.aribakeywords.aribaClick is PASSED

2020-03-16 09:09:17 - [TEST_STEP][PASSED] - try: Call Test Case 'Test Cases/DMS/UtilTests/SetContractProjectCompactView' successfully

2020-03-16 09:09:17 - [TEST_STEP][PASSED] - callTestCase(findTestCase("DMS/UtilTests/SetContractProjectCompactView"), ["projectName":CW], OPTIONAL): Call Test Case 'Test Cases/DMS/UtilTests/SetContractProjectCompactView' successfully

2020-03-16 09:09:17 - [TEST_CASE][PASSED] - Test Cases/DMS/UtilTests/SetContractProjectCompactView: Test Cases/DMS/UtilTests/SetContractProjectCompactView

2020-03-16 09:09:17 - [TEST_STEP][PASSED] - refresh(): Refresh successfully

2020-03-16 09:09:18 - [MESSAGE][PASSED] - Refresh successfully

2020-03-16 09:09:18 - [TEST_STEP][PASSED] - common.util.aribakeywords.aribaClick(findTestObject("Object Repository/a_TA..")): Element has been clicked

2020-03-16 09:09:19 - [MESSAGE][PASSED] - Object 'Object Repository/a_TA..' is clickable

2020-03-16 09:09:20 - [MESSAGE][PASSED] - Scroll to object 'Object Repository/a_TA..' successfully

2020-03-16 09:09:21 - [MESSAGE][PASSED] - Object 'Object Repository/a_TA..' is visible

2020-03-16 09:09:22 - [MESSAGE][INFO] - Clicking element

2020-03-16 09:09:23 - [MESSAGE][PASSED] - Object: 'Object Repository/a_TA..' is clicked on

2020-03-16 09:09:24 - [MESSAGE][INFO] - ************* JS EXECUTED ************: true

2020-03-16 09:09:25 - [MESSAGE][PASSED] - Delayed 1 second(s)

2020-03-16 09:09:25 - [MESSAGE][PASSED] - Element has been clicked

2020-03-16 09:09:25 - [TEST_STEP][PASSED] - common.util.aribakeywords.aribaClick(findTestObject("Object Repository/testCentral")): Element has been clicked

2020-03-16 09:09:26 - [MESSAGE][PASSED] - Object 'Object Repository/testCentral' is clickable

2020-03-16 09:09:27 - [MESSAGE][PASSED] - Scroll to object 'Object Repository/testCentral' successfully

2020-03-16 09:09:28 - [MESSAGE][PASSED] - Object 'Object Repository/testCentral' is visible

2020-03-16 09:09:29 - [MESSAGE][INFO] - Clicking element

2020-03-16 09:09:30 - [MESSAGE][PASSED] - Object: 'Object Repository/testCentral' is clicked on

2020-03-16 09:09:31 - [MESSAGE][INFO] - ************* JS EXECUTED ************: true

2020-03-16 09:09:32 - [MESSAGE][PASSED] - Delayed 1 second(s)

2020-03-16 09:09:32 - [MESSAGE][PASSED] - Element has been clicked

2020-03-16 09:09:32 - [TEST_STEP][PASSED] - waitForElementClickable(findTestObject("Object Repository/a_Set Project View"), 2, OPTIONAL): Object 'Object Repository/a_Set Project View' is clickable

2020-03-16 09:09:33 - [MESSAGE][PASSED] - Object 'Object Repository/a_Set Project View' is clickable

2020-03-16 09:09:33 - [TEST_STEP][PASSED] - common.util.aribakeywords.aribaClick(findTestObject("Object Repository/a_Set Project View")): Element has been clicked

2020-03-16 09:09:34 - [MESSAGE][PASSED] - Object 'Object Repository/a_Set Project View' is clickable

2020-03-16 09:09:35 - [MESSAGE][PASSED] - Scroll to object 'Object Repository/a_Set Project View' successfully

2020-03-16 09:09:36 - [MESSAGE][PASSED] - Object 'Object Repository/a_Set Project View' is visible

2020-03-16 09:09:37 - [MESSAGE][INFO] - Clicking element

2020-03-16 09:09:38 - [MESSAGE][PASSED] - Object: 'Object Repository/a_Set Project View' is clicked on

2020-03-16 09:09:39 - [MESSAGE][INFO] - ************* JS EXECUTED ************: true

2020-03-16 09:09:40 - [MESSAGE][PASSED] - Delayed 1 second(s)

2020-03-16 09:09:40 - [MESSAGE][PASSED] - Element has been clicked

2020-03-16 09:09:40 - [TEST_STEP][PASSED] - refresh(): Refresh successfully

2020-03-16 09:09:41 - [MESSAGE][PASSED] - Refresh successfully

2020-03-16 09:09:41 - [TEST_STEP][PASSED] - setText(findTestObject("Object Repository/input_Workspace Title__kyhyhb"), projectName): Text 'ContractWithLotAPCTerm_1584329509512' is set on object 'Object Repository/input_Workspace Title__kyhyhb'

2020-03-16 09:09:43 - [MESSAGE][PASSED] - Text 'ContractWithLotAPCTerm_1584329509512' is set on object 'Object Repository/input_Workspace Title__kyhyhb'

2020-03-16 09:09:43 - [TEST_STEP][PASSED] - common.util.aribakeywords.aribaClick(findTestObject("Object Repository/input_Display__p7ugj")): Element has been clicked

2020-03-16 09:09:44 - [MESSAGE][PASSED] - Object 'Object Repository/input_Display__p7ugj' is clickable

2020-03-16 09:09:45 - [MESSAGE][PASSED] - Scroll to object 'Object Repository/input_Display__p7ugj' successfully

2020-03-16 09:09:46 - [MESSAGE][PASSED] - Object 'Object Repository/input_Display__p7ugj' is visible

2020-03-16 09:09:48 - [MESSAGE][INFO] - Clicking element

2020-03-16 09:09:49 - [MESSAGE][PASSED] - Object: 'Object Repository/input_Display__p7ugj' is clicked on

2020-03-16 09:09:50 - [MESSAGE][INFO] - ************* JS EXECUTED ************: true

2020-03-16 09:09:51 - [MESSAGE][PASSED] - Delayed 1 second(s)

2020-03-16 09:09:51 - [MESSAGE][PASSED] - Element has been clicked

2020-03-16 09:09:51 - [TEST_STEP][PASSED] - common.util.aribakeywords.aribaClick(findTestObject("Object Repository/div_Run Stager")): common.util.aribakeywords.aribaClick is PASSED

2020-03-16 09:09:51 - [MESSAGE][PASSED] - Object 'Object Repository/div_Run Stager' is clickable

2020-03-16 09:09:52 - [MESSAGE][PASSED] - Scroll to object 'Object Repository/div_Run Stager' successfully

2020-03-16 09:09:53 - [MESSAGE][PASSED] - Object 'Object Repository/div_Run Stager' is visible

2020-03-16 09:09:56 - [MESSAGE][PASSED] - Object: 'Object Repository/div_Run Stager' is clicked on

2020-03-16 09:09:57 - [MESSAGE][INFO] - ************* JS EXECUTED ************: true

2020-03-16 09:09:58 - [MESSAGE][PASSED] - Delayed 1 second(s)

2020-03-16 09:09:59 - [MESSAGE][PASSED] - Object 'Object Repository/Page_Ariba Spend Management/input__bt5lrc' is clickable

2020-03-16 09:09:59 - [MESSAGE][PASSED] - Web element with id: 'Object Repository/Page_Ariba Spend Management/StackTrace' located by 'By.xpath: //*[@awname = 'SHOW_STACK_TRACE']' is not present after '1' second(s)

2020-03-16 09:10:00 - [MESSAGE][PASSED] - Web element with id: 'Object Repository/Page_Ariba Spend Management/StagerError' located by 'By.xpath: //*[@awname = 'TestStagerErrorPage:toggleStackTrace']' is not present after '1' second(s)

2020-03-16 09:10:00 - [MESSAGE][PASSED] - Web element with id: 'Object Repository/Page_Ariba Spend Management/ReturnToLoginPage' located by 'By.xpath: //*[@awname = 'Return to the Ariba login page::ARPException:linkAction']' is not present after '1' second(s)

2020-03-16 09:10:00 - [MESSAGE][INFO] - in Run stager method

2020-03-16 09:10:00 - [MESSAGE][INFO] -  I am able to see set user. So returning from runstager wait.

2020-03-16 09:10:01 - [MESSAGE][INFO] - ************* JS EXECUTED ************: true

2020-03-16 09:10:02 - [MESSAGE][PASSED] - Delayed 1 second(s)

2020-03-16 09:10:03 - [MESSAGE][INFO] - ************* JS EXECUTED ************: true

2020-03-16 09:10:04 - [MESSAGE][PASSED] - Delayed 1 second(s)

2020-03-16 09:10:04 - [MESSAGE][PASSED] - common.util.aribakeywords.aribaClick is PASSED

2020-03-16 09:10:04 - [MESSAGE][PASSED] - Call Test Case 'Test Cases/DMS/UtilTests/SetContractProjectCompactView' successfully

2020-03-16 09:10:04 - [TEST_STEP][PASSED] - refresh(): Refresh successfully

2020-03-16 09:10:05 - [MESSAGE][PASSED] - Refresh successfully

2020-03-16 09:10:05 - [TEST_STEP][PASSED] - common.util.aribakeywords.aribaClick(findTestObject("Page_Ariba Spend Management/View_Project")): Element has been clicked

2020-03-16 09:10:06 - [MESSAGE][PASSED] - Object 'Object Repository/Page_Ariba Spend Management/View_Project' is clickable

2020-03-16 09:10:08 - [MESSAGE][PASSED] - Scroll to object 'Object Repository/Page_Ariba Spend Management/View_Project' successfully

2020-03-16 09:10:08 - [MESSAGE][PASSED] - Object 'Object Repository/Page_Ariba Spend Management/View_Project' is visible

2020-03-16 09:10:10 - [MESSAGE][INFO] - Clicking element

2020-03-16 09:10:11 - [MESSAGE][PASSED] - Object: 'Object Repository/Page_Ariba Spend Management/View_Project' is clicked on

2020-03-16 09:10:12 - [MESSAGE][INFO] - ************* JS EXECUTED ************: false

2020-03-16 09:10:13 - [MESSAGE][PASSED] - Delayed 1 second(s)

2020-03-16 09:10:13 - [MESSAGE][INFO] - ************* JS EXECUTED ************: false

2020-03-16 09:10:14 - [MESSAGE][PASSED] - Delayed 1 second(s)

2020-03-16 09:10:15 - [MESSAGE][INFO] - ************* JS EXECUTED ************: true

2020-03-16 09:10:16 - [MESSAGE][PASSED] - Delayed 1 second(s)

2020-03-16 09:10:16 - [MESSAGE][PASSED] - Element has been clicked

2020-03-16 09:10:16 - [TEST_STEP][PASSED] - common.util.aribakeywords.waitForPageToLoad(3): common.util.aribakeywords.waitForPageToLoad is PASSED

2020-03-16 09:10:17 - [MESSAGE][INFO] - ************* JS EXECUTED ************: true

2020-03-16 09:10:18 - [MESSAGE][PASSED] - Delayed 1 second(s)

2020-03-16 09:10:18 - [MESSAGE][PASSED] - common.util.aribakeywords.waitForPageToLoad is PASSED

2020-03-16 09:10:18 - [TEST_STEP][PASSED] - refresh(): Refresh successfully

2020-03-16 09:10:19 - [MESSAGE][PASSED] - Refresh successfully

2020-03-16 09:10:19 - [TEST_STEP][PASSED] - common.util.aribakeywords.aribaClick(findTestObject("Object Repository/Page_Ariba Spend Management/span_Documents_w-pml-icon")): Element has been clicked

2020-03-16 09:10:19 - [MESSAGE][PASSED] - Object 'Object Repository/Page_Ariba Spend Management/span_Documents_w-pml-icon' is clickable

2020-03-16 09:10:20 - [MESSAGE][PASSED] - Scroll to object 'Object Repository/Page_Ariba Spend Management/span_Documents_w-pml-icon' successfully

2020-03-16 09:10:21 - [MESSAGE][PASSED] - Object 'Object Repository/Page_Ariba Spend Management/span_Documents_w-pml-icon' is visible

2020-03-16 09:10:23 - [MESSAGE][INFO] - Clicking element

[...]

2020-03-16 09:56:13 - [MESSAGE][PASSED] - Delayed 1 second(s)

2020-03-16 09:56:13 - [TEST_STEP][PASSED] - driver = getWebDriver(): null

2020-03-16 09:56:13 - [TEST_STEP][PASSED] - lotSize = xpath(APCLOT_LOC)).size(): null

2020-03-16 09:56:14 - [TEST_STEP][PASSED] - verifyMatch(lotSize.toString(), "1", false, STOP_ON_FAILURE): Actual text '1' and expected text '1' are matched 

2020-03-16 09:56:14 - [MESSAGE][PASSED] - Actual text '1' and expected text '1' are matched 

2020-03-16 09:56:14 - [TEST_STEP][PASSED] - childItem = xpath(LOTCHILDITEM_LOC)).size(): null

2020-03-16 09:56:14 - [TEST_STEP][PASSED] - verifyMatch(childItem.toString(), "1", false, STOP_ON_FAILURE): Actual text '1' and expected text '1' are matched 

2020-03-16 09:56:14 - [MESSAGE][PASSED] - Actual text '1' and expected text '1' are matched 

2020-03-16 09:56:14 - [TEST_STEP][PASSED] - verifyTextPresent("View pricing conditions", false, STOP_ON_FAILURE): Text 'View pricing conditions' is present on page 

2020-03-16 09:56:16 - [MESSAGE][PASSED] - Text 'View pricing conditions' is present on page 

2020-03-16 09:56:16 - [TEST_STEP][PASSED] - apcLink = aribakeywords.createTestObject(APCLINK_LOC): null

2020-03-16 09:56:16 - [TEST_STEP][PASSED] - verifyElementPresent(apcLink, 3, STOP_ON_FAILURE): Object '//a[@awname='0.4_RITASHORTSTRINGIFZ000002::RITASHORTSTRINGIFZ000002:pricingInfoDisplay']' is present

2020-03-16 09:56:17 - [MESSAGE][PASSED] - Object '//a[@awname='0.4_RITASHORTSTRINGIFZ000002::RITASHORTSTRINGIFZ000002:pricingInfoDisplay']' is present

2020-03-16 09:56:17 - [TEST_STEP][PASSED] - aribakeywords.aribaClick(apcLink): Element has been clicked

2020-03-16 09:56:18 - [MESSAGE][PASSED] - Object '//a[@awname='0.4_RITASHORTSTRINGIFZ000002::RITASHORTSTRINGIFZ000002:pricingInfoDisplay']' is clickable

2020-03-16 09:56:19 - [MESSAGE][PASSED] - Scroll to object '//a[@awname='0.4_RITASHORTSTRINGIFZ000002::RITASHORTSTRINGIFZ000002:pricingInfoDisplay']' successfully

2020-03-16 09:56:20 - [MESSAGE][PASSED] - Object '//a[@awname='0.4_RITASHORTSTRINGIFZ000002::RITASHORTSTRINGIFZ000002:pricingInfoDisplay']' is visible

2020-03-16 09:56:21 - [MESSAGE][INFO] - Clicking element

2020-03-16 09:56:22 - [MESSAGE][PASSED] - Object: '//a[@awname='0.4_RITASHORTSTRINGIFZ000002::RITASHORTSTRINGIFZ000002:pricingInfoDisplay']' is clicked on

2020-03-16 09:56:23 - [MESSAGE][INFO] - ************* JS EXECUTED ************: false

2020-03-16 09:56:24 - [MESSAGE][PASSED] - Delayed 1 second(s)

2020-03-16 09:56:25 - [MESSAGE][INFO] - ************* JS EXECUTED ************: false

2020-03-16 09:56:26 - [MESSAGE][PASSED] - Delayed 1 second(s)

2020-03-16 09:56:26 - [MESSAGE][INFO] - ************* JS EXECUTED ************: true

2020-03-16 09:56:27 - [MESSAGE][PASSED] - Delayed 1 second(s)

2020-03-16 09:56:27 - [MESSAGE][PASSED] - Element has been clicked

2020-03-16 09:56:27 - [TEST_STEP][PASSED] - verifyTextPresent("Dec 2019 - Dec 9999", false, STOP_ON_FAILURE): Text 'Dec 2019 - Dec 9999' is present on page 

2020-03-16 09:56:29 - [MESSAGE][PASSED] - Text 'Dec 2019 - Dec 9999' is present on page 

2020-03-16 09:56:29 - [TEST_STEP][PASSED] - verifyTextPresent("To 5", false, STOP_ON_FAILURE): Text 'To 5' is present on page 

2020-03-16 09:56:30 - [MESSAGE][PASSED] - Text 'To 5' is present on page 

2020-03-16 09:56:30 - [TEST_STEP][PASSED] - termValue = xpath(LOT_TERM_APC_PRICE_LOC)).getAttribute("value"): null

2020-03-16 09:56:31 - [TEST_STEP][PASSED] - verifyMatch(termValue, "44", false, STOP_ON_FAILURE): Actual text '44' and expected text '44' are matched 

2020-03-16 09:56:31 - [MESSAGE][PASSED] - Actual text '44' and expected text '44' are matched 

2020-03-16 09:56:31 - [TEST_STEP][PASSED] - try: Element has been clicked

2020-03-16 09:56:31 - [TEST_STEP][PASSED] - aribakeywords.aribaClick(findTestObject("Page_Ariba Spend Management/span_Done")): Element has been clicked

2020-03-16 09:56:32 - [MESSAGE][PASSED] - Object 'Object Repository/Page_Ariba Spend Management/span_Done' is clickable

2020-03-16 09:56:33 - [MESSAGE][PASSED] - Scroll to object 'Object Repository/Page_Ariba Spend Management/span_Done' successfully

2020-03-16 09:56:34 - [MESSAGE][PASSED] - Object 'Object Repository/Page_Ariba Spend Management/span_Done' is visible

2020-03-16 09:56:35 - [MESSAGE][INFO] - Clicking element

2020-03-16 09:56:36 - [MESSAGE][PASSED] - Object: 'Object Repository/Page_Ariba Spend Management/span_Done' is clicked on

2020-03-16 09:56:38 - [MESSAGE][INFO] - ************* JS EXECUTED ************: true

2020-03-16 09:56:39 - [MESSAGE][PASSED] - Delayed 1 second(s)

2020-03-16 09:56:39 - [MESSAGE][PASSED] - Element has been clicked

2020-03-16 09:56:39 - [TEST_STEP][PASSED] - aribakeywords.aribaClick(aribakeywords.createTestObject("//button[@awname='ASCContentFrame:excelImportAction']")): Element has been clicked

2020-03-16 09:56:40 - [MESSAGE][PASSED] - Object '//button[@awname='ASCContentFrame:excelImportAction']' is clickable

2020-03-16 09:56:41 - [MESSAGE][PASSED] - Scroll to object '//button[@awname='ASCContentFrame:excelImportAction']' successfully

2020-03-16 09:56:42 - [MESSAGE][PASSED] - Object '//button[@awname='ASCContentFrame:excelImportAction']' is visible

2020-03-16 09:56:43 - [MESSAGE][INFO] - Clicking element

2020-03-16 09:56:44 - [MESSAGE][PASSED] - Object: '//button[@awname='ASCContentFrame:excelImportAction']' is clicked on

2020-03-16 09:56:45 - [MESSAGE][INFO] - ************* JS EXECUTED ************: false

2020-03-16 09:56:46 - [MESSAGE][PASSED] - Delayed 1 second(s)

2020-03-16 09:56:47 - [MESSAGE][INFO] - ************* JS EXECUTED ************: true

2020-03-16 09:56:48 - [MESSAGE][PASSED] - Delayed 1 second(s)

2020-03-16 09:56:48 - [MESSAGE][PASSED] - Element has been clicked

2020-03-16 09:56:48 - [TEST_STEP][PASSED] - usrDir = getProjectDir(): null

2020-03-16 09:56:48 - [TEST_STEP][PASSED] - fileToBeDwnld = aribakeywords.createTestObject("//a[@awname='ASPExcelImport:exportExcelDocumentAction']"): null

2020-03-16 09:56:48 - [TEST_STEP][PASSED] - excelName = sourcingEvent.trim() + ".xls": null

2020-03-16 09:56:48 - [TEST_STEP][ERROR] - aribakeywords.downloadFile(fileToBeDwnld, excelName, 3, 3): aribakeywords.downloadFile(fileToBeDwnld, excelName, 3, 3) FAILED.
Reason:
com.jcraft.jsch.JSchException: Auth fail
	at com.jcraft.jsch.Session.connect(Session.java:484)
	at com.jcraft.jsch.Session.connect(Session.java:162)
	at com.jcraft.jsch.Session$connect$1.call(Unknown Source)
	at common.util.fileHandling.getConnection(fileHandling.groovy:71)
	at common.util.fileHandling.downloadFile(fileHandling.groovy:240)
	at common.util.fileHandling$downloadFile.call(Unknown Source)
	at common.util.aribakeywords.downloadFile(aribakeywords.groovy:450)
	at DMSTC-2916_EventContentSheetExport.run(DMSTC-2916_EventContentSheetExport:214)
	at com.kms.katalon.core.main.ScriptEngine.run(ScriptEngine.java:194)
	at com.kms.katalon.core.main.ScriptEngine.runScriptAsRawText(ScriptEngine.java:119)
	at com.kms.katalon.core.main.TestCaseExecutor.runScript(TestCaseExecutor.java:331)
	at com.kms.katalon.core.main.TestCaseExecutor.doExecute(TestCaseExecutor.java:322)
	at com.kms.katalon.core.main.TestCaseExecutor.processExecutionPhase(TestCaseExecutor.java:301)
	at com.kms.katalon.core.main.TestCaseExecutor.accessMainPhase(TestCaseExecutor.java:293)
	at com.kms.katalon.core.main.TestCaseExecutor.execute(TestCaseExecutor.java:227)
	at com.kms.katalon.core.main.TestSuiteExecutor.accessTestCaseMainPhase(TestSuiteExecutor.java:129)
	at com.kms.katalon.core.main.TestSuiteExecutor.accessTestSuiteMainPhase(TestSuiteExecutor.java:112)
	at com.kms.katalon.core.main.TestSuiteExecutor.execute(TestSuiteExecutor.java:81)
	at com.kms.katalon.core.main.TestCaseMain.startTestSuite(TestCaseMain.java:157)
	at com.kms.katalon.core.main.TestCaseMain$startTestSuite$0.call(Unknown Source)
	at TempTestSuite1584329506754.run(TempTestSuite1584329506754.groovy:35)


2020-03-16 09:56:48 - [MESSAGE][INFO] - Cleanup for '/Users/i331477/git/S4MicroServiceKatalon/Reports/TestSuite/20200316_090146/EventLotWithAPCTerm_1584332603077.xls': false

2020-03-16 09:56:48 - [MESSAGE][INFO] - GridHostName:10.173.0.211

2020-03-16 09:56:53 - [MESSAGE][ERROR] - aribakeywords.downloadFile(fileToBeDwnld, excelName, 3, 3) FAILED.
Reason:
com.jcraft.jsch.JSchException: Auth fail
	at com.jcraft.jsch.Session.connect(Session.java:484)
	at com.jcraft.jsch.Session.connect(Session.java:162)
	at com.jcraft.jsch.Session$connect$1.call(Unknown Source)
	at common.util.fileHandling.getConnection(fileHandling.groovy:71)
	at common.util.fileHandling.downloadFile(fileHandling.groovy:240)
	at common.util.fileHandling$downloadFile.call(Unknown Source)
	at common.util.aribakeywords.downloadFile(aribakeywords.groovy:450)
	at DMSTC-2916_EventContentSheetExport.run(DMSTC-2916_EventContentSheetExport:214)
	at com.kms.katalon.core.main.ScriptEngine.run(ScriptEngine.java:194)
	at com.kms.katalon.core.main.ScriptEngine.runScriptAsRawText(ScriptEngine.java:119)
	at com.kms.katalon.core.main.TestCaseExecutor.runScript(TestCaseExecutor.java:331)
	at com.kms.katalon.core.main.TestCaseExecutor.doExecute(TestCaseExecutor.java:322)
	at com.kms.katalon.core.main.TestCaseExecutor.processExecutionPhase(TestCaseExecutor.java:301)
	at com.kms.katalon.core.main.TestCaseExecutor.accessMainPhase(TestCaseExecutor.java:293)
	at com.kms.katalon.core.main.TestCaseExecutor.execute(TestCaseExecutor.java:227)
	at com.kms.katalon.core.main.TestSuiteExecutor.accessTestCaseMainPhase(TestSuiteExecutor.java:129)
	at com.kms.katalon.core.main.TestSuiteExecutor.accessTestSuiteMainPhase(TestSuiteExecutor.java:112)
	at com.kms.katalon.core.main.TestSuiteExecutor.execute(TestSuiteExecutor.java:81)
	at com.kms.katalon.core.main.TestCaseMain.startTestSuite(TestCaseMain.java:157)
	at com.kms.katalon.core.main.TestCaseMain$startTestSuite$0.call(Unknown Source)
	at TempTestSuite1584329506754.run(TempTestSuite1584329506754.groovy:35)]]></system-out>
         <system-err><![CDATA[2020-03-16 09:53:22 - [TEST_CASE][ERROR] - Test Cases/DMS/PricingConditionSupportForLots - Copy/DMSTC-2916_EventContentSheetExport: Test Cases/DMS/PricingConditionSupportForLots - Copy/DMSTC-2916_EventContentSheetExport FAILED.
Reason:
com.jcraft.jsch.JSchException: Auth fail
	at com.jcraft.jsch.Session.connect(Session.java:484)
	at com.jcraft.jsch.Session.connect(Session.java:162)
	at com.jcraft.jsch.Session$connect$1.call(Unknown Source)
	at common.util.fileHandling.getConnection(fileHandling.groovy:71)
	at common.util.fileHandling.downloadFile(fileHandling.groovy:240)
	at common.util.fileHandling$downloadFile.call(Unknown Source)
	at common.util.aribakeywords.downloadFile(aribakeywords.groovy:450)
	at DMSTC-2916_EventContentSheetExport.run(DMSTC-2916_EventContentSheetExport:214)
	at com.kms.katalon.core.main.ScriptEngine.run(ScriptEngine.java:194)
	at com.kms.katalon.core.main.ScriptEngine.runScriptAsRawText(ScriptEngine.java:119)
	at com.kms.katalon.core.main.TestCaseExecutor.runScript(TestCaseExecutor.java:331)
	at com.kms.katalon.core.main.TestCaseExecutor.doExecute(TestCaseExecutor.java:322)
	at com.kms.katalon.core.main.TestCaseExecutor.processExecutionPhase(TestCaseExecutor.java:301)
	at com.kms.katalon.core.main.TestCaseExecutor.accessMainPhase(TestCaseExecutor.java:293)
	at com.kms.katalon.core.main.TestCaseExecutor.execute(TestCaseExecutor.java:227)
	at com.kms.katalon.core.main.TestSuiteExecutor.accessTestCaseMainPhase(TestSuiteExecutor.java:129)
	at com.kms.katalon.core.main.TestSuiteExecutor.accessTestSuiteMainPhase(TestSuiteExecutor.java:112)
	at com.kms.katalon.core.main.TestSuiteExecutor.execute(TestSuiteExecutor.java:81)
	at com.kms.katalon.core.main.TestCaseMain.startTestSuite(TestCaseMain.java:157)
	at com.kms.katalon.core.main.TestCaseMain$startTestSuite$0.call(Unknown Source)
	at TempTestSuite1584329506754.run(TempTestSuite1584329506754.groovy:35)]]></system-err>
      </testcase>
      <system-out><![CDATA[2020-03-16 09:01:48 - [TEST_SUITE][FAILED] - TestSuite: Test Cases/DMS/PricingConditionSupportForLots - Copy/DMSTC-2917_DownloadBidComparisonWithAPCLot FAILED.
Reason:
com.kms.katalon.core.exception.StepFailedException: Call Test Case 'Test Cases/DMS/UtilTests/CreateSourcingEvent' failed
	at com.kms.katalon.core.keyword.builtin.CallTestCaseKeyword$_callTestCase_closure1.doCall(CallTestCaseKeyword.groovy:63)
	at com.kms.katalon.core.keyword.builtin.CallTestCaseKeyword$_callTestCase_closure1.call(CallTestCaseKeyword.groovy)
	at com.kms.katalon.core.keyword.internal.KeywordMain.runKeyword(KeywordMain.groovy:66)
	at com.kms.katalon.core.keyword.builtin.CallTestCaseKeyword.callTestCase(CallTestCaseKeyword.groovy:81)
	at com.kms.katalon.core.keyword.builtin.CallTestCaseKeyword.execute(CallTestCaseKeyword.groovy:44)
	at com.kms.katalon.core.keyword.internal.KeywordExecutor.executeKeywordForPlatform(KeywordExecutor.groovy:56)
	at com.kms.katalon.core.keyword.BuiltinKeywords.callTestCase(BuiltinKeywords.groovy:334)
	at DMSTC-2917_DownloadBidComparisonWithAPCLot.run(DMSTC-2917_DownloadBidComparisonWithAPCLot:103)
	at com.kms.katalon.core.main.ScriptEngine.run(ScriptEngine.java:194)
	at com.kms.katalon.core.main.ScriptEngine.runScriptAsRawText(ScriptEngine.java:119)
	at com.kms.katalon.core.main.TestCaseExecutor.runScript(TestCaseExecutor.java:331)
	at com.kms.katalon.core.main.TestCaseExecutor.doExecute(TestCaseExecutor.java:322)
	at com.kms.katalon.core.main.TestCaseExecutor.processExecutionPhase(TestCaseExecutor.java:301)
	at com.kms.katalon.core.main.TestCaseExecutor.accessMainPhase(TestCaseExecutor.java:293)
	at com.kms.katalon.core.main.TestCaseExecutor.execute(TestCaseExecutor.java:227)
	at com.kms.katalon.core.main.TestSuiteExecutor.accessTestCaseMainPhase(TestSuiteExecutor.java:129)
	at com.kms.katalon.core.main.TestSuiteExecutor.accessTestSuiteMainPhase(TestSuiteExecutor.java:112)
	at com.kms.katalon.core.main.TestSuiteExecutor.execute(TestSuiteExecutor.java:81)
	at com.kms.katalon.core.main.TestCaseMain.startTestSuite(TestCaseMain.java:157)
	at com.kms.katalon.core.main.TestCaseMain$startTestSuite$0.call(Unknown Source)
	at TempTestSuite1584329506754.run(TempTestSuite1584329506754.groovy:35)
Caused by: com.kms.katalon.core.exception.StepFailedException: Fail to click on Object : TestObject - 'Object Repository/div_Run Stager'
Test Element : [[CRemoteWebDriver: chrome on LINUX (2031313509a64c5dfac1d73a917290f5)] -> xpath: //td[@awname = 'TestStagerForm:runStager']]

Stack Trace : com.kms.katalon.core.exception.StepFailedException: Unable to verify object 'Object Repository/Page_Ariba Spend Management/StackTrace' is not present


	at com.kms.katalon.core.util.KeywordUtil.markFailedAndStop(KeywordUtil.java:27)
	at com.kms.katalon.core.util.KeywordUtil$markFailedAndStop$1.call(Unknown Source)
	at common.util.aribakeywords.aribaClick(aribakeywords.groovy:93)
	at common.util.aribakeywords.invokeMethod(aribakeywords.groovy)
	at com.kms.katalon.core.main.CustomKeywordDelegatingMetaClass.invokeStaticMethod(CustomKeywordDelegatingMetaClass.java:49)
	at CreateSourcingEvent.run(CreateSourcingEvent:48)
	at com.kms.katalon.core.main.ScriptEngine.run(ScriptEngine.java:194)
	at com.kms.katalon.core.main.ScriptEngine.runScriptAsRawText(ScriptEngine.java:119)
	at com.kms.katalon.core.main.TestCaseExecutor.runScript(TestCaseExecutor.java:331)
	at com.kms.katalon.core.main.TestCaseExecutor.doExecute(TestCaseExecutor.java:322)
	at com.kms.katalon.core.main.TestCaseExecutor.processExecutionPhase(TestCaseExecutor.java:301)
	at com.kms.katalon.core.main.TestCaseExecutor.accessMainPhase(TestCaseExecutor.java:293)
	at com.kms.katalon.core.main.TestCaseExecutor.execute(TestCaseExecutor.java:227)
	at com.kms.katalon.core.main.TestCaseMain.runTestCase(TestCaseMain.java:114)
	at com.kms.katalon.core.keyword.builtin.CallTestCaseKeyword$_callTestCase_closure1.doCall(CallTestCaseKeyword.groovy:59)
	... 20 more]]></system-out>
      <system-err><![CDATA[2020-03-16 09:01:48 - [TEST_SUITE][FAILED] - TestSuite: Test Cases/DMS/PricingConditionSupportForLots - Copy/DMSTC-2917_DownloadBidComparisonWithAPCLot FAILED.
Reason:
com.kms.katalon.core.exception.StepFailedException: Call Test Case 'Test Cases/DMS/UtilTests/CreateSourcingEvent' failed
	at com.kms.katalon.core.keyword.builtin.CallTestCaseKeyword$_callTestCase_closure1.doCall(CallTestCaseKeyword.groovy:63)
	at com.kms.katalon.core.keyword.builtin.CallTestCaseKeyword$_callTestCase_closure1.call(CallTestCaseKeyword.groovy)
	at com.kms.katalon.core.keyword.internal.KeywordMain.runKeyword(KeywordMain.groovy:66)
	at com.kms.katalon.core.keyword.builtin.CallTestCaseKeyword.callTestCase(CallTestCaseKeyword.groovy:81)
	at com.kms.katalon.core.keyword.builtin.CallTestCaseKeyword.execute(CallTestCaseKeyword.groovy:44)
	at com.kms.katalon.core.keyword.internal.KeywordExecutor.executeKeywordForPlatform(KeywordExecutor.groovy:56)
	at com.kms.katalon.core.keyword.BuiltinKeywords.callTestCase(BuiltinKeywords.groovy:334)
	at DMSTC-2917_DownloadBidComparisonWithAPCLot.run(DMSTC-2917_DownloadBidComparisonWithAPCLot:103)
	at com.kms.katalon.core.main.ScriptEngine.run(ScriptEngine.java:194)
	at com.kms.katalon.core.main.ScriptEngine.runScriptAsRawText(ScriptEngine.java:119)
	at com.kms.katalon.core.main.TestCaseExecutor.runScript(TestCaseExecutor.java:331)
	at com.kms.katalon.core.main.TestCaseExecutor.doExecute(TestCaseExecutor.java:322)
	at com.kms.katalon.core.main.TestCaseExecutor.processExecutionPhase(TestCaseExecutor.java:301)
	at com.kms.katalon.core.main.TestCaseExecutor.accessMainPhase(TestCaseExecutor.java:293)
	at com.kms.katalon.core.main.TestCaseExecutor.execute(TestCaseExecutor.java:227)
	at com.kms.katalon.core.main.TestSuiteExecutor.accessTestCaseMainPhase(TestSuiteExecutor.java:129)
	at com.kms.katalon.core.main.TestSuiteExecutor.accessTestSuiteMainPhase(TestSuiteExecutor.java:112)
	at com.kms.katalon.core.main.TestSuiteExecutor.execute(TestSuiteExecutor.java:81)
	at com.kms.katalon.core.main.TestCaseMain.startTestSuite(TestCaseMain.java:157)
	at com.kms.katalon.core.main.TestCaseMain$startTestSuite$0.call(Unknown Source)
	at TempTestSuite1584329506754.run(TempTestSuite1584329506754.groovy:35)
Caused by: com.kms.katalon.core.exception.StepFailedException: Fail to click on Object : TestObject - 'Object Repository/div_Run Stager'
Test Element : [[CRemoteWebDriver: chrome on LINUX (2031313509a64c5dfac1d73a917290f5)] -> xpath: //td[@awname = 'TestStagerForm:runStager']]

Stack Trace : com.kms.katalon.core.exception.StepFailedException: Unable to verify object 'Object Repository/Page_Ariba Spend Management/StackTrace' is not present


	at com.kms.katalon.core.util.KeywordUtil.markFailedAndStop(KeywordUtil.java:27)
	at com.kms.katalon.core.util.KeywordUtil$markFailedAndStop$1.call(Unknown Source)
	at common.util.aribakeywords.aribaClick(aribakeywords.groovy:93)
	at common.util.aribakeywords.invokeMethod(aribakeywords.groovy)
	at com.kms.katalon.core.main.CustomKeywordDelegatingMetaClass.invokeStaticMethod(CustomKeywordDelegatingMetaClass.java:49)
	at CreateSourcingEvent.run(CreateSourcingEvent:48)
	at com.kms.katalon.core.main.ScriptEngine.run(ScriptEngine.java:194)
	at com.kms.katalon.core.main.ScriptEngine.runScriptAsRawText(ScriptEngine.java:119)
	at com.kms.katalon.core.main.TestCaseExecutor.runScript(TestCaseExecutor.java:331)
	at com.kms.katalon.core.main.TestCaseExecutor.doExecute(TestCaseExecutor.java:322)
	at com.kms.katalon.core.main.TestCaseExecutor.processExecutionPhase(TestCaseExecutor.java:301)
	at com.kms.katalon.core.main.TestCaseExecutor.accessMainPhase(TestCaseExecutor.java:293)
	at com.kms.katalon.core.main.TestCaseExecutor.execute(TestCaseExecutor.java:227)
	at com.kms.katalon.core.main.TestCaseMain.runTestCase(TestCaseMain.java:114)
	at com.kms.katalon.core.keyword.builtin.CallTestCaseKeyword$_callTestCase_closure1.doCall(CallTestCaseKeyword.groovy:59)
	... 20 more]]></system-err>
   </testsuite>
</testsuites>
